<?xml version="1.0" ?>
<coverage version="7.14.1" timestamp="1780838557366" lines-valid="10243" lines-covered="8221" line-rate="0.8026" branches-valid="3468" branches-covered="2283" branch-rate="0.6583" complexity="0">
	<!-- Generated by coverage.py: https://coverage.readthedocs.io/en/7.14.1 -->
	<!-- Based on https://raw.githubusercontent.com/cobertura/web/master/htdocs/xml/coverage-04.dtd -->
	<sources>
		<source>/Users/jmajor/projects/lsmc/daylily-ephemeral-cluster/daylily_ec</source>
	</sources>
	<packages>
		<package name="." line-rate="0.7808" branch-rate="0.6378" complexity="0">
			<classes>
				<class name="__init__.py" filename="__init__.py" complexity="0" line-rate="1" branch-rate="1">
					<methods/>
					<lines>
						<line number="8" hits="1"/>
						<line number="10" hits="1"/>
						<line number="12" hits="1"/>
						<line number="15" hits="1"/>
						<line number="16" hits="1" branch="true" condition-coverage="100% (2/2)"/>
						<line number="17" hits="1"/>
						<line number="19" hits="1"/>
						<line number="20" hits="1"/>
						<line number="23" hits="1"/>
					</lines>
				</class>
				<class name="__main__.py" filename="__main__.py" complexity="0" line-rate="0" branch-rate="1">
					<methods/>
					<lines>
						<line number="3" hits="0"/>
						<line number="5" hits="0"/>
					</lines>
				</class>
				<class name="_registry_v2.py" filename="_registry_v2.py" complexity="0" line-rate="0.9375" branch-rate="0.7">
					<methods/>
					<lines>
						<line number="3" hits="1"/>
						<line number="5" hits="1"/>
						<line number="6" hits="1"/>
						<line number="8" hits="1"/>
						<line number="9" hits="1"/>
						<line number="11" hits="1"/>
						<line number="13" hits="1"/>
						<line number="14" hits="1"/>
						<line number="15" hits="1"/>
						<line number="16" hits="1"/>
						<line number="21" hits="1"/>
						<line number="26" hits="1"/>
						<line number="32" hits="1"/>
						<line number="39" hits="1"/>
						<line number="42" hits="1"/>
						<line number="49" hits="1"/>
						<line number="59" hits="1"/>
						<line number="61" hits="1"/>
						<line number="64" hits="1"/>
						<line number="71" hits="1" branch="true" condition-coverage="100% (2/2)"/>
						<line number="72" hits="1"/>
						<line number="73" hits="1" branch="true" condition-coverage="50% (1/2)" missing-branches="74"/>
						<line number="74" hits="0"/>
						<line number="75" hits="1" branch="true" condition-coverage="50% (1/2)" missing-branches="76"/>
						<line number="76" hits="0"/>
						<line number="77" hits="1" branch="true" condition-coverage="50% (1/2)" missing-branches="81"/>
						<line number="78" hits="1"/>
						<line number="80" hits="1"/>
						<line number="81" hits="1" branch="true" condition-coverage="100% (2/2)"/>
						<line number="82" hits="1"/>
						<line number="91" hits="1"/>
						<line number="98" hits="1"/>
					</lines>
				</class>
				<class name="analysis_identity.py" filename="analysis_identity.py" complexity="0" line-rate="0.8889" branch-rate="0.6667">
					<methods/>
					<lines>
						<line number="3" hits="1"/>
						<line number="5" hits="1"/>
						<line number="8" hits="1"/>
						<line number="11" hits="1"/>
						<line number="15" hits="1"/>
						<line number="17" hits="1"/>
						<line number="18" hits="1" branch="true" condition-coverage="50% (1/2)" missing-branches="19"/>
						<line number="19" hits="0"/>
						<line number="20" hits="1" branch="true" condition-coverage="100% (2/2)"/>
						<line number="21" hits="1"/>
						<line number="25" hits="1" branch="true" condition-coverage="50% (1/2)" missing-branches="26"/>
						<line number="26" hits="0"/>
						<line number="27" hits="1"/>
						<line number="30" hits="1"/>
						<line number="34" hits="1"/>
						<line number="35" hits="1"/>
						<line number="36" hits="1"/>
						<line number="37" hits="1"/>
					</lines>
				</class>
				<class name="cli.py" filename="cli.py" complexity="0" line-rate="0.7569" branch-rate="0.6135">
					<methods/>
					<lines>
						<line number="3" hits="1"/>
						<line number="5" hits="1"/>
						<line number="6" hits="1"/>
						<line number="7" hits="1"/>
						<line number="8" hits="1"/>
						<line number="9" hits="1"/>
						<line number="10" hits="1"/>
						<line number="11" hits="1"/>
						<line number="12" hits="1"/>
						<line number="13" hits="1"/>
						<line number="14" hits="1"/>
						<line number="15" hits="1"/>
						<line number="16" hits="1"/>
						<line number="18" hits="1"/>
						<line number="19" hits="1"/>
						<line number="20" hits="1"/>
						<line number="21" hits="1"/>
						<line number="22" hits="1"/>
						<line number="23" hits="1"/>
						<line number="24" hits="1"/>
						<line number="25" hits="1"/>
						<line number="38" hits="1"/>
						<line number="50" hits="1"/>
						<line number="53" hits="1"/>
						<line number="56" hits="1"/>
						<line number="64" hits="1"/>
						<line number="65" hits="1"/>
						<line number="67" hits="1"/>
						<line number="68" hits="1"/>
						<line number="72" hits="1"/>
						<line number="76" hits="1" branch="true" condition-coverage="50% (1/2)" missing-branches="77"/>
						<line number="77" hits="0"/>
						<line number="78" hits="1" branch="true" condition-coverage="100% (2/2)"/>
						<line number="79" hits="1"/>
						<line number="82" hits="1" branch="true" condition-coverage="50% (1/2)" missing-branches="83"/>
						<line number="83" hits="0"/>
						<line number="84" hits="1" branch="true" condition-coverage="50% (1/2)" missing-branches="85"/>
						<line number="85" hits="0"/>
						<line number="86" hits="1" branch="true" condition-coverage="100% (2/2)"/>
						<line number="87" hits="1"/>
						<line number="95" hits="1"/>
						<line number="96" hits="1"/>
						<line number="99" hits="1"/>
						<line number="104" hits="1"/>
						<line number="106" hits="1"/>
						<line number="107" hits="1" branch="true" condition-coverage="50% (1/2)" missing-branches="108"/>
						<line number="108" hits="0"/>
						<line number="109" hits="1"/>
						<line number="110" hits="1"/>
						<line number="111" hits="0"/>
						<line number="112" hits="0"/>
						<line number="115" hits="1"/>
						<line number="116" hits="1"/>
						<line number="119" hits="1"/>
						<line number="187" hits="1"/>
						<line number="188" hits="1"/>
						<line number="189" hits="1"/>
						<line number="190" hits="0"/>
						<line number="191" hits="0"/>
						<line number="194" hits="1"/>
						<line number="195" hits="1" branch="true" condition-coverage="50% (1/2)" missing-branches="196"/>
						<line number="196" hits="0"/>
						<line number="197" hits="0"/>
						<line number="198" hits="1"/>
						<line number="201" hits="1"/>
						<line number="202" hits="1"/>
						<line number="203" hits="1"/>
						<line number="204" hits="1" branch="true" condition-coverage="100% (2/2)"/>
						<line number="205" hits="1"/>
						<line number="206" hits="1" branch="true" condition-coverage="50% (1/2)" missing-branches="207"/>
						<line number="207" hits="0"/>
						<line number="211" hits="1" branch="true" condition-coverage="50% (1/2)" missing-branches="212"/>
						<line number="212" hits="0"/>
						<line number="216" hits="1"/>
						<line number="222" hits="1"/>
						<line number="223" hits="1" branch="true" condition-coverage="100% (2/2)"/>
						<line number="224" hits="1"/>
						<line number="225" hits="1"/>
						<line number="226" hits="1" branch="true" condition-coverage="100% (2/2)"/>
						<line number="227" hits="1"/>
						<line number="230" hits="1"/>
						<line number="231" hits="1"/>
						<line number="233" hits="1"/>
						<line number="234" hits="1" branch="true" condition-coverage="50% (1/2)" missing-branches="235"/>
						<line number="235" hits="0"/>
						<line number="236" hits="1"/>
						<line number="239" hits="1"/>
						<line number="240" hits="1"/>
						<line number="241" hits="1" branch="true" condition-coverage="50% (1/2)" missing-branches="243"/>
						<line number="242" hits="1"/>
						<line number="243" hits="1" branch="true" condition-coverage="50% (1/2)" missing-branches="246"/>
						<line number="244" hits="1"/>
						<line number="245" hits="1"/>
						<line number="246" hits="1"/>
						<line number="249" hits="1"/>
						<line number="250" hits="1"/>
						<line number="251" hits="1"/>
						<line number="252" hits="1"/>
						<line number="253" hits="1" branch="true" condition-coverage="100% (2/2)"/>
						<line number="254" hits="1"/>
						<line number="255" hits="1"/>
						<line number="256" hits="0"/>
						<line number="257" hits="0"/>
						<line number="259" hits="1" branch="true" condition-coverage="50% (1/2)" missing-branches="262"/>
						<line number="260" hits="1"/>
						<line number="262" hits="0"/>
						<line number="263" hits="1" branch="true" condition-coverage="50% (1/2)" missing-branches="265"/>
						<line number="264" hits="1"/>
						<line number="265" hits="1"/>
						<line number="268" hits="1"/>
						<line number="274" hits="1"/>
						<line number="276" hits="1"/>
						<line number="277" hits="1"/>
						<line number="283" hits="0"/>
						<line number="284" hits="0"/>
						<line number="286" hits="1" branch="true" condition-coverage="100% (2/2)"/>
						<line number="287" hits="1"/>
						<line number="289" hits="1"/>
						<line number="290" hits="1"/>
						<line number="291" hits="0"/>
						<line number="292" hits="0"/>
						<line number="293" hits="1" branch="true" condition-coverage="50% (1/2)" missing-branches="294"/>
						<line number="294" hits="0"/>
						<line number="295" hits="1"/>
						<line number="298" hits="1"/>
						<line number="299" hits="1"/>
						<line number="300" hits="1"/>
						<line number="312" hits="1"/>
						<line number="318" hits="1"/>
						<line number="319" hits="1" branch="true" condition-coverage="100% (2/2)"/>
						<line number="320" hits="1"/>
						<line number="321" hits="1"/>
						<line number="322" hits="1"/>
						<line number="323" hits="1"/>
						<line number="325" hits="1"/>
						<line number="327" hits="1"/>
						<line number="337" hits="1"/>
						<line number="338" hits="1"/>
						<line number="346" hits="1"/>
						<line number="347" hits="1"/>
						<line number="348" hits="1"/>
						<line number="349" hits="1"/>
						<line number="352" hits="1"/>
						<line number="353" hits="0"/>
						<line number="354" hits="0"/>
						<line number="355" hits="0"/>
						<line number="356" hits="0"/>
						<line number="357" hits="0"/>
						<line number="359" hits="1"/>
						<line number="360" hits="1"/>
						<line number="361" hits="1"/>
						<line number="364" hits="1"/>
						<line number="372" hits="1"/>
						<line number="373" hits="1" branch="true" condition-coverage="50% (1/2)" missing-branches="374"/>
						<line number="374" hits="0"/>
						<line number="376" hits="1"/>
						<line number="377" hits="1" branch="true" condition-coverage="100% (2/2)"/>
						<line number="378" hits="1" branch="true" condition-coverage="50% (1/2)" missing-branches="379"/>
						<line number="379" hits="0"/>
						<line number="380" hits="1"/>
						<line number="381" hits="1" branch="true" condition-coverage="50% (1/2)" missing-branches="382"/>
						<line number="382" hits="0"/>
						<line number="383" hits="1"/>
						<line number="387" hits="1"/>
						<line number="388" hits="1" branch="true" condition-coverage="100% (2/2)"/>
						<line number="389" hits="1"/>
						<line number="391" hits="1"/>
						<line number="396" hits="1" branch="true" condition-coverage="100% (2/2)"/>
						<line number="397" hits="1"/>
						<line number="398" hits="1"/>
						<line number="399" hits="1"/>
						<line number="402" hits="1"/>
						<line number="408" hits="1"/>
						<line number="422" hits="1"/>
						<line number="429" hits="1"/>
						<line number="430" hits="1" branch="true" condition-coverage="50% (1/2)" missing-branches="431"/>
						<line number="431" hits="0"/>
						<line number="432" hits="0"/>
						<line number="433" hits="1"/>
						<line number="434" hits="1" branch="true" condition-coverage="100% (2/2)"/>
						<line number="435" hits="1"/>
						<line number="440" hits="1"/>
						<line number="445" hits="1"/>
						<line number="446" hits="1"/>
						<line number="447" hits="1" branch="true" condition-coverage="100% (2/2)"/>
						<line number="448" hits="1"/>
						<line number="456" hits="1"/>
						<line number="458" hits="1" branch="true" condition-coverage="50% (1/2)" missing-branches="459"/>
						<line number="459" hits="0"/>
						<line number="470" hits="0"/>
						<line number="481" hits="0"/>
						<line number="482" hits="0"/>
						<line number="483" hits="0" branch="true" condition-coverage="0% (0/2)" missing-branches="484,498"/>
						<line number="484" hits="0"/>
						<line number="498" hits="0"/>
						<line number="500" hits="1"/>
						<line number="510" hits="1"/>
						<line number="520" hits="1"/>
						<line number="521" hits="1"/>
						<line number="522" hits="1" branch="true" condition-coverage="100% (2/2)"/>
						<line number="523" hits="1"/>
						<line number="538" hits="1"/>
						<line number="592" hits="1"/>
						<line number="594" hits="1"/>
						<line number="595" hits="1"/>
						<line number="596" hits="1" branch="true" condition-coverage="100% (2/2)"/>
						<line number="597" hits="1"/>
						<line number="600" hits="1" branch="true" condition-coverage="100% (2/2)"/>
						<line number="601" hits="1"/>
						<line number="603" hits="1"/>
						<line number="604" hits="1"/>
						<line number="614" hits="1"/>
						<line number="617" hits="1"/>
						<line number="651" hits="1"/>
						<line number="652" hits="1"/>
						<line number="653" hits="1"/>
						<line number="658" hits="1"/>
						<line number="659" hits="1"/>
						<line number="660" hits="1"/>
						<line number="661" hits="1"/>
						<line number="662" hits="1" branch="true" condition-coverage="50% (1/2)" missing-branches="663"/>
						<line number="663" hits="0"/>
						<line number="666" hits="1"/>
						<line number="677" hits="0"/>
						<line number="678" hits="0"/>
						<line number="680" hits="1"/>
						<line number="691" hits="1" branch="true" condition-coverage="50% (1/2)" missing-branches="692"/>
						<line number="692" hits="0"/>
						<line number="693" hits="0"/>
						<line number="695" hits="1"/>
						<line number="696" hits="1"/>
						<line number="697" hits="1"/>
						<line number="698" hits="1"/>
						<line number="699" hits="1"/>
						<line number="700" hits="1"/>
						<line number="701" hits="1"/>
						<line number="702" hits="1"/>
						<line number="703" hits="1" branch="true" condition-coverage="50% (1/2)" missing-branches="exit"/>
						<line number="704" hits="1"/>
						<line number="707" hits="1"/>
						<line number="741" hits="1"/>
						<line number="743" hits="1"/>
						<line number="744" hits="1" branch="true" condition-coverage="50% (1/2)" missing-branches="747"/>
						<line number="745" hits="1"/>
						<line number="747" hits="1"/>
						<line number="748" hits="1"/>
						<line number="756" hits="1"/>
						<line number="759" hits="1"/>
						<line number="778" hits="1"/>
						<line number="779" hits="1"/>
						<line number="780" hits="1"/>
						<line number="781" hits="1"/>
						<line number="787" hits="1"/>
						<line number="788" hits="1" branch="true" condition-coverage="50% (1/2)" missing-branches="789"/>
						<line number="789" hits="0"/>
						<line number="791" hits="1"/>
						<line number="792" hits="1" branch="true" condition-coverage="50% (1/2)" missing-branches="793"/>
						<line number="793" hits="0"/>
						<line number="794" hits="0"/>
						<line number="796" hits="1"/>
						<line number="797" hits="1"/>
						<line number="799" hits="1"/>
						<line number="800" hits="1"/>
						<line number="801" hits="1"/>
						<line number="802" hits="0"/>
						<line number="803" hits="0"/>
						<line number="804" hits="0"/>
						<line number="806" hits="1"/>
						<line number="815" hits="1"/>
						<line number="816" hits="1" branch="true" condition-coverage="50% (1/2)" missing-branches="817"/>
						<line number="817" hits="0"/>
						<line number="819" hits="1"/>
						<line number="821" hits="1" branch="true" condition-coverage="50% (1/2)" missing-branches="822"/>
						<line number="822" hits="0"/>
						<line number="823" hits="0"/>
						<line number="825" hits="1"/>
						<line number="826" hits="1"/>
						<line number="829" hits="1"/>
						<line number="843" hits="1"/>
						<line number="844" hits="1"/>
						<line number="845" hits="1" branch="true" condition-coverage="100% (2/2)"/>
						<line number="846" hits="1"/>
						<line number="847" hits="1"/>
						<line number="849" hits="1"/>
						<line number="850" hits="1"/>
						<line number="852" hits="1"/>
						<line number="853" hits="1"/>
						<line number="859" hits="1"/>
						<line number="860" hits="1"/>
						<line number="861" hits="1"/>
						<line number="863" hits="1" branch="true" condition-coverage="100% (2/2)"/>
						<line number="864" hits="1"/>
						<line number="865" hits="1"/>
						<line number="867" hits="1"/>
						<line number="868" hits="1"/>
						<line number="869" hits="1"/>
						<line number="870" hits="1"/>
						<line number="871" hits="1"/>
						<line number="873" hits="1"/>
						<line number="874" hits="1" branch="true" condition-coverage="100% (2/2)"/>
						<line number="875" hits="1"/>
						<line number="876" hits="1"/>
						<line number="878" hits="1"/>
						<line number="879" hits="1" branch="true" condition-coverage="100% (2/2)"/>
						<line number="880" hits="1"/>
						<line number="881" hits="1"/>
						<line number="887" hits="0"/>
						<line number="888" hits="0"/>
						<line number="889" hits="0"/>
						<line number="891" hits="1" branch="true" condition-coverage="100% (2/2)"/>
						<line number="892" hits="1"/>
						<line number="893" hits="1"/>
						<line number="895" hits="1"/>
						<line number="896" hits="1"/>
						<line number="897" hits="0"/>
						<line number="898" hits="0"/>
						<line number="900" hits="1"/>
						<line number="908" hits="1"/>
						<line number="909" hits="1" branch="true" condition-coverage="100% (2/2)"/>
						<line number="910" hits="1"/>
						<line number="911" hits="1"/>
						<line number="913" hits="1"/>
						<line number="914" hits="1"/>
						<line number="915" hits="1"/>
						<line number="916" hits="1"/>
						<line number="917" hits="1"/>
						<line number="918" hits="1" branch="true" condition-coverage="100% (2/2)"/>
						<line number="919" hits="1"/>
						<line number="922" hits="1"/>
						<line number="923" hits="1"/>
						<line number="924" hits="1" branch="true" condition-coverage="50% (1/2)" missing-branches="925"/>
						<line number="925" hits="0"/>
						<line number="926" hits="0"/>
						<line number="927" hits="1"/>
						<line number="930" hits="1"/>
						<line number="954" hits="1"/>
						<line number="956" hits="1"/>
						<line number="957" hits="1"/>
						<line number="958" hits="1"/>
						<line number="959" hits="1"/>
						<line number="960" hits="1"/>
						<line number="961" hits="1" branch="true" condition-coverage="100% (2/2)"/>
						<line number="962" hits="1"/>
						<line number="967" hits="1"/>
						<line number="976" hits="1"/>
						<line number="977" hits="1"/>
						<line number="979" hits="1"/>
						<line number="980" hits="1" branch="true" condition-coverage="100% (2/2)"/>
						<line number="981" hits="1"/>
						<line number="982" hits="1"/>
						<line number="983" hits="1"/>
						<line number="991" hits="1"/>
						<line number="1011" hits="1"/>
						<line number="1013" hits="1"/>
						<line number="1014" hits="1"/>
						<line number="1015" hits="1"/>
						<line number="1020" hits="0"/>
						<line number="1021" hits="0"/>
						<line number="1023" hits="1" branch="true" condition-coverage="50% (1/2)" missing-branches="1026"/>
						<line number="1024" hits="1"/>
						<line number="1025" hits="1"/>
						<line number="1026" hits="0"/>
						<line number="1029" hits="1"/>
						<line number="1064" hits="1"/>
						<line number="1066" hits="1"/>
						<line number="1067" hits="1"/>
						<line number="1068" hits="1"/>
						<line number="1069" hits="0"/>
						<line number="1070" hits="0"/>
						<line number="1071" hits="1"/>
						<line number="1072" hits="1"/>
						<line number="1073" hits="1"/>
						<line number="1075" hits="1"/>
						<line number="1076" hits="1"/>
						<line number="1077" hits="1"/>
						<line number="1082" hits="0"/>
						<line number="1083" hits="0"/>
						<line number="1085" hits="1"/>
						<line number="1086" hits="1" branch="true" condition-coverage="100% (2/2)"/>
						<line number="1087" hits="1"/>
						<line number="1093" hits="1" branch="true" condition-coverage="50% (1/2)" missing-branches="1094"/>
						<line number="1094" hits="0"/>
						<line number="1096" hits="1"/>
						<line number="1097" hits="1"/>
						<line number="1099" hits="1" branch="true" condition-coverage="50% (1/2)" missing-branches="1100"/>
						<line number="1100" hits="0"/>
						<line number="1104" hits="0"/>
						<line number="1106" hits="1" branch="true" condition-coverage="50% (1/2)" missing-branches="1107"/>
						<line number="1107" hits="0"/>
						<line number="1111" hits="0"/>
						<line number="1113" hits="1" branch="true" condition-coverage="50% (1/2)" missing-branches="1115"/>
						<line number="1114" hits="1"/>
						<line number="1115" hits="1"/>
						<line number="1118" hits="1"/>
						<line number="1125" hits="1"/>
						<line number="1130" hits="1" branch="true" condition-coverage="100% (2/2)"/>
						<line number="1131" hits="1"/>
						<line number="1132" hits="1"/>
						<line number="1133" hits="1" branch="true" condition-coverage="50% (1/2)" missing-branches="1134"/>
						<line number="1134" hits="0"/>
						<line number="1138" hits="1" branch="true" condition-coverage="50% (1/2)" missing-branches="1139"/>
						<line number="1139" hits="0"/>
						<line number="1144" hits="1"/>
						<line number="1226" hits="1"/>
						<line number="1231" hits="1"/>
						<line number="1233" hits="1"/>
						<line number="1234" hits="1"/>
						<line number="1235" hits="1"/>
						<line number="1236" hits="1"/>
						<line number="1242" hits="1" branch="true" condition-coverage="100% (2/2)"/>
						<line number="1243" hits="1"/>
						<line number="1244" hits="1"/>
						<line number="1245" hits="1" branch="true" condition-coverage="50% (1/2)" missing-branches="1246"/>
						<line number="1246" hits="0"/>
						<line number="1249" hits="1"/>
						<line number="1250" hits="1"/>
						<line number="1251" hits="1" branch="true" condition-coverage="50% (1/2)" missing-branches="1252"/>
						<line number="1252" hits="0"/>
						<line number="1255" hits="1" branch="true" condition-coverage="50% (1/2)" missing-branches="1256"/>
						<line number="1256" hits="0"/>
						<line number="1259" hits="1" branch="true" condition-coverage="100% (2/2)"/>
						<line number="1260" hits="1"/>
						<line number="1263" hits="1"/>
						<line number="1264" hits="1"/>
						<line number="1285" hits="1"/>
						<line number="1288" hits="1"/>
						<line number="1289" hits="0" branch="true" condition-coverage="0% (0/2)" missing-branches="1290,1292"/>
						<line number="1290" hits="0"/>
						<line number="1291" hits="0"/>
						<line number="1292" hits="0"/>
						<line number="1295" hits="1"/>
						<line number="1307" hits="0"/>
						<line number="1309" hits="0"/>
						<line number="1310" hits="0"/>
						<line number="1320" hits="0"/>
						<line number="1328" hits="0"/>
						<line number="1329" hits="0"/>
						<line number="1332" hits="1"/>
						<line number="1344" hits="0"/>
						<line number="1350" hits="0"/>
						<line number="1351" hits="0"/>
						<line number="1352" hits="0"/>
						<line number="1357" hits="0"/>
						<line number="1365" hits="0"/>
						<line number="1366" hits="0"/>
						<line number="1374" hits="0"/>
						<line number="1375" hits="0"/>
						<line number="1378" hits="1"/>
						<line number="1387" hits="0"/>
						<line number="1389" hits="0"/>
						<line number="1390" hits="0"/>
						<line number="1397" hits="0"/>
						<line number="1405" hits="0"/>
						<line number="1406" hits="0"/>
						<line number="1409" hits="1"/>
						<line number="1467" hits="1"/>
						<line number="1468" hits="1"/>
						<line number="1474" hits="1"/>
						<line number="1475" hits="1"/>
						<line number="1476" hits="1" branch="true" condition-coverage="50% (1/2)" missing-branches="1477"/>
						<line number="1477" hits="0"/>
						<line number="1478" hits="1"/>
						<line number="1484" hits="1"/>
						<line number="1485" hits="1"/>
						<line number="1486" hits="1" branch="true" condition-coverage="50% (1/2)" missing-branches="1487"/>
						<line number="1487" hits="0"/>
						<line number="1490" hits="1"/>
						<line number="1491" hits="1"/>
						<line number="1509" hits="1"/>
						<line number="1512" hits="1"/>
						<line number="1546" hits="1"/>
						<line number="1552" hits="1"/>
						<line number="1553" hits="1"/>
						<line number="1560" hits="1"/>
						<line number="1561" hits="1"/>
						<line number="1564" hits="1"/>
						<line number="1566" hits="1"/>
						<line number="1567" hits="1" branch="true" condition-coverage="50% (1/2)" missing-branches="1568"/>
						<line number="1568" hits="0"/>
						<line number="1569" hits="0"/>
						<line number="1570" hits="1"/>
						<line number="1573" hits="1"/>
						<line number="1597" hits="1"/>
						<line number="1599" hits="1"/>
						<line number="1600" hits="1"/>
						<line number="1607" hits="1" branch="true" condition-coverage="50% (1/2)" missing-branches="1610"/>
						<line number="1608" hits="1"/>
						<line number="1609" hits="1"/>
						<line number="1610" hits="0"/>
						<line number="1613" hits="1"/>
						<line number="1621" hits="1"/>
						<line number="1626" hits="1"/>
						<line number="1628" hits="1"/>
						<line number="1629" hits="1"/>
						<line number="1630" hits="1"/>
						<line number="1639" hits="0"/>
						<line number="1640" hits="0" branch="true" condition-coverage="0% (0/2)" missing-branches="1641,1643"/>
						<line number="1641" hits="0"/>
						<line number="1643" hits="0"/>
						<line number="1644" hits="0"/>
						<line number="1646" hits="1" branch="true" condition-coverage="50% (1/2)" missing-branches="1650"/>
						<line number="1647" hits="1"/>
						<line number="1648" hits="1"/>
						<line number="1650" hits="0"/>
						<line number="1659" hits="0" branch="true" condition-coverage="0% (0/2)" missing-branches="1660,1669"/>
						<line number="1660" hits="0" branch="true" condition-coverage="0% (0/2)" missing-branches="1661,1662"/>
						<line number="1661" hits="0"/>
						<line number="1662" hits="0"/>
						<line number="1663" hits="0" branch="true" condition-coverage="0% (0/2)" missing-branches="1664,1665"/>
						<line number="1664" hits="0"/>
						<line number="1665" hits="0" branch="true" condition-coverage="0% (0/2)" missing-branches="1666,1668"/>
						<line number="1666" hits="0"/>
						<line number="1668" hits="0"/>
						<line number="1669" hits="0" branch="true" condition-coverage="0% (0/2)" missing-branches="1670,1671"/>
						<line number="1670" hits="0"/>
						<line number="1671" hits="0" branch="true" condition-coverage="0% (0/2)" missing-branches="1672,1674"/>
						<line number="1672" hits="0"/>
						<line number="1674" hits="0"/>
						<line number="1675" hits="0"/>
						<line number="1678" hits="1"/>
						<line number="1702" hits="0"/>
						<line number="1711" hits="1"/>
						<line number="1735" hits="0"/>
						<line number="1744" hits="1"/>
						<line number="1768" hits="1"/>
						<line number="1777" hits="1"/>
						<line number="1806" hits="1"/>
						<line number="1808" hits="1"/>
						<line number="1809" hits="1"/>
						<line number="1820" hits="1"/>
						<line number="1826" hits="1"/>
						<line number="1828" hits="1"/>
						<line number="1829" hits="1" branch="true" condition-coverage="50% (1/2)" missing-branches="1830"/>
						<line number="1830" hits="0"/>
						<line number="1832" hits="1"/>
						<line number="1833" hits="1"/>
						<line number="1835" hits="1"/>
						<line number="1836" hits="1"/>
						<line number="1837" hits="1"/>
						<line number="1840" hits="1"/>
						<line number="1846" hits="1"/>
						<line number="1848" hits="1"/>
						<line number="1853" hits="1"/>
						<line number="1858" hits="1"/>
						<line number="1861" hits="1"/>
						<line number="1867" hits="1"/>
						<line number="1869" hits="1"/>
						<line number="1870" hits="1"/>
						<line number="1883" hits="1"/>
						<line number="1884" hits="1"/>
						<line number="1886" hits="1" branch="true" condition-coverage="100% (2/2)"/>
						<line number="1887" hits="1"/>
						<line number="1889" hits="1"/>
						<line number="1890" hits="1"/>
						<line number="1891" hits="1"/>
						<line number="1892" hits="1"/>
						<line number="1894" hits="1" branch="true" condition-coverage="50% (1/2)" missing-branches="1895"/>
						<line number="1895" hits="0"/>
						<line number="1896" hits="1"/>
						<line number="1899" hits="1"/>
						<line number="1900" hits="1"/>
						<line number="1901" hits="1"/>
						<line number="1904" hits="1"/>
						<line number="1929" hits="1"/>
						<line number="1930" hits="1"/>
						<line number="1932" hits="1"/>
						<line number="1933" hits="1"/>
						<line number="1934" hits="1"/>
						<line number="1939" hits="1"/>
						<line number="1945" hits="1"/>
						<line number="1951" hits="1"/>
						<line number="1955" hits="1"/>
						<line number="1956" hits="1" branch="true" condition-coverage="100% (2/2)"/>
						<line number="1957" hits="1"/>
						<line number="1958" hits="1"/>
						<line number="1966" hits="1"/>
						<line number="1967" hits="0"/>
						<line number="1970" hits="1"/>
						<line number="1990" hits="1"/>
						<line number="1992" hits="1"/>
						<line number="1993" hits="1"/>
						<line number="1994" hits="1"/>
						<line number="1999" hits="1"/>
						<line number="2004" hits="1"/>
						<line number="2005" hits="1"/>
						<line number="2007" hits="1" branch="true" condition-coverage="50% (1/2)" missing-branches="2010"/>
						<line number="2008" hits="1"/>
						<line number="2009" hits="1"/>
						<line number="2010" hits="0"/>
						<line number="2013" hits="1"/>
						<line number="2033" hits="1"/>
						<line number="2039" hits="1"/>
						<line number="2040" hits="1"/>
						<line number="2042" hits="1"/>
						<line number="2043" hits="1"/>
						<line number="2044" hits="1"/>
						<line number="2049" hits="1"/>
						<line number="2055" hits="1"/>
						<line number="2063" hits="1"/>
						<line number="2064" hits="1" branch="true" condition-coverage="50% (1/2)" missing-branches="2066"/>
						<line number="2065" hits="1"/>
						<line number="2066" hits="1"/>
						<line number="2067" hits="0"/>
						<line number="2068" hits="0"/>
						<line number="2070" hits="1" branch="true" condition-coverage="50% (1/2)" missing-branches="2072"/>
						<line number="2071" hits="1"/>
						<line number="2072" hits="1" branch="true" condition-coverage="50% (1/2)" missing-branches="2073"/>
						<line number="2073" hits="0"/>
						<line number="2076" hits="1"/>
						<line number="2101" hits="1"/>
						<line number="2102" hits="1"/>
						<line number="2103" hits="1"/>
						<line number="2104" hits="1"/>
						<line number="2106" hits="1"/>
						<line number="2107" hits="1"/>
						<line number="2108" hits="1"/>
						<line number="2113" hits="1"/>
						<line number="2114" hits="1"/>
						<line number="2120" hits="1"/>
						<line number="2127" hits="1" branch="true" condition-coverage="50% (1/2)" missing-branches="2128"/>
						<line number="2128" hits="0"/>
						<line number="2129" hits="0"/>
						<line number="2130" hits="0"/>
						<line number="2132" hits="1"/>
						<line number="2135" hits="1"/>
						<line number="2136" hits="0"/>
						<line number="2138" hits="0"/>
						<line number="2141" hits="1"/>
						<line number="2142" hits="1"/>
						<line number="2144" hits="1"/>
						<line number="2147" hits="1"/>
						<line number="2148" hits="1"/>
						<line number="2150" hits="1" branch="true" condition-coverage="50% (1/2)" missing-branches="2155"/>
						<line number="2151" hits="1" branch="true" condition-coverage="100% (2/2)"/>
						<line number="2152" hits="1"/>
						<line number="2153" hits="1" branch="true" condition-coverage="50% (1/2)" missing-branches="2150"/>
						<line number="2154" hits="1"/>
						<line number="2155" hits="0"/>
						<line number="2158" hits="1"/>
						<line number="2159" hits="1"/>
						<line number="2160" hits="1" branch="true" condition-coverage="100% (2/2)"/>
						<line number="2161" hits="1" branch="true" condition-coverage="100% (2/2)"/>
						<line number="2162" hits="1"/>
						<line number="2163" hits="1" branch="true" condition-coverage="100% (2/2)"/>
						<line number="2164" hits="1"/>
						<line number="2165" hits="1" branch="true" condition-coverage="50% (1/2)" missing-branches="2160"/>
						<line number="2166" hits="1"/>
						<line number="2167" hits="1"/>
						<line number="2170" hits="1"/>
						<line number="2255" hits="1"/>
						<line number="2256" hits="1"/>
						<line number="2267" hits="1" branch="true" condition-coverage="100% (2/2)"/>
						<line number="2268" hits="1"/>
						<line number="2269" hits="1" branch="true" condition-coverage="50% (1/2)" missing-branches="2271"/>
						<line number="2270" hits="1"/>
						<line number="2271" hits="1" branch="true" condition-coverage="50% (1/2)" missing-branches="2273"/>
						<line number="2272" hits="1"/>
						<line number="2273" hits="1" branch="true" condition-coverage="50% (1/2)" missing-branches="2275"/>
						<line number="2274" hits="1"/>
						<line number="2275" hits="1" branch="true" condition-coverage="50% (1/2)" missing-branches="2276"/>
						<line number="2276" hits="0"/>
						<line number="2277" hits="1" branch="true" condition-coverage="50% (1/2)" missing-branches="2278"/>
						<line number="2278" hits="0"/>
						<line number="2279" hits="1" branch="true" condition-coverage="50% (1/2)" missing-branches="2280"/>
						<line number="2280" hits="0"/>
						<line number="2281" hits="1" branch="true" condition-coverage="50% (1/2)" missing-branches="2283"/>
						<line number="2282" hits="1"/>
						<line number="2283" hits="1" branch="true" condition-coverage="50% (1/2)" missing-branches="2285"/>
						<line number="2284" hits="1"/>
						<line number="2285" hits="1" branch="true" condition-coverage="50% (1/2)" missing-branches="2286"/>
						<line number="2286" hits="0"/>
						<line number="2288" hits="1"/>
						<line number="2289" hits="1"/>
						<line number="2290" hits="0"/>
						<line number="2291" hits="0"/>
						<line number="2292" hits="1"/>
						<line number="2295" hits="1"/>
						<line number="2444" hits="1"/>
						<line number="2445" hits="1"/>
						<line number="2446" hits="1"/>
						<line number="2448" hits="1"/>
						<line number="2449" hits="1"/>
						<line number="2450" hits="1"/>
						<line number="2451" hits="1"/>
						<line number="2455" hits="1"/>
						<line number="2462" hits="1"/>
						<line number="2463" hits="1"/>
						<line number="2464" hits="1"/>
						<line number="2465" hits="1"/>
						<line number="2466" hits="1" branch="true" condition-coverage="100% (2/2)"/>
						<line number="2467" hits="1"/>
						<line number="2472" hits="1"/>
						<line number="2473" hits="1" branch="true" condition-coverage="50% (1/2)" missing-branches="2474"/>
						<line number="2474" hits="0" branch="true" condition-coverage="0% (0/2)" missing-branches="2475,2476"/>
						<line number="2475" hits="0"/>
						<line number="2476" hits="0" branch="true" condition-coverage="0% (0/2)" missing-branches="2477,2478"/>
						<line number="2477" hits="0"/>
						<line number="2478" hits="0" branch="true" condition-coverage="0% (0/2)" missing-branches="2479,2482"/>
						<line number="2479" hits="0"/>
						<line number="2482" hits="0"/>
						<line number="2483" hits="1"/>
						<line number="2484" hits="1"/>
						<line number="2490" hits="0"/>
						<line number="2491" hits="0"/>
						<line number="2492" hits="1"/>
						<line number="2493" hits="1"/>
						<line number="2497" hits="1"/>
						<line number="2508" hits="1" branch="true" condition-coverage="100% (2/2)"/>
						<line number="2509" hits="1"/>
						<line number="2510" hits="1"/>
						<line number="2511" hits="1"/>
						<line number="2512" hits="1"/>
						<line number="2513" hits="1" branch="true" condition-coverage="50% (1/2)" missing-branches="2515"/>
						<line number="2514" hits="1"/>
						<line number="2515" hits="1" branch="true" condition-coverage="50% (1/2)" missing-branches="2517"/>
						<line number="2516" hits="1"/>
						<line number="2517" hits="1" branch="true" condition-coverage="50% (1/2)" missing-branches="2518"/>
						<line number="2518" hits="0"/>
						<line number="2520" hits="1"/>
						<line number="2521" hits="1"/>
						<line number="2522" hits="1"/>
						<line number="2523" hits="1"/>
						<line number="2524" hits="1" branch="true" condition-coverage="50% (1/2)" missing-branches="2526"/>
						<line number="2525" hits="1"/>
						<line number="2526" hits="1" branch="true" condition-coverage="50% (1/2)" missing-branches="2527"/>
						<line number="2527" hits="0"/>
						<line number="2529" hits="1"/>
						<line number="2530" hits="1"/>
						<line number="2531" hits="1"/>
						<line number="2532" hits="1"/>
						<line number="2555" hits="1"/>
						<line number="2556" hits="1"/>
						<line number="2557" hits="1"/>
						<line number="2558" hits="1"/>
						<line number="2559" hits="1" branch="true" condition-coverage="50% (1/2)" missing-branches="2561"/>
						<line number="2560" hits="1"/>
						<line number="2561" hits="1" branch="true" condition-coverage="50% (1/2)" missing-branches="2562"/>
						<line number="2562" hits="0"/>
						<line number="2564" hits="1"/>
						<line number="2565" hits="1"/>
						<line number="2566" hits="1"/>
						<line number="2567" hits="1"/>
						<line number="2568" hits="1"/>
						<line number="2592" hits="1"/>
						<line number="2593" hits="1"/>
						<line number="2594" hits="1"/>
						<line number="2595" hits="0"/>
						<line number="2596" hits="1"/>
						<line number="2597" hits="1"/>
						<line number="2600" hits="1"/>
						<line number="2773" hits="1"/>
						<line number="2775" hits="1"/>
						<line number="2776" hits="1"/>
						<line number="2780" hits="1"/>
						<line number="2787" hits="1" branch="true" condition-coverage="50% (1/2)" missing-branches="2788"/>
						<line number="2788" hits="0"/>
						<line number="2789" hits="1" branch="true" condition-coverage="50% (1/2)" missing-branches="2790"/>
						<line number="2790" hits="0"/>
						<line number="2791" hits="1" branch="true" condition-coverage="50% (1/2)" missing-branches="2792"/>
						<line number="2792" hits="0"/>
						<line number="2795" hits="1" branch="true" condition-coverage="100% (2/2)"/>
						<line number="2796" hits="1"/>
						<line number="2799" hits="1"/>
						<line number="2805" hits="1"/>
						<line number="2806" hits="1"/>
						<line number="2807" hits="1" branch="true" condition-coverage="100% (2/2)"/>
						<line number="2840" hits="1" branch="true" condition-coverage="100% (2/2)"/>
						<line number="2841" hits="1"/>
						<line number="2842" hits="1" branch="true" condition-coverage="100% (2/2)"/>
						<line number="2843" hits="1"/>
						<line number="2844" hits="1" branch="true" condition-coverage="100% (2/2)"/>
						<line number="2845" hits="1"/>
						<line number="2846" hits="1" branch="true" condition-coverage="100% (2/2)"/>
						<line number="2847" hits="1"/>
						<line number="2848" hits="1"/>
						<line number="2849" hits="1" branch="true" condition-coverage="50% (1/2)" missing-branches="2850"/>
						<line number="2850" hits="0"/>
						<line number="2851" hits="1" branch="true" condition-coverage="100% (2/2)"/>
						<line number="2852" hits="1"/>
						<line number="2853" hits="1" branch="true" condition-coverage="100% (2/2)"/>
						<line number="2854" hits="1"/>
						<line number="2855" hits="1" branch="true" condition-coverage="100% (2/2)"/>
						<line number="2856" hits="1"/>
						<line number="2858" hits="1"/>
						<line number="2859" hits="1"/>
						<line number="2860" hits="1"/>
						<line number="2861" hits="0"/>
						<line number="2864" hits="1"/>
						<line number="2883" hits="1"/>
						<line number="2884" hits="1"/>
						<line number="2886" hits="1"/>
						<line number="2887" hits="1"/>
						<line number="2888" hits="1"/>
						<line number="2889" hits="1" branch="true" condition-coverage="50% (1/2)" missing-branches="2890"/>
						<line number="2890" hits="0"/>
						<line number="2891" hits="0"/>
						<line number="2892" hits="0" branch="true" condition-coverage="0% (0/2)" missing-branches="2893,2894"/>
						<line number="2893" hits="0"/>
						<line number="2894" hits="0"/>
						<line number="2895" hits="0"/>
						<line number="2900" hits="1" branch="true" condition-coverage="50% (1/2)" missing-branches="2909"/>
						<line number="2901" hits="1"/>
						<line number="2902" hits="1"/>
						<line number="2907" hits="1" branch="true" condition-coverage="50% (1/2)" missing-branches="2908"/>
						<line number="2908" hits="0"/>
						<line number="2909" hits="1" branch="true" condition-coverage="50% (1/2)" missing-branches="2910"/>
						<line number="2910" hits="0"/>
						<line number="2911" hits="0"/>
						<line number="2912" hits="1"/>
						<line number="2913" hits="0"/>
						<line number="2914" hits="0"/>
						<line number="2917" hits="1"/>
						<line number="2918" hits="1" branch="true" condition-coverage="50% (1/2)" missing-branches="2921"/>
						<line number="2919" hits="1"/>
						<line number="2920" hits="1"/>
						<line number="2921" hits="0"/>
						<line number="2924" hits="1"/>
						<line number="2945" hits="0"/>
						<line number="2953" hits="0"/>
						<line number="2958" hits="0"/>
						<line number="2978" hits="0"/>
						<line number="2981" hits="1"/>
						<line number="3044" hits="1"/>
						<line number="3046" hits="1"/>
						<line number="3047" hits="1"/>
						<line number="3067" hits="1"/>
						<line number="3068" hits="0"/>
						<line number="3069" hits="0"/>
						<line number="3072" hits="1"/>
						<line number="3100" hits="0"/>
						<line number="3102" hits="0"/>
						<line number="3103" hits="0"/>
						<line number="3123" hits="0"/>
						<line number="3124" hits="0"/>
						<line number="3125" hits="0"/>
						<line number="3128" hits="1"/>
						<line number="3137" hits="0"/>
						<line number="3139" hits="0"/>
						<line number="3140" hits="0"/>
						<line number="3147" hits="0"/>
						<line number="3148" hits="0"/>
						<line number="3149" hits="0"/>
						<line number="3150" hits="0"/>
						<line number="3153" hits="1"/>
						<line number="3163" hits="0"/>
						<line number="3165" hits="0"/>
						<line number="3166" hits="0"/>
						<line number="3174" hits="0"/>
						<line number="3175" hits="0"/>
						<line number="3176" hits="0"/>
						<line number="3179" hits="1"/>
						<line number="3191" hits="1"/>
						<line number="3193" hits="1"/>
						<line number="3194" hits="1"/>
						<line number="3204" hits="1"/>
						<line number="3205" hits="0"/>
						<line number="3206" hits="0"/>
						<line number="3209" hits="1"/>
						<line number="3221" hits="1"/>
						<line number="3223" hits="1"/>
						<line number="3224" hits="1"/>
						<line number="3234" hits="1"/>
						<line number="3235" hits="0"/>
						<line number="3236" hits="0"/>
						<line number="3239" hits="1"/>
						<line number="3240" hits="1"/>
						<line number="3242" hits="1" branch="true" condition-coverage="50% (1/2)" missing-branches="3243"/>
						<line number="3243" hits="0"/>
						<line number="3244" hits="1" branch="true" condition-coverage="100% (2/2)"/>
						<line number="3245" hits="1"/>
						<line number="3246" hits="1"/>
						<line number="3249" hits="1"/>
						<line number="3259" hits="1"/>
						<line number="3260" hits="1"/>
						<line number="3262" hits="1"/>
						<line number="3263" hits="1"/>
						<line number="3264" hits="1"/>
						<line number="3269" hits="1"/>
						<line number="3275" hits="1"/>
						<line number="3276" hits="1" branch="true" condition-coverage="100% (2/2)"/>
						<line number="3277" hits="1"/>
						<line number="3279" hits="1"/>
						<line number="3280" hits="1"/>
						<line number="3293" hits="1"/>
						<line number="3301" hits="0"/>
						<line number="3302" hits="0"/>
						<line number="3305" hits="1"/>
						<line number="3306" hits="1"/>
						<line number="3308" hits="1"/>
						<line number="3309" hits="1"/>
						<line number="3310" hits="1"/>
						<line number="3311" hits="1"/>
						<line number="3312" hits="1"/>
						<line number="3313" hits="1" branch="true" condition-coverage="50% (1/2)" missing-branches="3314"/>
						<line number="3314" hits="0"/>
						<line number="3315" hits="1"/>
						<line number="3316" hits="1" branch="true" condition-coverage="50% (1/2)" missing-branches="3317"/>
						<line number="3317" hits="0"/>
						<line number="3318" hits="1"/>
						<line number="3321" hits="1"/>
						<line number="3330" hits="1"/>
						<line number="3332" hits="1"/>
						<line number="3333" hits="1"/>
						<line number="3334" hits="1"/>
						<line number="3342" hits="1"/>
						<line number="3343" hits="0"/>
						<line number="3344" hits="0"/>
						<line number="3346" hits="1" branch="true" condition-coverage="50% (1/2)" missing-branches="3349"/>
						<line number="3347" hits="1"/>
						<line number="3348" hits="1"/>
						<line number="3349" hits="0"/>
						<line number="3352" hits="1"/>
						<line number="3362" hits="1"/>
						<line number="3363" hits="1"/>
						<line number="3372" hits="1" branch="true" condition-coverage="50% (1/2)" missing-branches="3374"/>
						<line number="3373" hits="1"/>
						<line number="3374" hits="1" branch="true" condition-coverage="50% (1/2)" missing-branches="3375"/>
						<line number="3375" hits="0"/>
						<line number="3378" hits="1"/>
						<line number="3379" hits="1"/>
						<line number="3381" hits="1"/>
						<line number="3382" hits="1" branch="true" condition-coverage="50% (1/2)" missing-branches="3388"/>
						<line number="3383" hits="1" branch="true" condition-coverage="100% (2/2)"/>
						<line number="3384" hits="1"/>
						<line number="3385" hits="1" branch="true" condition-coverage="50% (1/2)" missing-branches="3386"/>
						<line number="3386" hits="0"/>
						<line number="3387" hits="1"/>
						<line number="3388" hits="0"/>
						<line number="3391" hits="1"/>
						<line number="3415" hits="1"/>
						<line number="3416" hits="1"/>
						<line number="3418" hits="1"/>
						<line number="3419" hits="1" branch="true" condition-coverage="100% (2/2)"/>
						<line number="3420" hits="1"/>
						<line number="3421" hits="1" branch="true" condition-coverage="50% (1/2)" missing-branches="3422"/>
						<line number="3422" hits="0"/>
						<line number="3424" hits="1"/>
						<line number="3425" hits="1"/>
						<line number="3426" hits="1"/>
						<line number="3427" hits="1"/>
						<line number="3432" hits="1"/>
						<line number="3438" hits="1"/>
						<line number="3557" hits="1"/>
						<line number="3565" hits="1"/>
						<line number="3566" hits="0"/>
						<line number="3567" hits="0"/>
						<line number="3569" hits="1" branch="true" condition-coverage="50% (1/2)" missing-branches="3572"/>
						<line number="3570" hits="1"/>
						<line number="3571" hits="1"/>
						<line number="3572" hits="0"/>
						<line number="3575" hits="1"/>
						<line number="3576" hits="1"/>
						<line number="3578" hits="1"/>
						<line number="3579" hits="1"/>
						<line number="3580" hits="1"/>
						<line number="3581" hits="1"/>
						<line number="3584" hits="1"/>
						<line number="3587" hits="1"/>
						<line number="3589" hits="1"/>
						<line number="3590" hits="1"/>
						<line number="3591" hits="1" branch="true" condition-coverage="100% (2/2)"/>
						<line number="3592" hits="1"/>
						<line number="3593" hits="1"/>
						<line number="3594" hits="0"/>
						<line number="3595" hits="0"/>
						<line number="3597" hits="1"/>
						<line number="3598" hits="1" branch="true" condition-coverage="50% (1/2)" missing-branches="3602"/>
						<line number="3599" hits="1"/>
						<line number="3600" hits="1"/>
						<line number="3602" hits="0" branch="true" condition-coverage="0% (0/2)" missing-branches="3603,3605"/>
						<line number="3603" hits="0"/>
						<line number="3604" hits="0"/>
						<line number="3605" hits="0"/>
						<line number="3606" hits="0"/>
						<line number="3607" hits="0"/>
						<line number="3608" hits="0"/>
						<line number="3609" hits="0" branch="true" condition-coverage="0% (0/2)" missing-branches="exit,3610"/>
						<line number="3610" hits="0" branch="true" condition-coverage="0% (0/2)" missing-branches="3611,3613"/>
						<line number="3611" hits="0"/>
						<line number="3612" hits="0"/>
						<line number="3613" hits="0"/>
						<line number="3624" hits="1"/>
						<line number="3625" hits="1"/>
						<line number="3626" hits="1"/>
						<line number="3628" hits="1"/>
						<line number="3629" hits="1" branch="true" condition-coverage="100% (2/2)"/>
						<line number="3630" hits="1"/>
						<line number="3631" hits="1"/>
						<line number="3632" hits="0"/>
						<line number="3633" hits="0"/>
						<line number="3634" hits="1" branch="true" condition-coverage="50% (1/2)" missing-branches="3629"/>
						<line number="3635" hits="1"/>
						<line number="3636" hits="1" branch="true" condition-coverage="50% (1/2)" missing-branches="3637"/>
						<line number="3637" hits="0"/>
						<line number="3638" hits="1"/>
						<line number="3641" hits="1"/>
						<line number="3656" hits="1"/>
						<line number="3658" hits="1"/>
						<line number="3659" hits="1" branch="true" condition-coverage="50% (1/2)" missing-branches="3660"/>
						<line number="3660" hits="0"/>
						<line number="3661" hits="1"/>
						<line number="3666" hits="0"/>
						<line number="3667" hits="0"/>
						<line number="3669" hits="1" branch="true" condition-coverage="50% (1/2)" missing-branches="3672"/>
						<line number="3670" hits="1"/>
						<line number="3671" hits="1"/>
						<line number="3672" hits="0"/>
						<line number="3675" hits="1"/>
						<line number="3676" hits="1"/>
						<line number="3677" hits="1"/>
						<line number="3683" hits="1"/>
						<line number="3689" hits="1"/>
						<line number="3695" hits="1"/>
						<line number="3701" hits="1"/>
						<line number="3707" hits="1"/>
						<line number="3713" hits="1"/>
						<line number="3719" hits="1"/>
						<line number="3725" hits="1"/>
						<line number="3731" hits="1"/>
						<line number="3749" hits="1"/>
						<line number="3761" hits="1"/>
						<line number="3771" hits="1"/>
						<line number="3783" hits="1"/>
						<line number="3792" hits="1"/>
						<line number="3803" hits="1"/>
						<line number="3809" hits="1"/>
						<line number="3836" hits="1"/>
						<line number="3856" hits="1"/>
						<line number="3868" hits="1"/>
						<line number="3879" hits="1"/>
						<line number="3882" hits="1"/>
						<line number="3884" hits="1"/>
						<line number="3885" hits="1"/>
						<line number="3886" hits="1"/>
						<line number="3887" hits="1"/>
						<line number="3888" hits="1"/>
						<line number="3889" hits="1"/>
						<line number="3890" hits="0"/>
						<line number="3891" hits="0"/>
						<line number="3892" hits="0"/>
						<line number="3893" hits="0"/>
						<line number="3894" hits="0"/>
						<line number="3895" hits="0"/>
						<line number="3896" hits="0"/>
						<line number="3897" hits="0"/>
						<line number="3898" hits="0"/>
						<line number="3899" hits="0"/>
						<line number="3900" hits="0"/>
						<line number="3901" hits="0"/>
						<line number="3909" hits="1"/>
						<line number="3910" hits="1"/>
						<line number="3913" hits="1" branch="true" condition-coverage="50% (1/2)" missing-branches="3914"/>
						<line number="3914" hits="0"/>
					</lines>
				</class>
				<class name="create.py" filename="create.py" complexity="0" line-rate="0.8" branch-rate="1">
					<methods/>
					<lines>
						<line number="3" hits="1"/>
						<line number="5" hits="1"/>
						<line number="7" hits="1"/>
						<line number="10" hits="1"/>
						<line number="22" hits="0"/>
					</lines>
				</class>
				<class name="headnode.py" filename="headnode.py" complexity="0" line-rate="0.7116" branch-rate="0.5625">
					<methods/>
					<lines>
						<line number="3" hits="1"/>
						<line number="5" hits="1"/>
						<line number="6" hits="1"/>
						<line number="7" hits="1"/>
						<line number="8" hits="1"/>
						<line number="9" hits="1"/>
						<line number="10" hits="1"/>
						<line number="11" hits="1"/>
						<line number="12" hits="1"/>
						<line number="14" hits="1"/>
						<line number="16" hits="1"/>
						<line number="26" hits="1"/>
						<line number="27" hits="1"/>
						<line number="28" hits="1"/>
						<line number="29" hits="1"/>
						<line number="32" hits="1"/>
						<line number="33" hits="1"/>
						<line number="36" hits="1"/>
						<line number="37" hits="1"/>
						<line number="38" hits="1"/>
						<line number="39" hits="1"/>
						<line number="40" hits="1"/>
						<line number="41" hits="1"/>
						<line number="42" hits="1"/>
						<line number="45" hits="1"/>
						<line number="46" hits="1"/>
						<line number="47" hits="1"/>
						<line number="48" hits="1"/>
						<line number="49" hits="1"/>
						<line number="50" hits="1"/>
						<line number="51" hits="1"/>
						<line number="52" hits="1"/>
						<line number="53" hits="1"/>
						<line number="54" hits="1"/>
						<line number="55" hits="1"/>
						<line number="56" hits="1"/>
						<line number="57" hits="1"/>
						<line number="58" hits="1"/>
						<line number="61" hits="1"/>
						<line number="62" hits="1"/>
						<line number="65" hits="1"/>
						<line number="66" hits="1"/>
						<line number="69" hits="1"/>
						<line number="70" hits="1"/>
						<line number="71" hits="1"/>
						<line number="72" hits="1" branch="true" condition-coverage="50% (1/2)" missing-branches="73"/>
						<line number="73" hits="0"/>
						<line number="74" hits="1"/>
						<line number="75" hits="1" branch="true" condition-coverage="50% (1/2)" missing-branches="76"/>
						<line number="76" hits="0"/>
						<line number="77" hits="1"/>
						<line number="80" hits="1"/>
						<line number="81" hits="1"/>
						<line number="82" hits="1" branch="true" condition-coverage="50% (1/2)" missing-branches="88"/>
						<line number="83" hits="1" branch="true" condition-coverage="100% (2/2)"/>
						<line number="84" hits="1" branch="true" condition-coverage="50% (1/2)" missing-branches="82"/>
						<line number="85" hits="1"/>
						<line number="86" hits="1" branch="true" condition-coverage="50% (1/2)" missing-branches="84"/>
						<line number="87" hits="1"/>
						<line number="88" hits="0"/>
						<line number="91" hits="1"/>
						<line number="92" hits="1"/>
						<line number="93" hits="1"/>
						<line number="96" hits="1"/>
						<line number="97" hits="1" branch="true" condition-coverage="50% (1/2)" missing-branches="98"/>
						<line number="98" hits="0"/>
						<line number="99" hits="1"/>
						<line number="102" hits="1"/>
						<line number="103" hits="1" branch="true" condition-coverage="50% (1/2)" missing-branches="104"/>
						<line number="104" hits="0"/>
						<line number="105" hits="1"/>
						<line number="111" hits="1"/>
						<line number="112" hits="1" branch="true" condition-coverage="50% (1/2)" missing-branches="113"/>
						<line number="113" hits="0"/>
						<line number="114" hits="1"/>
						<line number="117" hits="1"/>
						<line number="118" hits="1" branch="true" condition-coverage="100% (2/2)"/>
						<line number="119" hits="1"/>
						<line number="120" hits="1"/>
						<line number="121" hits="1" branch="true" condition-coverage="100% (2/2)"/>
						<line number="122" hits="1"/>
						<line number="123" hits="1" branch="true" condition-coverage="50% (1/2)" missing-branches="124"/>
						<line number="124" hits="0"/>
						<line number="125" hits="1"/>
						<line number="126" hits="1"/>
						<line number="127" hits="1"/>
						<line number="130" hits="1"/>
						<line number="131" hits="1"/>
						<line number="132" hits="1" branch="true" condition-coverage="100% (2/2)"/>
						<line number="133" hits="1"/>
						<line number="134" hits="1"/>
						<line number="137" hits="1"/>
						<line number="138" hits="1"/>
						<line number="139" hits="1"/>
						<line number="142" hits="1"/>
						<line number="143" hits="1"/>
						<line number="144" hits="1" branch="true" condition-coverage="50% (1/2)" missing-branches="148"/>
						<line number="145" hits="1"/>
						<line number="146" hits="0"/>
						<line number="147" hits="0"/>
						<line number="148" hits="1"/>
						<line number="157" hits="1"/>
						<line number="166" hits="1"/>
						<line number="167" hits="1" branch="true" condition-coverage="50% (1/2)" missing-branches="168"/>
						<line number="168" hits="0"/>
						<line number="169" hits="0"/>
						<line number="170" hits="1" branch="true" condition-coverage="100% (2/2)"/>
						<line number="171" hits="1"/>
						<line number="172" hits="1" branch="true" condition-coverage="100% (2/2)"/>
						<line number="173" hits="1"/>
						<line number="175" hits="1"/>
						<line number="178" hits="1"/>
						<line number="181" hits="1" branch="true" condition-coverage="50% (1/2)" missing-branches="183"/>
						<line number="182" hits="1"/>
						<line number="183" hits="1"/>
						<line number="186" hits="1"/>
						<line number="187" hits="0" branch="true" condition-coverage="0% (0/2)" missing-branches="188,189"/>
						<line number="188" hits="0"/>
						<line number="189" hits="0"/>
						<line number="192" hits="1"/>
						<line number="201" hits="1"/>
						<line number="202" hits="1"/>
						<line number="203" hits="1" branch="true" condition-coverage="50% (1/2)" missing-branches="204"/>
						<line number="204" hits="0"/>
						<line number="206" hits="1"/>
						<line number="207" hits="1" branch="true" condition-coverage="50% (1/2)" missing-branches="208"/>
						<line number="208" hits="0"/>
						<line number="210" hits="1"/>
						<line number="211" hits="1" branch="true" condition-coverage="50% (1/2)" missing-branches="212"/>
						<line number="212" hits="0"/>
						<line number="214" hits="1"/>
						<line number="215" hits="1" branch="true" condition-coverage="50% (1/2)" missing-branches="216"/>
						<line number="216" hits="0"/>
						<line number="218" hits="1"/>
						<line number="219" hits="1"/>
						<line number="228" hits="1"/>
						<line number="229" hits="1"/>
						<line number="244" hits="1" branch="true" condition-coverage="100% (2/2)"/>
						<line number="245" hits="1"/>
						<line number="247" hits="1"/>
						<line number="248" hits="1"/>
						<line number="249" hits="1"/>
						<line number="250" hits="1"/>
						<line number="251" hits="1"/>
						<line number="252" hits="1"/>
						<line number="253" hits="1"/>
						<line number="254" hits="1" branch="true" condition-coverage="100% (2/2)"/>
						<line number="255" hits="1" branch="true" condition-coverage="50% (1/2)" missing-branches="254"/>
						<line number="256" hits="1"/>
						<line number="257" hits="1"/>
						<line number="258" hits="1" branch="true" condition-coverage="100% (2/2)"/>
						<line number="259" hits="1"/>
						<line number="263" hits="1"/>
						<line number="266" hits="1"/>
						<line number="267" hits="1"/>
						<line number="268" hits="1"/>
						<line number="269" hits="1" branch="true" condition-coverage="50% (1/2)" missing-branches="272"/>
						<line number="270" hits="1"/>
						<line number="272" hits="1"/>
						<line number="305" hits="1"/>
						<line number="308" hits="1"/>
						<line number="309" hits="1"/>
						<line number="310" hits="1" branch="true" condition-coverage="100% (2/2)"/>
						<line number="311" hits="1"/>
						<line number="312" hits="1" branch="true" condition-coverage="100% (2/2)"/>
						<line number="313" hits="1"/>
						<line number="314" hits="1" branch="true" condition-coverage="100% (2/2)"/>
						<line number="315" hits="1"/>
						<line number="316" hits="1" branch="true" condition-coverage="100% (2/2)"/>
						<line number="317" hits="1"/>
						<line number="320" hits="1"/>
						<line number="323" hits="1"/>
						<line number="324" hits="0"/>
						<line number="326" hits="0"/>
						<line number="329" hits="1"/>
						<line number="330" hits="0"/>
						<line number="332" hits="0"/>
						<line number="335" hits="1"/>
						<line number="336" hits="0"/>
						<line number="337" hits="0"/>
						<line number="338" hits="0" branch="true" condition-coverage="0% (0/2)" missing-branches="339,340"/>
						<line number="339" hits="0"/>
						<line number="340" hits="0"/>
						<line number="343" hits="1"/>
						<line number="344" hits="0"/>
						<line number="347" hits="0" branch="true" condition-coverage="0% (0/2)" missing-branches="348,349"/>
						<line number="348" hits="0"/>
						<line number="349" hits="0"/>
						<line number="352" hits="1"/>
						<line number="360" hits="0"/>
						<line number="361" hits="0"/>
						<line number="362" hits="0"/>
						<line number="363" hits="0"/>
						<line number="364" hits="0"/>
						<line number="365" hits="0"/>
						<line number="367" hits="0"/>
						<line number="368" hits="0"/>
						<line number="369" hits="0"/>
						<line number="371" hits="0" branch="true" condition-coverage="0% (0/2)" missing-branches="372,395"/>
						<line number="372" hits="0"/>
						<line number="380" hits="0"/>
						<line number="387" hits="0"/>
						<line number="395" hits="0"/>
						<line number="399" hits="0"/>
						<line number="400" hits="0"/>
						<line number="408" hits="0"/>
						<line number="415" hits="0"/>
						<line number="423" hits="0"/>
						<line number="424" hits="0" branch="true" condition-coverage="0% (0/2)" missing-branches="425,427"/>
						<line number="425" hits="0" branch="true" condition-coverage="0% (0/2)" missing-branches="424,426"/>
						<line number="426" hits="0"/>
						<line number="427" hits="0"/>
						<line number="430" hits="1"/>
						<line number="431" hits="1" branch="true" condition-coverage="50% (1/2)" missing-branches="433"/>
						<line number="432" hits="1"/>
						<line number="433" hits="1" branch="true" condition-coverage="50% (1/2)" missing-branches="435"/>
						<line number="434" hits="1"/>
						<line number="435" hits="1" branch="true" condition-coverage="50% (1/2)" missing-branches="436"/>
						<line number="436" hits="0"/>
						<line number="437" hits="1" branch="true" condition-coverage="50% (1/2)" missing-branches="439"/>
						<line number="438" hits="1"/>
						<line number="439" hits="1" branch="true" condition-coverage="50% (1/2)" missing-branches="440"/>
						<line number="440" hits="0"/>
						<line number="441" hits="1" branch="true" condition-coverage="50% (1/2)" missing-branches="exit"/>
						<line number="442" hits="1" branch="true" condition-coverage="50% (1/2)" missing-branches="443"/>
						<line number="443" hits="0"/>
						<line number="448" hits="0" branch="true" condition-coverage="0% (0/2)" missing-branches="exit,449"/>
						<line number="449" hits="0"/>
						<line number="451" hits="1"/>
						<line number="454" hits="1"/>
						<line number="465" hits="1"/>
						<line number="474" hits="1" branch="true" condition-coverage="100% (2/2)"/>
						<line number="475" hits="1" branch="true" condition-coverage="100% (2/2)"/>
						<line number="476" hits="1"/>
						<line number="477" hits="1"/>
						<line number="478" hits="1" branch="true" condition-coverage="100% (2/2)"/>
						<line number="479" hits="1" branch="true" condition-coverage="100% (2/2)"/>
						<line number="480" hits="1"/>
						<line number="481" hits="1"/>
						<line number="482" hits="1"/>
						<line number="483" hits="1"/>
						<line number="485" hits="1"/>
						<line number="486" hits="1" branch="true" condition-coverage="50% (1/2)" missing-branches="487"/>
						<line number="487" hits="0"/>
						<line number="489" hits="1" branch="true" condition-coverage="50% (1/2)" missing-branches="520"/>
						<line number="496" hits="1" branch="true" condition-coverage="50% (1/2)" missing-branches="497"/>
						<line number="497" hits="0"/>
						<line number="498" hits="0"/>
						<line number="502" hits="0"/>
						<line number="503" hits="0" branch="true" condition-coverage="0% (0/2)" missing-branches="504,516"/>
						<line number="504" hits="0"/>
						<line number="505" hits="0"/>
						<line number="512" hits="0"/>
						<line number="513" hits="0"/>
						<line number="514" hits="0"/>
						<line number="516" hits="0"/>
						<line number="520" hits="1" branch="true" condition-coverage="50% (1/2)" missing-branches="521"/>
						<line number="521" hits="0"/>
						<line number="522" hits="0" branch="true" condition-coverage="0% (0/2)" missing-branches="523,526"/>
						<line number="523" hits="0" branch="true" condition-coverage="0% (0/2)" missing-branches="524,525"/>
						<line number="524" hits="0"/>
						<line number="525" hits="0"/>
						<line number="526" hits="0"/>
						<line number="527" hits="0"/>
						<line number="529" hits="1"/>
						<line number="530" hits="1"/>
						<line number="533" hits="1"/>
					</lines>
				</class>
				<class name="headnode_readiness.py" filename="headnode_readiness.py" complexity="0" line-rate="1" branch-rate="1">
					<methods/>
					<lines>
						<line number="3" hits="1"/>
						<line number="5" hits="1"/>
						<line number="6" hits="1"/>
						<line number="8" hits="1"/>
						<line number="11" hits="1"/>
						<line number="12" hits="1"/>
						<line number="17" hits="1"/>
						<line number="21" hits="1"/>
						<line number="27" hits="1"/>
						<line number="36" hits="1"/>
						<line number="39" hits="1"/>
						<line number="40" hits="1"/>
						<line number="41" hits="1"/>
						<line number="42" hits="1"/>
						<line number="46" hits="1"/>
						<line number="49" hits="1"/>
						<line number="84" hits="1"/>
						<line number="95" hits="1"/>
					</lines>
				</class>
				<class name="repositories.py" filename="repositories.py" complexity="0" line-rate="0.8442" branch-rate="0.626">
					<methods/>
					<lines>
						<line number="3" hits="1"/>
						<line number="5" hits="1"/>
						<line number="6" hits="1"/>
						<line number="7" hits="1"/>
						<line number="9" hits="1"/>
						<line number="10" hits="1"/>
						<line number="12" hits="1"/>
						<line number="13" hits="1"/>
						<line number="16" hits="1"/>
						<line number="17" hits="1"/>
						<line number="18" hits="1"/>
						<line number="19" hits="1"/>
						<line number="20" hits="1"/>
						<line number="21" hits="1"/>
						<line number="22" hits="1"/>
						<line number="23" hits="1"/>
						<line number="24" hits="1"/>
						<line number="25" hits="1"/>
						<line number="28" hits="1"/>
						<line number="29" hits="1"/>
						<line number="30" hits="1" branch="true" condition-coverage="50% (1/2)" missing-branches="31"/>
						<line number="31" hits="0"/>
						<line number="32" hits="1"/>
						<line number="35" hits="1"/>
						<line number="38" hits="1"/>
						<line number="40" hits="1"/>
						<line number="41" hits="1"/>
						<line number="42" hits="1"/>
						<line number="43" hits="1"/>
						<line number="45" hits="1"/>
						<line number="46" hits="1"/>
						<line number="47" hits="1"/>
						<line number="48" hits="0"/>
						<line number="50" hits="1"/>
						<line number="51" hits="1"/>
						<line number="52" hits="1"/>
						<line number="53" hits="0"/>
						<line number="54" hits="0" branch="true" condition-coverage="0% (0/2)" missing-branches="55,56"/>
						<line number="55" hits="0"/>
						<line number="56" hits="0"/>
						<line number="59" hits="1"/>
						<line number="62" hits="1"/>
						<line number="64" hits="1"/>
						<line number="65" hits="1"/>
						<line number="67" hits="1"/>
						<line number="68" hits="1"/>
						<line number="69" hits="1"/>
						<line number="70" hits="1"/>
						<line number="72" hits="1"/>
						<line number="73" hits="1"/>
						<line number="74" hits="1"/>
						<line number="75" hits="1"/>
						<line number="76" hits="1" branch="true" condition-coverage="50% (1/2)" missing-branches="77"/>
						<line number="77" hits="0"/>
						<line number="78" hits="1" branch="true" condition-coverage="50% (1/2)" missing-branches="79"/>
						<line number="79" hits="0"/>
						<line number="80" hits="1"/>
						<line number="83" hits="1"/>
						<line number="86" hits="1"/>
						<line number="88" hits="1"/>
						<line number="89" hits="1"/>
						<line number="90" hits="1"/>
						<line number="92" hits="1"/>
						<line number="93" hits="1"/>
						<line number="94" hits="1"/>
						<line number="95" hits="1" branch="true" condition-coverage="100% (2/2)"/>
						<line number="96" hits="1"/>
						<line number="97" hits="1"/>
						<line number="100" hits="1"/>
						<line number="103" hits="1"/>
						<line number="105" hits="1"/>
						<line number="106" hits="1"/>
						<line number="107" hits="1"/>
						<line number="109" hits="1"/>
						<line number="110" hits="1"/>
						<line number="111" hits="1"/>
						<line number="112" hits="1"/>
						<line number="113" hits="1" branch="true" condition-coverage="50% (1/2)" missing-branches="114"/>
						<line number="114" hits="0"/>
						<line number="115" hits="1" branch="true" condition-coverage="50% (1/2)" missing-branches="116"/>
						<line number="116" hits="0"/>
						<line number="117" hits="1"/>
						<line number="119" hits="1"/>
						<line number="120" hits="1"/>
						<line number="121" hits="1"/>
						<line number="122" hits="1"/>
						<line number="123" hits="1" branch="true" condition-coverage="100% (2/2)"/>
						<line number="124" hits="1"/>
						<line number="125" hits="1" branch="true" condition-coverage="50% (1/2)" missing-branches="126"/>
						<line number="126" hits="0"/>
						<line number="127" hits="1" branch="true" condition-coverage="50% (1/2)" missing-branches="128"/>
						<line number="128" hits="0"/>
						<line number="129" hits="1"/>
						<line number="130" hits="1"/>
						<line number="132" hits="1"/>
						<line number="133" hits="1"/>
						<line number="134" hits="1"/>
						<line number="135" hits="1"/>
						<line number="143" hits="1"/>
						<line number="146" hits="1"/>
						<line number="148" hits="1"/>
						<line number="149" hits="1"/>
						<line number="150" hits="1"/>
						<line number="151" hits="1"/>
						<line number="152" hits="1"/>
						<line number="153" hits="1"/>
						<line number="155" hits="1"/>
						<line number="156" hits="1"/>
						<line number="157" hits="1"/>
						<line number="158" hits="1"/>
						<line number="160" hits="1"/>
						<line number="161" hits="1"/>
						<line number="162" hits="1"/>
						<line number="163" hits="1"/>
						<line number="165" hits="1"/>
						<line number="166" hits="1"/>
						<line number="167" hits="1"/>
						<line number="168" hits="1"/>
						<line number="169" hits="1" branch="true" condition-coverage="50% (1/2)" missing-branches="170"/>
						<line number="170" hits="0"/>
						<line number="171" hits="1"/>
						<line number="172" hits="1" branch="true" condition-coverage="50% (1/2)" missing-branches="173"/>
						<line number="173" hits="0"/>
						<line number="177" hits="1"/>
						<line number="180" hits="1"/>
						<line number="183" hits="1"/>
						<line number="185" hits="1"/>
						<line number="186" hits="1"/>
						<line number="187" hits="1"/>
						<line number="188" hits="1"/>
						<line number="189" hits="1"/>
						<line number="190" hits="1"/>
						<line number="191" hits="1"/>
						<line number="192" hits="1"/>
						<line number="194" hits="1"/>
						<line number="195" hits="1"/>
						<line number="196" hits="1"/>
						<line number="197" hits="1"/>
						<line number="199" hits="1"/>
						<line number="200" hits="1"/>
						<line number="201" hits="1"/>
						<line number="202" hits="1"/>
						<line number="203" hits="1" branch="true" condition-coverage="50% (1/2)" missing-branches="204"/>
						<line number="204" hits="0"/>
						<line number="208" hits="1"/>
						<line number="210" hits="1"/>
						<line number="214" hits="1"/>
						<line number="215" hits="1"/>
						<line number="216" hits="1"/>
						<line number="217" hits="1" branch="true" condition-coverage="50% (1/2)" missing-branches="218"/>
						<line number="218" hits="0"/>
						<line number="219" hits="1" branch="true" condition-coverage="50% (1/2)" missing-branches="220"/>
						<line number="220" hits="0"/>
						<line number="221" hits="1"/>
						<line number="223" hits="1"/>
						<line number="229" hits="1"/>
						<line number="230" hits="1"/>
						<line number="231" hits="1"/>
						<line number="233" hits="1"/>
						<line number="234" hits="1"/>
						<line number="235" hits="1" branch="true" condition-coverage="100% (2/2)"/>
						<line number="236" hits="1" branch="true" condition-coverage="50% (1/2)" missing-branches="237"/>
						<line number="237" hits="0"/>
						<line number="238" hits="1" branch="true" condition-coverage="50% (1/2)" missing-branches="239"/>
						<line number="239" hits="0"/>
						<line number="240" hits="1" branch="true" condition-coverage="100% (2/2)"/>
						<line number="241" hits="1" branch="true" condition-coverage="50% (1/2)" missing-branches="242"/>
						<line number="242" hits="0"/>
						<line number="243" hits="1" branch="true" condition-coverage="50% (1/2)" missing-branches="244"/>
						<line number="244" hits="0"/>
						<line number="245" hits="1" branch="true" condition-coverage="50% (1/2)" missing-branches="246"/>
						<line number="246" hits="0"/>
						<line number="247" hits="1" branch="true" condition-coverage="50% (1/2)" missing-branches="248"/>
						<line number="248" hits="0"/>
						<line number="249" hits="1" branch="true" condition-coverage="50% (1/2)" missing-branches="258"/>
						<line number="250" hits="1" branch="true" condition-coverage="50% (1/2)" missing-branches="251"/>
						<line number="251" hits="0"/>
						<line number="252" hits="1" branch="true" condition-coverage="50% (1/2)" missing-branches="253"/>
						<line number="253" hits="0"/>
						<line number="254" hits="1" branch="true" condition-coverage="50% (1/2)" missing-branches="255"/>
						<line number="255" hits="0"/>
						<line number="256" hits="1" branch="true" condition-coverage="50% (1/2)" missing-branches="257"/>
						<line number="257" hits="0"/>
						<line number="258" hits="1"/>
						<line number="261" hits="1"/>
						<line number="264" hits="1"/>
						<line number="266" hits="1"/>
						<line number="267" hits="1"/>
						<line number="268" hits="1"/>
						<line number="269" hits="1"/>
						<line number="270" hits="1"/>
						<line number="271" hits="1"/>
						<line number="272" hits="1"/>
						<line number="273" hits="1"/>
						<line number="274" hits="1"/>
						<line number="275" hits="1"/>
						<line number="276" hits="1"/>
						<line number="277" hits="1"/>
						<line number="278" hits="1"/>
						<line number="279" hits="1"/>
						<line number="280" hits="1"/>
						<line number="281" hits="1"/>
						<line number="282" hits="1"/>
						<line number="283" hits="1"/>
						<line number="284" hits="1"/>
						<line number="285" hits="1"/>
						<line number="287" hits="1"/>
						<line number="301" hits="1"/>
						<line number="302" hits="1"/>
						<line number="303" hits="1"/>
						<line number="305" hits="1"/>
						<line number="306" hits="1"/>
						<line number="307" hits="1"/>
						<line number="308" hits="1"/>
						<line number="309" hits="1" branch="true" condition-coverage="50% (1/2)" missing-branches="310"/>
						<line number="310" hits="0"/>
						<line number="313" hits="1"/>
						<line number="316" hits="1"/>
						<line number="319" hits="1"/>
						<line number="321" hits="1"/>
						<line number="322" hits="1"/>
						<line number="323" hits="1"/>
						<line number="324" hits="1"/>
						<line number="325" hits="1"/>
						<line number="327" hits="1"/>
						<line number="328" hits="1"/>
						<line number="329" hits="1"/>
						<line number="330" hits="1"/>
						<line number="333" hits="1"/>
						<line number="336" hits="1"/>
						<line number="338" hits="1"/>
						<line number="339" hits="1"/>
						<line number="340" hits="1"/>
						<line number="342" hits="1"/>
						<line number="343" hits="1"/>
						<line number="344" hits="1"/>
						<line number="345" hits="1"/>
						<line number="347" hits="1"/>
						<line number="348" hits="1"/>
						<line number="349" hits="1"/>
						<line number="350" hits="1"/>
						<line number="351" hits="1" branch="true" condition-coverage="50% (1/2)" missing-branches="352"/>
						<line number="352" hits="0"/>
						<line number="353" hits="1" branch="true" condition-coverage="50% (1/2)" missing-branches="354"/>
						<line number="354" hits="0"/>
						<line number="355" hits="1"/>
						<line number="358" hits="1"/>
						<line number="361" hits="1"/>
						<line number="363" hits="1"/>
						<line number="364" hits="1"/>
						<line number="365" hits="1"/>
						<line number="366" hits="1"/>
						<line number="367" hits="1"/>
						<line number="368" hits="1"/>
						<line number="369" hits="1"/>
						<line number="370" hits="1"/>
						<line number="371" hits="1"/>
						<line number="372" hits="1"/>
						<line number="373" hits="1"/>
						<line number="375" hits="1"/>
						<line number="382" hits="1"/>
						<line number="383" hits="1"/>
						<line number="384" hits="1"/>
						<line number="386" hits="1"/>
						<line number="387" hits="1"/>
						<line number="388" hits="1"/>
						<line number="389" hits="1"/>
						<line number="390" hits="1" branch="true" condition-coverage="50% (1/2)" missing-branches="391"/>
						<line number="391" hits="0"/>
						<line number="395" hits="1"/>
						<line number="397" hits="1"/>
						<line number="398" hits="1"/>
						<line number="399" hits="1"/>
						<line number="400" hits="1"/>
						<line number="401" hits="1" branch="true" condition-coverage="50% (1/2)" missing-branches="402"/>
						<line number="402" hits="0"/>
						<line number="403" hits="1" branch="true" condition-coverage="50% (1/2)" missing-branches="404"/>
						<line number="404" hits="0"/>
						<line number="405" hits="1"/>
						<line number="407" hits="1"/>
						<line number="408" hits="1"/>
						<line number="409" hits="1"/>
						<line number="410" hits="1"/>
						<line number="411" hits="1" branch="true" condition-coverage="100% (2/2)"/>
						<line number="412" hits="1"/>
						<line number="413" hits="1" branch="true" condition-coverage="50% (1/2)" missing-branches="414"/>
						<line number="414" hits="0"/>
						<line number="415" hits="1" branch="true" condition-coverage="50% (1/2)" missing-branches="416"/>
						<line number="416" hits="0"/>
						<line number="417" hits="1"/>
						<line number="419" hits="1"/>
						<line number="420" hits="1"/>
[...]
						<line number="174" hits="1"/>
						<line number="175" hits="1"/>
						<line number="176" hits="1" branch="true" condition-coverage="100% (2/2)"/>
						<line number="177" hits="1"/>
						<line number="178" hits="1"/>
						<line number="179" hits="1" branch="true" condition-coverage="50% (1/2)" missing-branches="180"/>
						<line number="180" hits="0"/>
						<line number="183" hits="1"/>
						<line number="184" hits="1"/>
						<line number="185" hits="1"/>
						<line number="188" hits="1"/>
						<line number="189" hits="1"/>
						<line number="190" hits="1"/>
						<line number="191" hits="1"/>
						<line number="192" hits="1"/>
						<line number="193" hits="1"/>
						<line number="194" hits="1" branch="true" condition-coverage="100% (2/2)"/>
						<line number="195" hits="1"/>
						<line number="199" hits="1"/>
						<line number="202" hits="1"/>
						<line number="209" hits="1"/>
						<line number="213" hits="1"/>
						<line number="214" hits="1"/>
						<line number="215" hits="1"/>
						<line number="216" hits="1"/>
						<line number="217" hits="1"/>
						<line number="218" hits="0"/>
						<line number="219" hits="0"/>
						<line number="220" hits="1" branch="true" condition-coverage="100% (2/2)"/>
						<line number="221" hits="1"/>
						<line number="222" hits="1"/>
						<line number="225" hits="1"/>
						<line number="231" hits="1" branch="true" condition-coverage="50% (1/2)" missing-branches="233"/>
						<line number="232" hits="1"/>
						<line number="233" hits="0" branch="true" condition-coverage="0% (0/2)" missing-branches="234,235"/>
						<line number="234" hits="0"/>
						<line number="235" hits="0"/>
						<line number="238" hits="1"/>
						<line number="244" hits="1"/>
						<line number="245" hits="1"/>
						<line number="249" hits="0"/>
						<line number="250" hits="0"/>
						<line number="251" hits="1"/>
						<line number="252" hits="1" branch="true" condition-coverage="100% (2/2)"/>
						<line number="253" hits="1" branch="true" condition-coverage="50% (1/2)" missing-branches="254"/>
						<line number="254" hits="0"/>
						<line number="255" hits="1"/>
						<line number="256" hits="1" branch="true" condition-coverage="50% (1/2)" missing-branches="252"/>
						<line number="257" hits="1"/>
						<line number="258" hits="1"/>
						<line number="264" hits="1"/>
						<line number="278" hits="1"/>
						<line number="279" hits="1"/>
						<line number="280" hits="1"/>
						<line number="285" hits="1"/>
						<line number="286" hits="1"/>
						<line number="287" hits="1"/>
						<line number="291" hits="1"/>
						<line number="296" hits="1"/>
						<line number="297" hits="1"/>
						<line number="307" hits="0"/>
						<line number="308" hits="0"/>
						<line number="309" hits="1"/>
						<line number="310" hits="1"/>
						<line number="311" hits="1" branch="true" condition-coverage="50% (1/2)" missing-branches="312"/>
						<line number="312" hits="0"/>
						<line number="313" hits="1"/>
						<line number="324" hits="1" branch="true" condition-coverage="100% (2/2)"/>
						<line number="325" hits="1"/>
						<line number="326" hits="1" branch="true" condition-coverage="50% (1/2)" missing-branches="333"/>
						<line number="327" hits="1"/>
						<line number="333" hits="1"/>
						<line number="346" hits="1"/>
						<line number="355" hits="1"/>
						<line number="356" hits="1"/>
						<line number="360" hits="1"/>
						<line number="361" hits="1"/>
						<line number="365" hits="1"/>
						<line number="366" hits="1"/>
						<line number="377" hits="0"/>
						<line number="378" hits="0"/>
						<line number="379" hits="1"/>
						<line number="380" hits="1"/>
						<line number="381" hits="1" branch="true" condition-coverage="50% (1/2)" missing-branches="382"/>
						<line number="382" hits="0"/>
						<line number="383" hits="1" branch="true" condition-coverage="50% (1/2)" missing-branches="389"/>
						<line number="384" hits="1"/>
						<line number="389" hits="1"/>
						<line number="398" hits="1"/>
						<line number="404" hits="1"/>
						<line number="405" hits="1"/>
						<line number="406" hits="1"/>
						<line number="407" hits="1"/>
						<line number="408" hits="0"/>
						<line number="409" hits="0"/>
						<line number="410" hits="1"/>
						<line number="411" hits="1" branch="true" condition-coverage="50% (1/2)" missing-branches="412"/>
						<line number="412" hits="0"/>
						<line number="413" hits="1"/>
						<line number="414" hits="1"/>
						<line number="415" hits="1"/>
						<line number="416" hits="1" branch="true" condition-coverage="50% (1/2)" missing-branches="418"/>
						<line number="417" hits="1"/>
						<line number="418" hits="0" branch="true" condition-coverage="0% (0/2)" missing-branches="419,423"/>
						<line number="419" hits="0"/>
						<line number="423" hits="0"/>
						<line number="426" hits="1"/>
						<line number="436" hits="1"/>
						<line number="437" hits="1"/>
						<line number="438" hits="1"/>
						<line number="442" hits="1"/>
						<line number="443" hits="1" branch="true" condition-coverage="100% (2/2)"/>
						<line number="444" hits="1"/>
						<line number="450" hits="1"/>
						<line number="451" hits="1"/>
						<line number="452" hits="0"/>
						<line number="453" hits="1"/>
						<line number="454" hits="1" branch="true" condition-coverage="50% (1/2)" missing-branches="461"/>
						<line number="455" hits="1"/>
						<line number="461" hits="1"/>
						<line number="468" hits="1"/>
						<line number="469" hits="1"/>
						<line number="470" hits="1"/>
						<line number="473" hits="1"/>
						<line number="474" hits="1"/>
						<line number="475" hits="1"/>
						<line number="476" hits="1"/>
						<line number="477" hits="1"/>
						<line number="480" hits="1"/>
						<line number="481" hits="1"/>
						<line number="482" hits="1" branch="true" condition-coverage="50% (1/2)" missing-branches="483"/>
						<line number="483" hits="0"/>
						<line number="484" hits="1"/>
						<line number="485" hits="1"/>
						<line number="486" hits="1"/>
						<line number="487" hits="0"/>
						<line number="488" hits="0"/>
						<line number="489" hits="1"/>
						<line number="490" hits="1"/>
						<line number="491" hits="1"/>
						<line number="492" hits="1"/>
						<line number="493" hits="1" branch="true" condition-coverage="50% (1/2)" missing-branches="494"/>
						<line number="494" hits="0"/>
						<line number="495" hits="1"/>
						<line number="498" hits="1"/>
						<line number="499" hits="1"/>
						<line number="500" hits="1" branch="true" condition-coverage="50% (1/2)" missing-branches="501"/>
						<line number="501" hits="0"/>
						<line number="502" hits="1"/>
						<line number="505" hits="1"/>
						<line number="506" hits="1"/>
						<line number="507" hits="1"/>
						<line number="508" hits="1"/>
						<line number="509" hits="1"/>
						<line number="510" hits="1" branch="true" condition-coverage="50% (1/2)" missing-branches="511"/>
						<line number="511" hits="0"/>
						<line number="512" hits="1"/>
						<line number="513" hits="1"/>
						<line number="514" hits="0"/>
						<line number="515" hits="0"/>
						<line number="516" hits="1"/>
						<line number="517" hits="1" branch="true" condition-coverage="50% (1/2)" missing-branches="519"/>
						<line number="518" hits="1"/>
						<line number="519" hits="0"/>
						<line number="520" hits="0" branch="true" condition-coverage="0% (0/2)" missing-branches="508,521"/>
						<line number="521" hits="0"/>
						<line number="522" hits="1" branch="true" condition-coverage="50% (1/2)" missing-branches="523"/>
						<line number="523" hits="0"/>
						<line number="524" hits="1"/>
						<line number="527" hits="1"/>
						<line number="528" hits="1"/>
						<line number="529" hits="1" branch="true" condition-coverage="100% (2/2)"/>
						<line number="530" hits="1"/>
						<line number="531" hits="1" branch="true" condition-coverage="50% (1/2)" missing-branches="532"/>
						<line number="532" hits="0"/>
						<line number="533" hits="1"/>
						<line number="534" hits="1" branch="true" condition-coverage="50% (1/2)" missing-branches="535"/>
						<line number="535" hits="0"/>
						<line number="536" hits="0"/>
						<line number="537" hits="0"/>
						<line number="538" hits="0"/>
						<line number="539" hits="0" branch="true" condition-coverage="0% (0/2)" missing-branches="540,541"/>
						<line number="540" hits="0"/>
						<line number="541" hits="1"/>
						<line number="544" hits="1"/>
						<line number="545" hits="1"/>
						<line number="546" hits="1" branch="true" condition-coverage="50% (1/2)" missing-branches="547"/>
						<line number="547" hits="0"/>
						<line number="548" hits="1" branch="true" condition-coverage="50% (1/2)" missing-branches="549"/>
						<line number="549" hits="0"/>
						<line number="550" hits="1" branch="true" condition-coverage="100% (2/2)"/>
						<line number="551" hits="1"/>
						<line number="552" hits="1"/>
						<line number="553" hits="1"/>
						<line number="554" hits="1" branch="true" condition-coverage="50% (1/2)" missing-branches="556"/>
						<line number="555" hits="1"/>
						<line number="556" hits="0" branch="true" condition-coverage="0% (0/2)" missing-branches="557,566"/>
						<line number="557" hits="0" branch="true" condition-coverage="0% (0/2)" missing-branches="558,559"/>
						<line number="558" hits="0"/>
						<line number="559" hits="0" branch="true" condition-coverage="0% (0/2)" missing-branches="560,561"/>
						<line number="560" hits="0"/>
						<line number="561" hits="0" branch="true" condition-coverage="0% (0/2)" missing-branches="562,563"/>
						<line number="562" hits="0"/>
						<line number="563" hits="0" branch="true" condition-coverage="0% (0/2)" missing-branches="564,565"/>
						<line number="564" hits="0"/>
						<line number="565" hits="0"/>
						<line number="566" hits="0" branch="true" condition-coverage="0% (0/2)" missing-branches="567,568"/>
						<line number="567" hits="0"/>
						<line number="568" hits="0" branch="true" condition-coverage="0% (0/2)" missing-branches="569,570"/>
						<line number="569" hits="0"/>
						<line number="570" hits="0" branch="true" condition-coverage="0% (0/2)" missing-branches="571,572"/>
						<line number="571" hits="0"/>
						<line number="572" hits="0" branch="true" condition-coverage="0% (0/2)" missing-branches="573,574"/>
						<line number="573" hits="0"/>
						<line number="574" hits="0" branch="true" condition-coverage="0% (0/2)" missing-branches="575,576"/>
						<line number="575" hits="0"/>
						<line number="576" hits="0" branch="true" condition-coverage="0% (0/2)" missing-branches="577,578"/>
						<line number="577" hits="0"/>
						<line number="578" hits="0" branch="true" condition-coverage="0% (0/2)" missing-branches="579,580"/>
						<line number="579" hits="0"/>
						<line number="580" hits="0" branch="true" condition-coverage="0% (0/2)" missing-branches="581,582"/>
						<line number="581" hits="0"/>
						<line number="582" hits="0" branch="true" condition-coverage="0% (0/2)" missing-branches="583,584"/>
						<line number="583" hits="0"/>
						<line number="584" hits="0" branch="true" condition-coverage="0% (0/2)" missing-branches="585,586"/>
						<line number="585" hits="0"/>
						<line number="586" hits="0" branch="true" condition-coverage="0% (0/2)" missing-branches="587,588"/>
						<line number="587" hits="0"/>
						<line number="588" hits="0"/>
						<line number="591" hits="1"/>
						<line number="592" hits="0" branch="true" condition-coverage="0% (0/2)" missing-branches="600,601"/>
						<line number="600" hits="0"/>
						<line number="601" hits="0" branch="true" condition-coverage="0% (0/2)" missing-branches="604,605"/>
						<line number="604" hits="0"/>
						<line number="605" hits="0"/>
						<line number="608" hits="1"/>
						<line number="617" hits="1"/>
						<line number="619" hits="1" branch="true" condition-coverage="100% (2/2)"/>
						<line number="620" hits="1"/>
						<line number="621" hits="1"/>
						<line number="630" hits="1"/>
						<line number="633" hits="1"/>
						<line number="641" hits="1"/>
						<line number="643" hits="1"/>
						<line number="644" hits="1"/>
						<line number="645" hits="1"/>
						<line number="646" hits="1"/>
						<line number="647" hits="1"/>
						<line number="648" hits="1" branch="true" condition-coverage="50% (1/2)" missing-branches="693"/>
						<line number="649" hits="1"/>
						<line number="650" hits="1" branch="true" condition-coverage="50% (1/2)" missing-branches="651"/>
						<line number="651" hits="0"/>
						<line number="652" hits="1"/>
						<line number="653" hits="1" branch="true" condition-coverage="50% (1/2)" missing-branches="654"/>
						<line number="654" hits="0"/>
						<line number="655" hits="1"/>
						<line number="656" hits="1" branch="true" condition-coverage="100% (2/2)"/>
						<line number="664" hits="1"/>
						<line number="665" hits="1" branch="true" condition-coverage="50% (1/2)" missing-branches="666"/>
						<line number="666" hits="0"/>
						<line number="667" hits="1"/>
						<line number="668" hits="1"/>
						<line number="669" hits="1"/>
						<line number="670" hits="0"/>
						<line number="671" hits="0"/>
						<line number="672" hits="1"/>
						<line number="673" hits="0"/>
						<line number="693" hits="0"/>
						<line number="716" hits="0" branch="true" condition-coverage="0% (0/2)" missing-branches="717,718"/>
						<line number="717" hits="0"/>
						<line number="718" hits="0"/>
						<line number="719" hits="0"/>
						<line number="722" hits="1"/>
						<line number="729" hits="1"/>
						<line number="737" hits="1"/>
						<line number="738" hits="1" branch="true" condition-coverage="50% (1/2)" missing-branches="739"/>
						<line number="739" hits="0"/>
						<line number="740" hits="1" branch="true" condition-coverage="50% (1/2)" missing-branches="741"/>
						<line number="741" hits="0"/>
						<line number="742" hits="1" branch="true" condition-coverage="50% (1/2)" missing-branches="743"/>
						<line number="743" hits="0"/>
						<line number="744" hits="1" branch="true" condition-coverage="50% (1/2)" missing-branches="745"/>
						<line number="745" hits="0"/>
						<line number="746" hits="1"/>
						<line number="747" hits="1" branch="true" condition-coverage="50% (1/2)" missing-branches="748"/>
						<line number="748" hits="0"/>
						<line number="749" hits="1"/>
						<line number="750" hits="1"/>
						<line number="751" hits="1" branch="true" condition-coverage="100% (2/2)"/>
						<line number="752" hits="1"/>
						<line number="753" hits="1"/>
						<line number="759" hits="1"/>
						<line number="760" hits="1"/>
						<line number="761" hits="1" branch="true" condition-coverage="50% (1/2)" missing-branches="771"/>
						<line number="762" hits="1"/>
						<line number="763" hits="1"/>
						<line number="771" hits="0"/>
						<line number="774" hits="1"/>
						<line number="779" hits="1"/>
						<line number="784" hits="1" branch="true" condition-coverage="100% (2/2)"/>
						<line number="785" hits="1"/>
						<line number="794" hits="1"/>
						<line number="795" hits="1"/>
						<line number="796" hits="1"/>
						<line number="797" hits="1"/>
						<line number="798" hits="1"/>
						<line number="799" hits="1"/>
						<line number="803" hits="1"/>
						<line number="816" hits="1"/>
						<line number="817" hits="1"/>
						<line number="818" hits="1"/>
						<line number="822" hits="1"/>
						<line number="823" hits="1"/>
						<line number="845" hits="1"/>
						<line number="848" hits="1"/>
						<line number="849" hits="1"/>
						<line number="850" hits="1"/>
						<line number="869" hits="1"/>
						<line number="870" hits="1"/>
						<line number="871" hits="0"/>
						<line number="872" hits="0"/>
						<line number="885" hits="0"/>
						<line number="886" hits="0"/>
						<line number="887" hits="0"/>
						<line number="889" hits="1"/>
						<line number="898" hits="1"/>
						<line number="899" hits="1" branch="true" condition-coverage="50% (1/2)" missing-branches="900"/>
						<line number="900" hits="0"/>
						<line number="903" hits="1"/>
						<line number="904" hits="1"/>
						<line number="912" hits="0"/>
						<line number="913" hits="0"/>
						<line number="914" hits="0"/>
						<line number="920" hits="0"/>
						<line number="921" hits="1"/>
						<line number="922" hits="1"/>
						<line number="923" hits="1"/>
						<line number="924" hits="1"/>
						<line number="925" hits="1"/>
						<line number="926" hits="1"/>
						<line number="927" hits="1"/>
						<line number="928" hits="1"/>
						<line number="931" hits="1"/>
						<line number="933" hits="1"/>
						<line number="934" hits="1"/>
						<line number="936" hits="1"/>
						<line number="937" hits="1"/>
						<line number="938" hits="0"/>
						<line number="939" hits="0"/>
						<line number="953" hits="0"/>
						<line number="954" hits="0"/>
						<line number="955" hits="0"/>
						<line number="956" hits="1"/>
						<line number="957" hits="1"/>
						<line number="958" hits="1"/>
						<line number="959" hits="1"/>
						<line number="960" hits="1"/>
						<line number="961" hits="1"/>
						<line number="962" hits="1"/>
						<line number="963" hits="1"/>
						<line number="965" hits="1"/>
						<line number="966" hits="1"/>
						<line number="967" hits="1"/>
						<line number="972" hits="1"/>
						<line number="974" hits="1"/>
						<line number="975" hits="1"/>
						<line number="977" hits="1"/>
						<line number="989" hits="1"/>
						<line number="990" hits="1"/>
						<line number="991" hits="1"/>
						<line number="993" hits="1"/>
						<line number="1001" hits="1"/>
						<line number="1002" hits="1" branch="true" condition-coverage="100% (2/2)"/>
						<line number="1003" hits="1"/>
						<line number="1007" hits="1"/>
						<line number="1008" hits="1"/>
						<line number="1009" hits="1"/>
						<line number="1010" hits="1"/>
						<line number="1011" hits="1"/>
						<line number="1012" hits="1"/>
						<line number="1013" hits="1" branch="true" condition-coverage="100% (2/2)"/>
						<line number="1014" hits="1"/>
						<line number="1015" hits="1"/>
						<line number="1016" hits="1"/>
						<line number="1018" hits="1" branch="true" condition-coverage="50% (1/2)" missing-branches="1038"/>
						<line number="1019" hits="1"/>
						<line number="1020" hits="1"/>
						<line number="1021" hits="1"/>
						<line number="1030" hits="1"/>
						<line number="1031" hits="1"/>
						<line number="1032" hits="1"/>
						<line number="1033" hits="1"/>
						<line number="1034" hits="1"/>
						<line number="1035" hits="1"/>
						<line number="1036" hits="1"/>
						<line number="1037" hits="1"/>
						<line number="1038" hits="1" branch="true" condition-coverage="100% (2/2)"/>
						<line number="1039" hits="1"/>
						<line number="1040" hits="1" branch="true" condition-coverage="100% (2/2)"/>
						<line number="1041" hits="1"/>
						<line number="1042" hits="1"/>
						<line number="1043" hits="1"/>
						<line number="1050" hits="1"/>
						<line number="1051" hits="1"/>
						<line number="1052" hits="1"/>
						<line number="1053" hits="1"/>
						<line number="1054" hits="1"/>
						<line number="1055" hits="1"/>
						<line number="1056" hits="1" branch="true" condition-coverage="100% (2/2)"/>
						<line number="1057" hits="1"/>
						<line number="1058" hits="1"/>
						<line number="1060" hits="1" branch="true" condition-coverage="100% (2/2)"/>
						<line number="1061" hits="1"/>
						<line number="1069" hits="1"/>
						<line number="1071" hits="1"/>
						<line number="1072" hits="1"/>
						<line number="1075" hits="1"/>
						<line number="1077" hits="0"/>
					</lines>
				</class>
			</classes>
		</package>
	</packages>
</coverage>
