{"meta": {"format": 3, "version": "7.14.1", "timestamp": "2026-06-07T06:22:38.136663", "branch_coverage": true, "show_contexts": false}, "files": {"daylily_ec/__init__.py": {"executed_lines": [8, 10, 12, 15, 16, 17, 19, 20, 23], "summary": {"covered_lines": 9, "num_statements": 9, "percent_covered": 100.0, "percent_covered_display": "100", "missing_lines": 0, "excluded_lines": 0, "percent_statements_covered": 100.0, "percent_statements_covered_display": "100", "num_branches": 2, "num_partial_branches": 0, "covered_branches": 2, "missing_branches": 0, "percent_branches_covered": 100.0, "percent_branches_covered_display": "100"}, "missing_lines": [], "excluded_lines": [], "executed_branches": [[16, 17], [16, 20]], "missing_branches": [], "functions": {"__getattr__": {"executed_lines": [16, 17, 19, 20], "summary": {"covered_lines": 4, "num_statements": 4, "percent_covered": 100.0, "percent_covered_display": "100", "missing_lines": 0, "excluded_lines": 0, "percent_statements_covered": 100.0, "percent_statements_covered_display": "100", "num_branches": 2, "num_partial_branches": 0, "covered_branches": 2, "missing_branches": 0, "percent_branches_covered": 100.0, "percent_branches_covered_display": "100"}, "missing_lines": [], "excluded_lines": [], "start_line": 15, "executed_branches": [[16, 17], [16, 20]], "missing_branches": []}, "": {"executed_lines": [8, 10, 12, 15, 23], "summary": {"covered_lines": 5, "num_statements": 5, "percent_covered": 100.0, "percent_covered_display": "100", "missing_lines": 0, "excluded_lines": 0, "percent_statements_covered": 100.0, "percent_statements_covered_display": "100", "num_branches": 0, "num_partial_branches": 0, "covered_branches": 0, "missing_branches": 0, "percent_branches_covered": 100.0, "percent_branches_covered_display": "100"}, "missing_lines": [], "excluded_lines": [], "start_line": 1, "executed_branches": [], "missing_branches": []}}, "classes": {"": {"executed_lines": [8, 10, 12, 15, 16, 17, 19, 20, 23], "summary": {"covered_lines": 9, "num_statements": 9, "percent_covered": 100.0, "percent_covered_display": "100", "missing_lines": 0, "excluded_lines": 0, "percent_statements_covered": 100.0, "percent_statements_covered_display": "100", "num_branches": 2, "num_partial_branches": 0, "covered_branches": 2, "missing_branches": 0, "percent_branches_covered": 100.0, "percent_branches_covered_display": "100"}, "missing_lines": [], "excluded_lines": [], "start_line": 1, "executed_branches": [[16, 17], [16, 20]], "missing_branches": []}}}, "daylily_ec/__main__.py": {"executed_lines": [], "summary": {"covered_lines": 0, "num_statements": 2, "percent_covered": 0.0, "percent_covered_display": "0", "missing_lines": 2, "excluded_lines": 0, "percent_statements_covered": 0.0, "percent_statements_covered_display": "0", "num_branches": 0, "num_partial_branches": 0, "covered_branches": 0, "missing_branches": 0, "percent_branches_covered": 100.0, "percent_branches_covered_display": "100"}, "missing_lines": [3, 5], "excluded_lines": [], "executed_branches": [], "missing_branches": [], "functions": {"": {"executed_lines": [], "summary": {"covered_lines": 0, "num_statements": 2, "percent_covered": 0.0, "percent_covered_display": "0", "missing_lines": 2, "excluded_lines": 0, "percent_statements_covered": 0.0, "percent_statements_covered_display": "0", "num_branches": 0, "num_partial_branches": 0, "covered_branches": 0, "missing_branches": 0, "percent_branches_covered": 100.0, "percent_branches_covered_display": "100"}, "missing_lines": [3, 5], "excluded_lines": [], "start_line": 1, "executed_branches": [], "missing_branches": []}}, "classes": {"": {"executed_lines": [], "summary": {"covered_lines": 0, "num_statements": 2, "percent_covered": 0.0, "percent_covered_display": "0", "missing_lines": 2, "excluded_lines": 0, "percent_statements_covered": 0.0, "percent_statements_covered_display": "0", "num_branches": 0, "num_partial_branches": 0, "covered_branches": 0, "missing_branches": 0, "percent_branches_covered": 100.0, "percent_branches_covered_display": "100"}, "missing_lines": [3, 5], "excluded_lines": [], "start_line": 1, "executed_branches": [], "missing_branches": []}}}, "daylily_ec/_registry_v2.py": {"executed_lines": [3, 5, 6, 8, 9, 11, 13, 14, 15, 16, 21, 26, 32, 39, 42, 49, 59, 61, 64, 71, 72, 73, 75, 77, 78, 80, 81, 82, 91, 98], "summary": {"covered_lines": 30, "num_statements": 32, "percent_covered": 88.0952380952381, "percent_covered_display": "88", "missing_lines": 2, "excluded_lines": 0, "percent_statements_covered": 93.75, "percent_statements_covered_display": "94", "num_branches": 10, "num_partial_branches": 3, "covered_branches": 7, "missing_branches": 3, "percent_branches_covered": 70.0, "percent_branches_covered_display": "70"}, "missing_lines": [74, 76], "excluded_lines": [], "executed_branches": [[71, 72], [71, 80], [73, 75], [75, 77], [77, 78], [81, -64], [81, 82]], "missing_branches": [[73, 74], [75, 76], [77, 81]], "functions": {"required_policy": {"executed_lines": [49], "summary": {"covered_lines": 1, "num_statements": 1, "percent_covered": 100.0, "percent_covered_display": "100", "missing_lines": 0, "excluded_lines": 0, "percent_statements_covered": 100.0, "percent_statements_covered_display": "100", "num_branches": 0, "num_partial_branches": 0, "covered_branches": 0, "missing_branches": 0, "percent_branches_covered": 100.0, "percent_branches_covered_display": "100"}, "missing_lines": [], "excluded_lines": [], "start_line": 42, "executed_branches": [], "missing_branches": []}, "help_text": {"executed_lines": [61], "summary": {"covered_lines": 1, "num_statements": 1, "percent_covered": 100.0, "percent_covered_display": "100", "missing_lines": 0, "excluded_lines": 0, "percent_statements_covered": 100.0, "percent_statements_covered_display": "100", "num_branches": 0, "num_partial_branches": 0, "covered_branches": 0, "missing_branches": 0, "percent_branches_covered": 100.0, "percent_branches_covered_display": "100"}, "missing_lines": [], "excluded_lines": [], "start_line": 59, "executed_branches": [], "missing_branches": []}, "register_group_commands": {"executed_lines": [71, 72, 73, 75, 77, 78, 80, 81, 82], "summary": {"covered_lines": 9, "num_statements": 11, "percent_covered": 76.19047619047619, "percent_covered_display": "76", "missing_lines": 2, "excluded_lines": 0, "percent_statements_covered": 81.81818181818181, "percent_statements_covered_display": "82", "num_branches": 10, "num_partial_branches": 3, "covered_branches": 7, "missing_branches": 3, "percent_branches_covered": 70.0, "percent_branches_covered_display": "70"}, "missing_lines": [74, 76], "excluded_lines": [], "start_line": 64, "executed_branches": [[71, 72], [71, 80], [73, 75], [75, 77], [77, 78], [81, -64], [81, 82]], "missing_branches": [[73, 74], [75, 76], [77, 81]]}, "register_root_command": {"executed_lines": [98], "summary": {"covered_lines": 1, "num_statements": 1, "percent_covered": 100.0, "percent_covered_display": "100", "missing_lines": 0, "excluded_lines": 0, "percent_statements_covered": 100.0, "percent_statements_covered_display": "100", "num_branches": 0, "num_partial_branches": 0, "covered_branches": 0, "missing_branches": 0, "percent_branches_covered": 100.0, "percent_branches_covered_display": "100"}, "missing_lines": [], "excluded_lines": [], "start_line": 91, "executed_branches": [], "missing_branches": []}, "": {"executed_lines": [3, 5, 6, 8, 9, 11, 13, 14, 15, 16, 21, 26, 32, 39, 42, 59, 64, 91], "summary": {"covered_lines": 18, "num_statements": 18, "percent_covered": 100.0, "percent_covered_display": "100", "missing_lines": 0, "excluded_lines": 0, "percent_statements_covered": 100.0, "percent_statements_covered_display": "100", "num_branches": 0, "num_partial_branches": 0, "covered_branches": 0, "missing_branches": 0, "percent_branches_covered": 100.0, "percent_branches_covered_display": "100"}, "missing_lines": [], "excluded_lines": [], "start_line": 1, "executed_branches": [], "missing_branches": []}}, "classes": {"": {"executed_lines": [3, 5, 6, 8, 9, 11, 13, 14, 15, 16, 21, 26, 32, 39, 42, 49, 59, 61, 64, 71, 72, 73, 75, 77, 78, 80, 81, 82, 91, 98], "summary": {"covered_lines": 30, "num_statements": 32, "percent_covered": 88.0952380952381, "percent_covered_display": "88", "missing_lines": 2, "excluded_lines": 0, "percent_statements_covered": 93.75, "percent_statements_covered_display": "94", "num_branches": 10, "num_partial_branches": 3, "covered_branches": 7, "missing_branches": 3, "percent_branches_covered": 70.0, "percent_branches_covered_display": "70"}, "missing_lines": [74, 76], "excluded_lines": [], "start_line": 1, "executed_branches": [[71, 72], [71, 80], [73, 75], [75, 77], [77, 78], [81, -64], [81, 82]], "missing_branches": [[73, 74], [75, 76], [77, 81]]}}}, "daylily_ec/analysis_identity.py": {"executed_lines": [3, 5, 8, 11, 15, 17, 18, 20, 21, 25, 27, 30, 34, 35, 36, 37], "summary": {"covered_lines": 16, "num_statements": 18, "percent_covered": 83.33333333333333, "percent_covered_display": "83", "missing_lines": 2, "excluded_lines": 0, "percent_statements_covered": 88.88888888888889, "percent_statements_covered_display": "89", "num_branches": 6, "num_partial_branches": 2, "covered_branches": 4, "missing_branches": 2, "percent_branches_covered": 66.66666666666667, "percent_branches_covered_display": "67"}, "missing_lines": [19, 26], "excluded_lines": [], "executed_branches": [[18, 20], [20, 21], [20, 25], [25, 27]], "missing_branches": [[18, 19], [25, 26]], "functions": {"validate_analysis_segment": {"executed_lines": [17, 18, 20, 21, 25, 27], "summary": {"covered_lines": 6, "num_statements": 8, "percent_covered": 71.42857142857143, "percent_covered_display": "71", "missing_lines": 2, "excluded_lines": 0, "percent_statements_covered": 75.0, "percent_statements_covered_display": "75", "num_branches": 6, "num_partial_branches": 2, "covered_branches": 4, "missing_branches": 2, "percent_branches_covered": 66.66666666666667, "percent_branches_covered_display": "67"}, "missing_lines": [19, 26], "excluded_lines": [], "start_line": 15, "executed_branches": [[18, 20], [20, 21], [20, 25], [25, 27]], "missing_branches": [[18, 19], [25, 26]]}, "analysis_source_path": {"executed_lines": [34, 35, 36, 37], "summary": {"covered_lines": 4, "num_statements": 4, "percent_covered": 100.0, "percent_covered_display": "100", "missing_lines": 0, "excluded_lines": 0, "percent_statements_covered": 100.0, "percent_statements_covered_display": "100", "num_branches": 0, "num_partial_branches": 0, "covered_branches": 0, "missing_branches": 0, "percent_branches_covered": 100.0, "percent_branches_covered_display": "100"}, "missing_lines": [], "excluded_lines": [], "start_line": 30, "executed_branches": [], "missing_branches": []}, "": {"executed_lines": [3, 5, 8, 11, 15, 30], "summary": {"covered_lines": 6, "num_statements": 6, "percent_covered": 100.0, "percent_covered_display": "100", "missing_lines": 0, "excluded_lines": 0, "percent_statements_covered": 100.0, "percent_statements_covered_display": "100", "num_branches": 0, "num_partial_branches": 0, "covered_branches": 0, "missing_branches": 0, "percent_branches_covered": 100.0, "percent_branches_covered_display": "100"}, "missing_lines": [], "excluded_lines": [], "start_line": 1, "executed_branches": [], "missing_branches": []}}, "classes": {"AnalysisIdentityError": {"executed_lines": [], "summary": {"covered_lines": 0, "num_statements": 0, "percent_covered": 100.0, "percent_covered_display": "100", "missing_lines": 0, "excluded_lines": 0, "percent_statements_covered": 100.0, "percent_statements_covered_display": "100", "num_branches": 0, "num_partial_branches": 0, "covered_branches": 0, "missing_branches": 0, "percent_branches_covered": 100.0, "percent_branches_covered_display": "100"}, "missing_lines": [], "excluded_lines": [], "start_line": 11, "executed_branches": [], "missing_branches": []}, "": {"executed_lines": [3, 5, 8, 11, 15, 17, 18, 20, 21, 25, 27, 30, 34, 35, 36, 37], "summary": {"covered_lines": 16, "num_statements": 18, "percent_covered": 83.33333333333333, "percent_covered_display": "83", "missing_lines": 2, "excluded_lines": 0, "percent_statements_covered": 88.88888888888889, "percent_statements_covered_display": "89", "num_branches": 6, "num_partial_branches": 2, "covered_branches": 4, "missing_branches": 2, "percent_branches_covered": 66.66666666666667, "percent_branches_covered_display": "67"}, "missing_lines": [19, 26], "excluded_lines": [], "start_line": 1, "executed_branches": [[18, 20], [20, 21], [20, 25], [25, 27]], "missing_branches": [[18, 19], [25, 26]]}}}, "daylily_ec/artifacts/__init__.py": {"executed_lines": [], "summary": {"covered_lines": 0, "num_statements": 0, "percent_covered": 100.0, "percent_covered_display": "100", "missing_lines": 0, "excluded_lines": 0, "percent_statements_covered": 100.0, "percent_statements_covered_display": "100", "num_branches": 0, "num_partial_branches": 0, "covered_branches": 0, "missing_branches": 0, "percent_branches_covered": 100.0, "percent_branches_covered_display": "100"}, "missing_lines": [], "excluded_lines": [], "executed_branches": [], "missing_branches": [], "functions": {"": {"executed_lines": [], "summary": {"covered_lines": 0, "num_statements": 0, "percent_covered": 100.0, "percent_covered_display": "100", "missing_lines": 0, "excluded_lines": 0, "percent_statements_covered": 100.0, "percent_statements_covered_display": "100", "num_branches": 0, "num_partial_branches": 0, "covered_branches": 0, "missing_branches": 0, "percent_branches_covered": 100.0, "percent_branches_covered_display": "100"}, "missing_lines": [], "excluded_lines": [], "start_line": 1, "executed_branches": [], "missing_branches": []}}, "classes": {"": {"executed_lines": [], "summary": {"covered_lines": 0, "num_statements": 0, "percent_covered": 100.0, "percent_covered_display": "100", "missing_lines": 0, "excluded_lines": 0, "percent_statements_covered": 100.0, "percent_statements_covered_display": "100", "num_branches": 0, "num_partial_branches": 0, "covered_branches": 0, "missing_branches": 0, "percent_branches_covered": 100.0, "percent_branches_covered_display": "100"}, "missing_lines": [], "excluded_lines": [], "start_line": 1, "executed_branches": [], "missing_branches": []}}}, "daylily_ec/aws/__init__.py": {"executed_lines": [3, 17, 35, 49, 57, 63, 77, 85, 100, 109, 123, 133], "summary": {"covered_lines": 12, "num_statements": 12, "percent_covered": 100.0, "percent_covered_display": "100", "missing_lines": 0, "excluded_lines": 0, "percent_statements_covered": 100.0, "percent_statements_covered_display": "100", "num_branches": 0, "num_partial_branches": 0, "covered_branches": 0, "missing_branches": 0, "percent_branches_covered": 100.0, "percent_branches_covered_display": "100"}, "missing_lines": [], "excluded_lines": [], "executed_branches": [], "missing_branches": [], "functions": {"": {"executed_lines": [3, 17, 35, 49, 57, 63, 77, 85, 100, 109, 123, 133], "summary": {"covered_lines": 12, "num_statements": 12, "percent_covered": 100.0, "percent_covered_display": "100", "missing_lines": 0, "excluded_lines": 0, "percent_statements_covered": 100.0, "percent_statements_covered_display": "100", "num_branches": 0, "num_partial_branches": 0, "covered_branches": 0, "missing_branches": 0, "percent_branches_covered": 100.0, "percent_branches_covered_display": "100"}, "missing_lines": [], "excluded_lines": [], "start_line": 1, "executed_branches": [], "missing_branches": []}}, "classes": {"": {"executed_lines": [3, 17, 35, 49, 57, 63, 77, 85, 100, 109, 123, 133], "summary": {"covered_lines": 12, "num_statements": 12, "percent_covered": 100.0, "percent_covered_display": "100", "missing_lines": 0, "excluded_lines": 0, "percent_statements_covered": 100.0, "percent_statements_covered_display": "100", "num_branches": 0, "num_partial_branches": 0, "covered_branches": 0, "missing_branches": 0, "percent_branches_covered": 100.0, "percent_branches_covered_display": "100"}, "missing_lines": [], "excluded_lines": [], "start_line": 1, "executed_branches": [], "missing_branches": []}}}, "daylily_ec/aws/budgets.py": {"executed_lines": [14, 16, 17, 19, 21, 27, 28, 30, 31, 33, 34, 36, 37, 45, 52, 78, 80, 88, 90, 98, 110, 111, 112, 113, 114, 115, 116, 117, 118, 126, 135, 136, 137, 138, 139, 140, 143, 151, 152, 153, 159, 160, 161, 174, 187, 188, 189, 190, 191, 192, 193, 195, 196, 197, 199, 204, 207, 208, 209, 210, 211, 212, 213, 214, 215, 216, 224, 226, 229, 246, 247, 248, 249, 250, 251, 253, 254, 257, 274, 275, 276, 277, 278, 279, 281, 282, 290, 305, 306, 307, 309, 316, 317, 323, 324, 325, 326, 327, 329], "summary": {"covered_lines": 99, "num_statements": 99, "percent_covered": 100.0, "percent_covered_display": "100", "missing_lines": 0, "excluded_lines": 0, "percent_statements_covered": 100.0, "percent_statements_covered_display": "100", "num_branches": 22, "num_partial_branches": 0, "covered_branches": 22, "missing_branches": 0, "percent_branches_covered": 100.0, "percent_branches_covered_display": "100"}, "missing_lines": [], "excluded_lines": [], "executed_branches": [[112, 113], [112, 115], [113, 112], [113, 114], [135, 136], [135, 138], [151, -143], [151, 152], [210, 211], [210, 216], [212, 213], [212, 214], [248, 249], [248, 253], [276, 277], [276, 281], [316, 317], [316, 323], [324, 325], [324, 326], [326, 327], [326, 329]], "missing_branches": [], "functions": {"_build_budget_dict": {"executed_lines": [52], "summary": {"covered_lines": 1, "num_statements": 1, "percent_covered": 100.0, "percent_covered_display": "100", "missing_lines": 0, "excluded_lines": 0, "percent_statements_covered": 100.0, "percent_statements_covered_display": "100", "num_branches": 0, "num_partial_branches": 0, "covered_branches": 0, "missing_branches": 0, "percent_branches_covered": 100.0, "percent_branches_covered_display": "100"}, "missing_lines": [], "excluded_lines": [], "start_line": 45, "executed_branches": [], "missing_branches": []}, "_notification_dict": {"executed_lines": [80], "summary": {"covered_lines": 1, "num_statements": 1, "percent_covered": 100.0, "percent_covered_display": "100", "missing_lines": 0, "excluded_lines": 0, "percent_statements_covered": 100.0, "percent_statements_covered_display": "100", "num_branches": 0, "num_partial_branches": 0, "covered_branches": 0, "missing_branches": 0, "percent_branches_covered": 100.0, "percent_branches_covered_display": "100"}, "missing_lines": [], "excluded_lines": [], "start_line": 78, "executed_branches": [], "missing_branches": []}, "_subscriber_dict": {"executed_lines": [90], "summary": {"covered_lines": 1, "num_statements": 1, "percent_covered": 100.0, "percent_covered_display": "100", "missing_lines": 0, "excluded_lines": 0, "percent_statements_covered": 100.0, "percent_statements_covered_display": "100", "num_branches": 0, "num_partial_branches": 0, "covered_branches": 0, "missing_branches": 0, "percent_branches_covered": 100.0, "percent_branches_covered_display": "100"}, "missing_lines": [], "excluded_lines": [], "start_line": 88, "executed_branches": [], "missing_branches": []}, "budget_exists": {"executed_lines": [110, 111, 112, 113, 114, 115, 116, 117, 118], "summary": {"covered_lines": 9, "num_statements": 9, "percent_covered": 100.0, "percent_covered_display": "100", "missing_lines": 0, "excluded_lines": 0, "percent_statements_covered": 100.0, "percent_statements_covered_display": "100", "num_branches": 4, "num_partial_branches": 0, "covered_branches": 4, "missing_branches": 0, "percent_branches_covered": 100.0, "percent_branches_covered_display": "100"}, "missing_lines": [], "excluded_lines": [], "start_line": 98, "executed_branches": [[112, 113], [112, 115], [113, 112], [113, 114]], "missing_branches": []}, "create_budget": {"executed_lines": [135, 136, 137, 138, 139, 140], "summary": {"covered_lines": 6, "num_statements": 6, "percent_covered": 100.0, "percent_covered_display": "100", "missing_lines": 0, "excluded_lines": 0, "percent_statements_covered": 100.0, "percent_statements_covered_display": "100", "num_branches": 2, "num_partial_branches": 0, "covered_branches": 2, "missing_branches": 0, "percent_branches_covered": 100.0, "percent_branches_covered_display": "100"}, "missing_lines": [], "excluded_lines": [], "start_line": 126, "executed_branches": [[135, 136], [135, 138]], "missing_branches": []}, "create_notifications": {"executed_lines": [151, 152, 153, 159, 160, 161], "summary": {"covered_lines": 6, "num_statements": 6, "percent_covered": 100.0, "percent_covered_display": "100", "missing_lines": 0, "excluded_lines": 0, "percent_statements_covered": 100.0, "percent_statements_covered_display": "100", "num_branches": 2, "num_partial_branches": 0, "covered_branches": 2, "missing_branches": 0, "percent_branches_covered": 100.0, "percent_branches_covered_display": "100"}, "missing_lines": [], "excluded_lines": [], "start_line": 143, "executed_branches": [[151, -143], [151, 152]], "missing_branches": []}, "update_tags_file": {"executed_lines": [187, 188, 189, 190, 191, 192, 193, 195, 196, 197, 199, 204], "summary": {"covered_lines": 12, "num_statements": 12, "percent_covered": 100.0, "percent_covered_display": "100", "missing_lines": 0, "excluded_lines": 0, "percent_statements_covered": 100.0, "percent_statements_covered_display": "100", "num_branches": 0, "num_partial_branches": 0, "covered_branches": 0, "missing_branches": 0, "percent_branches_covered": 100.0, "percent_branches_covered_display": "100"}, "missing_lines": [], "excluded_lines": [], "start_line": 174, "executed_branches": [], "missing_branches": []}, "_normalize_allowed_budget_users": {"executed_lines": [208, 209, 210, 211, 212, 213, 214, 215, 216], "summary": {"covered_lines": 9, "num_statements": 9, "percent_covered": 100.0, "percent_covered_display": "100", "missing_lines": 0, "excluded_lines": 0, "percent_statements_covered": 100.0, "percent_statements_covered_display": "100", "num_branches": 4, "num_partial_branches": 0, "covered_branches": 4, "missing_branches": 0, "percent_branches_covered": 100.0, "percent_branches_covered_display": "100"}, "missing_lines": [], "excluded_lines": [], "start_line": 207, "executed_branches": [[210, 211], [210, 216], [212, 213], [212, 214]], "missing_branches": []}, "cluster_budget_name": {"executed_lines": [226], "summary": {"covered_lines": 1, "num_statements": 1, "percent_covered": 100.0, "percent_covered_display": "100", "missing_lines": 0, "excluded_lines": 0, "percent_statements_covered": 100.0, "percent_statements_covered_display": "100", "num_branches": 0, "num_partial_branches": 0, "covered_branches": 0, "missing_branches": 0, "percent_branches_covered": 100.0, "percent_branches_covered_display": "100"}, "missing_lines": [], "excluded_lines": [], "start_line": 224, "executed_branches": [], "missing_branches": []}, "ensure_global_budget": {"executed_lines": [246, 247, 248, 249, 250, 251, 253, 254], "summary": {"covered_lines": 8, "num_statements": 8, "percent_covered": 100.0, "percent_covered_display": "100", "missing_lines": 0, "excluded_lines": 0, "percent_statements_covered": 100.0, "percent_statements_covered_display": "100", "num_branches": 2, "num_partial_branches": 0, "covered_branches": 2, "missing_branches": 0, "percent_branches_covered": 100.0, "percent_branches_covered_display": "100"}, "missing_lines": [], "excluded_lines": [], "start_line": 229, "executed_branches": [[248, 249], [248, 253]], "missing_branches": []}, "ensure_cluster_budget": {"executed_lines": [274, 275, 276, 277, 278, 279, 281, 282], "summary": {"covered_lines": 8, "num_statements": 8, "percent_covered": 100.0, "percent_covered_display": "100", "missing_lines": 0, "excluded_lines": 0, "percent_statements_covered": 100.0, "percent_statements_covered_display": "100", "num_branches": 2, "num_partial_branches": 0, "covered_branches": 2, "missing_branches": 0, "percent_branches_covered": 100.0, "percent_branches_covered_display": "100"}, "missing_lines": [], "excluded_lines": [], "start_line": 257, "executed_branches": [[276, 277], [276, 281]], "missing_branches": []}, "make_budget_preflight_step": {"executed_lines": [305, 306, 307, 309, 316, 317, 323, 324, 325, 326, 327, 329], "summary": {"covered_lines": 12, "num_statements": 12, "percent_covered": 100.0, "percent_covered_display": "100", "missing_lines": 0, "excluded_lines": 0, "percent_statements_covered": 100.0, "percent_statements_covered_display": "100", "num_branches": 6, "num_partial_branches": 0, "covered_branches": 6, "missing_branches": 0, "percent_branches_covered": 100.0, "percent_branches_covered_display": "100"}, "missing_lines": [], "excluded_lines": [], "start_line": 290, "executed_branches": [[316, 317], [316, 323], [324, 325], [324, 326], [326, 327], [326, 329]], "missing_branches": []}, "": {"executed_lines": [14, 16, 17, 19, 21, 27, 28, 30, 31, 33, 34, 36, 37, 45, 78, 88, 98, 126, 143, 174, 207, 224, 229, 257, 290], "summary": {"covered_lines": 25, "num_statements": 25, "percent_covered": 100.0, "percent_covered_display": "100", "missing_lines": 0, "excluded_lines": 0, "percent_statements_covered": 100.0, "percent_statements_covered_display": "100", "num_branches": 0, "num_partial_branches": 0, "covered_branches": 0, "missing_branches": 0, "percent_branches_covered": 100.0, "percent_branches_covered_display": "100"}, "missing_lines": [], "excluded_lines": [], "start_line": 1, "executed_branches": [], "missing_branches": []}}, "classes": {"": {"executed_lines": [14, 16, 17, 19, 21, 27, 28, 30, 31, 33, 34, 36, 37, 45, 52, 78, 80, 88, 90, 98, 110, 111, 112, 113, 114, 115, 116, 117, 118, 126, 135, 136, 137, 138, 139, 140, 143, 151, 152, 153, 159, 160, 161, 174, 187, 188, 189, 190, 191, 192, 193, 195, 196, 197, 199, 204, 207, 208, 209, 210, 211, 212, 213, 214, 215, 216, 224, 226, 229, 246, 247, 248, 249, 250, 251, 253, 254, 257, 274, 275, 276, 277, 278, 279, 281, 282, 290, 305, 306, 307, 309, 316, 317, 323, 324, 325, 326, 327, 329], "summary": {"covered_lines": 99, "num_statements": 99, "percent_covered": 100.0, "percent_covered_display": "100", "missing_lines": 0, "excluded_lines": 0, "percent_statements_covered": 100.0, "percent_statements_covered_display": "100", "num_branches": 22, "num_partial_branches": 0, "covered_branches": 22, "missing_branches": 0, "percent_branches_covered": 100.0, "percent_branches_covered_display": "100"}, "missing_lines": [], "excluded_lines": [], "start_line": 1, "executed_branches": [[112, 113], [112, 115], [113, 112], [113, 114], [135, 136], [135, 138], [151, -143], [151, 152], [210, 211], [210, 216], [212, 213], [212, 214], [248, 249], [248, 253], [276, 277], [276, 281], [316, 317], [316, 323], [324, 325], [324, 326], [326, 327], [326, 329]], "missing_branches": []}}}, "daylily_ec/aws/cloudformation.py": {"executed_lines": [18, 20, 21, 22, 23, 25, 26, 28, 34, 36, 37, 38, 40, 43, 51, 58, 70, 71, 74, 75, 76, 77, 85, 98, 99, 100, 104, 105, 108, 125, 126, 127, 128, 129, 137, 145, 146, 147, 148, 149, 150, 151, 152, 153, 161, 171, 172, 173, 174, 175, 176, 180, 186, 187, 188, 196, 198, 199, 200, 201, 202, 203, 205, 206, 214, 234, 235, 237, 240, 241, 242, 245, 247, 248, 251, 252, 253, 256, 258, 261, 264, 265, 268, 269, 270, 271, 278, 287, 288, 296, 297, 298, 299, 308, 309, 314, 315, 323, 336, 337, 338, 341, 354, 355, 366, 368], "summary": {"covered_lines": 106, "num_statements": 111, "percent_covered": 94.81481481481481, "percent_covered_display": "95", "missing_lines": 5, "excluded_lines": 0, "percent_statements_covered": 95.49549549549549, "percent_statements_covered_display": "95", "num_branches": 24, "num_partial_branches": 2, "covered_branches": 22, "missing_branches": 2, "percent_branches_covered": 91.66666666666667, "percent_branches_covered_display": "92"}, "missing_lines": [259, 300, 302, 303, 310], "excluded_lines": [], "executed_branches": [[99, 100], [99, 104], [127, 128], [127, 129], [147, 148], [147, 153], [148, 147], [148, 149], [149, 148], [149, 150], [174, 175], [174, 176], [201, 202], [201, 206], [241, 242], [241, 247], [247, 248], [247, 256], [256, 258], [256, 264], [258, 261], [309, 314]], "missing_branches": [[258, 259], [309, 310]], "functions": {"derive_stack_name": {"executed_lines": [98, 99, 100, 104, 105], "summary": {"covered_lines": 5, "num_statements": 5, "percent_covered": 100.0, "percent_covered_display": "100", "missing_lines": 0, "excluded_lines": 0, "percent_statements_covered": 100.0, "percent_statements_covered_display": "100", "num_branches": 2, "num_partial_branches": 0, "covered_branches": 2, "missing_branches": 0, "percent_branches_covered": 100.0, "percent_branches_covered_display": "100"}, "missing_lines": [], "excluded_lines": [], "start_line": 85, "executed_branches": [[99, 100], [99, 104]], "missing_branches": []}, "derive_resource_prefix": {"executed_lines": [125, 126, 127, 128, 129], "summary": {"covered_lines": 5, "num_statements": 5, "percent_covered": 100.0, "percent_covered_display": "100", "missing_lines": 0, "excluded_lines": 0, "percent_statements_covered": 100.0, "percent_statements_covered_display": "100", "num_branches": 2, "num_partial_branches": 0, "covered_branches": 2, "missing_branches": 0, "percent_branches_covered": 100.0, "percent_branches_covered_display": "100"}, "missing_lines": [], "excluded_lines": [], "start_line": 108, "executed_branches": [[127, 128], [127, 129]], "missing_branches": []}, "check_tags_budget_policy_exists": {"executed_lines": [145, 146, 147, 148, 149, 150, 151, 152, 153], "summary": {"covered_lines": 9, "num_statements": 9, "percent_covered": 100.0, "percent_covered_display": "100", "missing_lines": 0, "excluded_lines": 0, "percent_statements_covered": 100.0, "percent_statements_covered_display": "100", "num_branches": 6, "num_partial_branches": 0, "covered_branches": 6, "missing_branches": 0, "percent_branches_covered": 100.0, "percent_branches_covered_display": "100"}, "missing_lines": [], "excluded_lines": [], "start_line": 137, "executed_branches": [[147, 148], [147, 153], [148, 147], [148, 149], [149, 148], [149, 150]], "missing_branches": []}, "get_stack_outputs": {"executed_lines": [171, 172, 173, 174, 175, 176, 180, 186, 187, 188], "summary": {"covered_lines": 10, "num_statements": 10, "percent_covered": 100.0, "percent_covered_display": "100", "missing_lines": 0, "excluded_lines": 0, "percent_statements_covered": 100.0, "percent_statements_covered_display": "100", "num_branches": 2, "num_partial_branches": 0, "covered_branches": 2, "missing_branches": 0, "percent_branches_covered": 100.0, "percent_branches_covered_display": "100"}, "missing_lines": [], "excluded_lines": [], "start_line": 161, "executed_branches": [[174, 175], [174, 176]], "missing_branches": []}, "describe_stack_status": {"executed_lines": [198, 199, 200, 201, 202, 203, 205, 206], "summary": {"covered_lines": 8, "num_statements": 8, "percent_covered": 100.0, "percent_covered_display": "100", "missing_lines": 0, "excluded_lines": 0, "percent_statements_covered": 100.0, "percent_statements_covered_display": "100", "num_branches": 2, "num_partial_branches": 0, "covered_branches": 2, "missing_branches": 0, "percent_branches_covered": 100.0, "percent_branches_covered_display": "100"}, "missing_lines": [], "excluded_lines": [], "start_line": 196, "executed_branches": [[201, 202], [201, 206]], "missing_branches": []}, "ensure_pcluster_env_stack": {"executed_lines": [234, 235, 237, 240, 241, 242, 245, 247, 248, 251, 252, 253, 256, 258, 261, 264, 265, 268, 269, 270, 271, 278, 287, 288, 296, 297, 298, 299, 308, 309, 314, 315], "summary": {"covered_lines": 32, "num_statements": 37, "percent_covered": 85.1063829787234, "percent_covered_display": "85", "missing_lines": 5, "excluded_lines": 0, "percent_statements_covered": 86.48648648648648, "percent_statements_covered_display": "86", "num_branches": 10, "num_partial_branches": 2, "covered_branches": 8, "missing_branches": 2, "percent_branches_covered": 80.0, "percent_branches_covered_display": "80"}, "missing_lines": [259, 300, 302, 303, 310], "excluded_lines": [], "start_line": 214, "executed_branches": [[241, 242], [241, 247], [247, 248], [247, 256], [256, 258], [256, 264], [258, 261], [309, 314]], "missing_branches": [[258, 259], [309, 310]]}, "make_cfn_preflight_step": {"executed_lines": [336, 368], "summary": {"covered_lines": 2, "num_statements": 2, "percent_covered": 100.0, "percent_covered_display": "100", "missing_lines": 0, "excluded_lines": 0, "percent_statements_covered": 100.0, "percent_statements_covered_display": "100", "num_branches": 0, "num_partial_branches": 0, "covered_branches": 0, "missing_branches": 0, "percent_branches_covered": 100.0, "percent_branches_covered_display": "100"}, "missing_lines": [], "excluded_lines": [], "start_line": 323, "executed_branches": [], "missing_branches": []}, "make_cfn_preflight_step.step": {"executed_lines": [337, 338, 341, 354, 355, 366], "summary": {"covered_lines": 6, "num_statements": 6, "percent_covered": 100.0, "percent_covered_display": "100", "missing_lines": 0, "excluded_lines": 0, "percent_statements_covered": 100.0, "percent_statements_covered_display": "100", "num_branches": 0, "num_partial_branches": 0, "covered_branches": 0, "missing_branches": 0, "percent_branches_covered": 100.0, "percent_branches_covered_display": "100"}, "missing_lines": [], "excluded_lines": [], "start_line": 336, "executed_branches": [], "missing_branches": []}, "": {"executed_lines": [18, 20, 21, 22, 23, 25, 26, 28, 34, 36, 37, 38, 40, 43, 51, 58, 70, 71, 74, 75, 76, 77, 85, 108, 137, 161, 196, 214, 323], "summary": {"covered_lines": 29, "num_statements": 29, "percent_covered": 100.0, "percent_covered_display": "100", "missing_lines": 0, "excluded_lines": 0, "percent_statements_covered": 100.0, "percent_statements_covered_display": "100", "num_branches": 0, "num_partial_branches": 0, "covered_branches": 0, "missing_branches": 0, "percent_branches_covered": 100.0, "percent_branches_covered_display": "100"}, "missing_lines": [], "excluded_lines": [], "start_line": 1, "executed_branches": [], "missing_branches": []}}, "classes": {"StackOutputs": {"executed_lines": [], "summary": {"covered_lines": 0, "num_statements": 0, "percent_covered": 100.0, "percent_covered_display": "100", "missing_lines": 0, "excluded_lines": 0, "percent_statements_covered": 100.0, "percent_statements_covered_display": "100", "num_branches": 0, "num_partial_branches": 0, "covered_branches": 0, "missing_branches": 0, "percent_branches_covered": 100.0, "percent_branches_covered_display": "100"}, "missing_lines": [], "excluded_lines": [], "start_line": 71, "executed_branches": [], "missing_branches": []}, "": {"executed_lines": [18, 20, 21, 22, 23, 25, 26, 28, 34, 36, 37, 38, 40, 43, 51, 58, 70, 71, 74, 75, 76, 77, 85, 98, 99, 100, 104, 105, 108, 125, 126, 127, 128, 129, 137, 145, 146, 147, 148, 149, 150, 151, 152, 153, 161, 171, 172, 173, 174, 175, 176, 180, 186, 187, 188, 196, 198, 199, 200, 201, 202, 203, 205, 206, 214, 234, 235, 237, 240, 241, 242, 245, 247, 248, 251, 252, 253, 256, 258, 261, 264, 265, 268, 269, 270, 271, 278, 287, 288, 296, 297, 298, 299, 308, 309, 314, 315, 323, 336, 337, 338, 341, 354, 355, 366, 368], "summary": {"covered_lines": 106, "num_statements": 111, "percent_covered": 94.81481481481481, "percent_covered_display": "95", "missing_lines": 5, "excluded_lines": 0, "percent_statements_covered": 95.49549549549549, "percent_statements_covered_display": "95", "num_branches": 24, "num_partial_branches": 2, "covered_branches": 22, "missing_branches": 2, "percent_branches_covered": 91.66666666666667, "percent_branches_covered_display": "92"}, "missing_lines": [259, 300, 302, 303, 310], "excluded_lines": [], "start_line": 1, "executed_branches": [[99, 100], [99, 104], [127, 128], [127, 129], [147, 148], [147, 153], [148, 147], [148, 149], [149, 148], [149, 150], [174, 175], [174, 176], [201, 202], [201, 206], [241, 242], [241, 247], [247, 248], [247, 256], [256, 258], [256, 264], [258, 261], [309, 314]], "missing_branches": [[258, 259], [309, 310]]}}}, "daylily_ec/aws/context.py": {"executed_lines": [17, 19, 20, 21, 22, 24, 25, 26, 32, 34, 41, 46, 47, 48, 49, 50, 54, 55, 56, 57, 60, 65, 66, 67, 68, 75, 80, 81, 82, 85, 92, 93, 105, 106, 107, 108, 109, 110, 111, 115, 116, 125, 126, 128, 131, 133, 134, 135, 141, 142, 143, 145, 157, 158, 166, 175, 185, 186, 187, 189], "summary": {"covered_lines": 60, "num_statements": 67, "percent_covered": 87.95180722891567, "percent_covered_display": "88", "missing_lines": 7, "excluded_lines": 3, "percent_statements_covered": 89.55223880597015, "percent_statements_covered_display": "90", "num_branches": 16, "num_partial_branches": 1, "covered_branches": 13, "missing_branches": 3, "percent_branches_covered": 81.25, "percent_branches_covered_display": "81"}, "missing_lines": [129, 136, 137, 160, 161, 164, 168], "excluded_lines": [27, 28, 30], "executed_branches": [[46, 47], [46, 48], [49, 50], [49, 54], [55, 56], [55, 57], [65, 66], [65, 68], [81, 82], [81, 85], [128, 131], [186, 187], [186, 189]], "missing_branches": [[128, 129], [160, 161], [160, 164]], "functions": {"parse_region_az": {"executed_lines": [46, 47, 48, 49, 50, 54, 55, 56, 57], "summary": {"covered_lines": 9, "num_statements": 9, "percent_covered": 100.0, "percent_covered_display": "100", "missing_lines": 0, "excluded_lines": 0, "percent_statements_covered": 100.0, "percent_statements_covered_display": "100", "num_branches": 6, "num_partial_branches": 0, "covered_branches": 6, "missing_branches": 0, "percent_branches_covered": 100.0, "percent_branches_covered_display": "100"}, "missing_lines": [], "excluded_lines": [], "start_line": 41, "executed_branches": [[46, 47], [46, 48], [49, 50], [49, 54], [55, 56], [55, 57]], "missing_branches": []}, "resolve_region": {"executed_lines": [65, 66, 67, 68], "summary": {"covered_lines": 4, "num_statements": 4, "percent_covered": 100.0, "percent_covered_display": "100", "missing_lines": 0, "excluded_lines": 0, "percent_statements_covered": 100.0, "percent_statements_covered_display": "100", "num_branches": 2, "num_partial_branches": 0, "covered_branches": 2, "missing_branches": 0, "percent_branches_covered": 100.0, "percent_branches_covered_display": "100"}, "missing_lines": [], "excluded_lines": [], "start_line": 60, "executed_branches": [[65, 66], [65, 68]], "missing_branches": []}, "resolve_profile": {"executed_lines": [80, 81, 82, 85], "summary": {"covered_lines": 4, "num_statements": 4, "percent_covered": 100.0, "percent_covered_display": "100", "missing_lines": 0, "excluded_lines": 0, "percent_statements_covered": 100.0, "percent_statements_covered_display": "100", "num_branches": 2, "num_partial_branches": 0, "covered_branches": 2, "missing_branches": 0, "percent_branches_covered": 100.0, "percent_branches_covered_display": "100"}, "missing_lines": [], "excluded_lines": [], "start_line": 75, "executed_branches": [[81, 82], [81, 85]], "missing_branches": []}, "AWSContext.build": {"executed_lines": [125, 126, 128, 131, 133, 134, 135, 141, 142, 143, 145], "summary": {"covered_lines": 11, "num_statements": 14, "percent_covered": 75.0, "percent_covered_display": "75", "missing_lines": 3, "excluded_lines": 0, "percent_statements_covered": 78.57142857142857, "percent_statements_covered_display": "79", "num_branches": 2, "num_partial_branches": 1, "covered_branches": 1, "missing_branches": 1, "percent_branches_covered": 50.0, "percent_branches_covered_display": "50"}, "missing_lines": [129, 136, 137], "excluded_lines": [], "start_line": 116, "executed_branches": [[128, 131]], "missing_branches": [[128, 129]]}, "AWSContext.session": {"executed_lines": [], "summary": {"covered_lines": 0, "num_statements": 3, "percent_covered": 0.0, "percent_covered_display": "0", "missing_lines": 3, "excluded_lines": 0, "percent_statements_covered": 0.0, "percent_statements_covered_display": "0", "num_branches": 2, "num_partial_branches": 0, "covered_branches": 0, "missing_branches": 2, "percent_branches_covered": 0.0, "percent_branches_covered_display": "0"}, "missing_lines": [160, 161, 164], "excluded_lines": [], "start_line": 158, "executed_branches": [], "missing_branches": [[160, 161], [160, 164]]}, "AWSContext.client": {"executed_lines": [], "summary": {"covered_lines": 0, "num_statements": 1, "percent_covered": 0.0, "percent_covered_display": "0", "missing_lines": 1, "excluded_lines": 0, "percent_statements_covered": 0.0, "percent_statements_covered_display": "0", "num_branches": 0, "num_partial_branches": 0, "covered_branches": 0, "missing_branches": 0, "percent_branches_covered": 100.0, "percent_branches_covered_display": "100"}, "missing_lines": [168], "excluded_lines": [], "start_line": 166, "executed_branches": [], "missing_branches": []}, "_extract_username": {"executed_lines": [185, 186, 187, 189], "summary": {"covered_lines": 4, "num_statements": 4, "percent_covered": 100.0, "percent_covered_display": "100", "missing_lines": 0, "excluded_lines": 0, "percent_statements_covered": 100.0, "percent_statements_covered_display": "100", "num_branches": 2, "num_partial_branches": 0, "covered_branches": 2, "missing_branches": 0, "percent_branches_covered": 100.0, "percent_branches_covered_display": "100"}, "missing_lines": [], "excluded_lines": [], "start_line": 175, "executed_branches": [[186, 187], [186, 189]], "missing_branches": []}, "": {"executed_lines": [17, 19, 20, 21, 22, 24, 25, 26, 32, 34, 41, 60, 75, 92, 93, 105, 106, 107, 108, 109, 110, 111, 115, 116, 157, 158, 166, 175], "summary": {"covered_lines": 28, "num_statements": 28, "percent_covered": 100.0, "percent_covered_display": "100", "missing_lines": 0, "excluded_lines": 3, "percent_statements_covered": 100.0, "percent_statements_covered_display": "100", "num_branches": 0, "num_partial_branches": 0, "covered_branches": 0, "missing_branches": 0, "percent_branches_covered": 100.0, "percent_branches_covered_display": "100"}, "missing_lines": [], "excluded_lines": [27, 28, 30], "start_line": 1, "executed_branches": [], "missing_branches": []}}, "classes": {"AWSContext": {"executed_lines": [125, 126, 128, 131, 133, 134, 135, 141, 142, 143, 145], "summary": {"covered_lines": 11, "num_statements": 18, "percent_covered": 54.54545454545455, "percent_covered_display": "55", "missing_lines": 7, "excluded_lines": 0, "percent_statements_covered": 61.111111111111114, "percent_statements_covered_display": "61", "num_branches": 4, "num_partial_branches": 1, "covered_branches": 1, "missing_branches": 3, "percent_branches_covered": 25.0, "percent_branches_covered_display": "25"}, "missing_lines": [129, 136, 137, 160, 161, 164, 168], "excluded_lines": [], "start_line": 93, "executed_branches": [[128, 131]], "missing_branches": [[128, 129], [160, 161], [160, 164]]}, "": {"executed_lines": [17, 19, 20, 21, 22, 24, 25, 26, 32, 34, 41, 46, 47, 48, 49, 50, 54, 55, 56, 57, 60, 65, 66, 67, 68, 75, 80, 81, 82, 85, 92, 93, 105, 106, 107, 108, 109, 110, 111, 115, 116, 157, 158, 166, 175, 185, 186, 187, 189], "summary": {"covered_lines": 49, "num_statements": 49, "percent_covered": 100.0, "percent_covered_display": "100", "missing_lines": 0, "excluded_lines": 3, "percent_statements_covered": 100.0, "percent_statements_covered_display": "100", "num_branches": 12, "num_partial_branches": 0, "covered_branches": 12, "missing_branches": 0, "percent_branches_covered": 100.0, "percent_branches_covered_display": "100"}, "missing_lines": [], "excluded_lines": [27, 28, 30], "start_line": 1, "executed_branches": [[46, 47], [46, 48], [49, 50], [49, 54], [55, 56], [55, 57], [65, 66], [65, 68], [81, 82], [81, 85], [186, 187], [186, 189]], "missing_branches": []}}}, "daylily_ec/aws/ec2.py": {"executed_lines": [19, 21, 22, 23, 25, 29, 31, 37, 38, 39, 47, 48, 51, 52, 53, 54, 62, 76, 77, 78, 81, 82, 83, 84, 85, 86, 87, 88, 89, 90, 98, 99, 100, 101, 104, 106, 109, 111, 119, 129, 130, 131, 139, 157, 160, 161, 162, 165, 166, 167, 170, 171, 174, 182, 191, 192, 193, 194, 195, 196, 197, 198, 199, 200, 201, 209, 227, 228, 229, 232, 233, 234, 237, 238, 241, 249, 277, 278, 281, 282, 283, 284, 285, 287, 288, 289, 293, 300, 301, 302, 303, 307, 314, 317, 323, 329, 330, 332, 333, 334, 338, 339, 341, 347, 349, 350, 354, 358, 361, 363, 365], "summary": {"covered_lines": 111, "num_statements": 113, "percent_covered": 96.93251533742331, "percent_covered_display": "97", "missing_lines": 2, "excluded_lines": 0, "percent_statements_covered": 98.23008849557522, "percent_statements_covered_display": "98", "num_branches": 50, "num_partial_branches": 3, "covered_branches": 47, "missing_branches": 3, "percent_branches_covered": 94.0, "percent_branches_covered_display": "94"}, "missing_lines": [335, 355], "excluded_lines": [], "executed_branches": [[82, 83], [82, 98], [83, 82], [83, 84], [85, 86], [85, 89], [86, 87], [89, 83], [89, 90], [160, 161], [160, 165], [161, 162], [161, 165], [165, 166], [165, 170], [166, 167], [166, 170], [170, 171], [170, 174], [194, 195], [194, 198], [195, 194], [195, 196], [196, 195], [196, 197], [227, 228], [227, 232], [228, 229], [228, 232], [232, 233], [232, 237], [233, 234], [233, 237], [237, 238], [237, 241], [287, 288], [287, 300], [300, 301], [300, 314], [332, 333], [332, 334], [334, 338], [349, 350], [349, 354], [354, 358], [358, 361], [358, 363]], "missing_branches": [[86, 85], [334, 335], [354, 355]], "functions": {"list_subnets": {"executed_lines": [76, 77, 78, 81, 82, 83, 84, 85, 86, 87, 88, 89, 90, 98, 99, 100, 101], "summary": {"covered_lines": 17, "num_statements": 17, "percent_covered": 96.29629629629629, "percent_covered_display": "96", "missing_lines": 0, "excluded_lines": 0, "percent_statements_covered": 100.0, "percent_statements_covered_display": "100", "num_branches": 10, "num_partial_branches": 1, "covered_branches": 9, "missing_branches": 1, "percent_branches_covered": 90.0, "percent_branches_covered_display": "90"}, "missing_lines": [], "excluded_lines": [], "start_line": 62, "executed_branches": [[82, 83], [82, 98], [83, 82], [83, 84], [85, 86], [85, 89], [86, 87], [89, 83], [89, 90]], "missing_branches": [[86, 85]]}, "list_public_subnets": {"executed_lines": [106], "summary": {"covered_lines": 1, "num_statements": 1, "percent_covered": 100.0, "percent_covered_display": "100", "missing_lines": 0, "excluded_lines": 0, "percent_statements_covered": 100.0, "percent_statements_covered_display": "100", "num_branches": 0, "num_partial_branches": 0, "covered_branches": 0, "missing_branches": 0, "percent_branches_covered": 100.0, "percent_branches_covered_display": "100"}, "missing_lines": [], "excluded_lines": [], "start_line": 104, "executed_branches": [], "missing_branches": []}, "list_private_subnets": {"executed_lines": [111], "summary": {"covered_lines": 1, "num_statements": 1, "percent_covered": 100.0, "percent_covered_display": "100", "missing_lines": 0, "excluded_lines": 0, "percent_statements_covered": 100.0, "percent_statements_covered_display": "100", "num_branches": 0, "num_partial_branches": 0, "covered_branches": 0, "missing_branches": 0, "percent_branches_covered": 100.0, "percent_branches_covered_display": "100"}, "missing_lines": [], "excluded_lines": [], "start_line": 109, "executed_branches": [], "missing_branches": []}, "inspect_baseline_subnets": {"executed_lines": [129, 130, 131], "summary": {"covered_lines": 3, "num_statements": 3, "percent_covered": 100.0, "percent_covered_display": "100", "missing_lines": 0, "excluded_lines": 0, "percent_statements_covered": 100.0, "percent_statements_covered_display": "100", "num_branches": 0, "num_partial_branches": 0, "covered_branches": 0, "missing_branches": 0, "percent_branches_covered": 100.0, "percent_branches_covered_display": "100"}, "missing_lines": [], "excluded_lines": [], "start_line": 119, "executed_branches": [], "missing_branches": []}, "select_subnet": {"executed_lines": [157, 160, 161, 162, 165, 166, 167, 170, 171, 174], "summary": {"covered_lines": 10, "num_statements": 10, "percent_covered": 100.0, "percent_covered_display": "100", "missing_lines": 0, "excluded_lines": 0, "percent_statements_covered": 100.0, "percent_statements_covered_display": "100", "num_branches": 10, "num_partial_branches": 0, "covered_branches": 10, "missing_branches": 0, "percent_branches_covered": 100.0, "percent_branches_covered_display": "100"}, "missing_lines": [], "excluded_lines": [], "start_line": 139, "executed_branches": [[160, 161], [160, 165], [161, 162], [161, 165], [165, 166], [165, 170], [166, 167], [166, 170], [170, 171], [170, 174]], "missing_branches": []}, "list_pcluster_tags_budget_policies": {"executed_lines": [191, 192, 193, 194, 195, 196, 197, 198, 199, 200, 201], "summary": {"covered_lines": 11, "num_statements": 11, "percent_covered": 100.0, "percent_covered_display": "100", "missing_lines": 0, "excluded_lines": 0, "percent_statements_covered": 100.0, "percent_statements_covered_display": "100", "num_branches": 6, "num_partial_branches": 0, "covered_branches": 6, "missing_branches": 0, "percent_branches_covered": 100.0, "percent_branches_covered_display": "100"}, "missing_lines": [], "excluded_lines": [], "start_line": 182, "executed_branches": [[194, 195], [194, 198], [195, 194], [195, 196], [196, 195], [196, 197]], "missing_branches": []}, "select_policy_arn": {"executed_lines": [227, 228, 229, 232, 233, 234, 237, 238, 241], "summary": {"covered_lines": 9, "num_statements": 9, "percent_covered": 100.0, "percent_covered_display": "100", "missing_lines": 0, "excluded_lines": 0, "percent_statements_covered": 100.0, "percent_statements_covered_display": "100", "num_branches": 10, "num_partial_branches": 0, "covered_branches": 10, "missing_branches": 0, "percent_branches_covered": 100.0, "percent_branches_covered_display": "100"}, "missing_lines": [], "excluded_lines": [], "start_line": 209, "executed_branches": [[227, 228], [227, 232], [228, 229], [228, 232], [232, 233], [232, 237], [233, 234], [233, 237], [237, 238], [237, 241]], "missing_branches": []}, "make_subnet_policy_preflight_step": {"executed_lines": [277, 278, 281, 282, 283, 284, 285, 287, 288, 289, 293, 300, 301, 302, 303, 307, 314, 317, 323, 329, 330, 332, 333, 334, 338, 339, 341, 347, 349, 350, 354, 358, 361, 363, 365], "summary": {"covered_lines": 35, "num_statements": 37, "percent_covered": 92.15686274509804, "percent_covered_display": "92", "missing_lines": 2, "excluded_lines": 0, "percent_statements_covered": 94.5945945945946, "percent_statements_covered_display": "95", "num_branches": 14, "num_partial_branches": 2, "covered_branches": 12, "missing_branches": 2, "percent_branches_covered": 85.71428571428571, "percent_branches_covered_display": "86"}, "missing_lines": [335, 355], "excluded_lines": [], "start_line": 249, "executed_branches": [[287, 288], [287, 300], [300, 301], [300, 314], [332, 333], [332, 334], [334, 338], [349, 350], [349, 354], [354, 358], [358, 361], [358, 363]], "missing_branches": [[334, 335], [354, 355]]}, "": {"executed_lines": [19, 21, 22, 23, 25, 29, 31, 37, 38, 39, 47, 48, 51, 52, 53, 54, 62, 104, 109, 119, 139, 182, 209, 249], "summary": {"covered_lines": 24, "num_statements": 24, "percent_covered": 100.0, "percent_covered_display": "100", "missing_lines": 0, "excluded_lines": 0, "percent_statements_covered": 100.0, "percent_statements_covered_display": "100", "num_branches": 0, "num_partial_branches": 0, "covered_branches": 0, "missing_branches": 0, "percent_branches_covered": 100.0, "percent_branches_covered_display": "100"}, "missing_lines": [], "excluded_lines": [], "start_line": 1, "executed_branches": [], "missing_branches": []}}, "classes": {"SubnetInfo": {"executed_lines": [], "summary": {"covered_lines": 0, "num_statements": 0, "percent_covered": 100.0, "percent_covered_display": "100", "missing_lines": 0, "excluded_lines": 0, "percent_statements_covered": 100.0, "percent_statements_covered_display": "100", "num_branches": 0, "num_partial_branches": 0, "covered_branches": 0, "missing_branches": 0, "percent_branches_covered": 100.0, "percent_branches_covered_display": "100"}, "missing_lines": [], "excluded_lines": [], "start_line": 48, "executed_branches": [], "missing_branches": []}, "": {"executed_lines": [19, 21, 22, 23, 25, 29, 31, 37, 38, 39, 47, 48, 51, 52, 53, 54, 62, 76, 77, 78, 81, 82, 83, 84, 85, 86, 87, 88, 89, 90, 98, 99, 100, 101, 104, 106, 109, 111, 119, 129, 130, 131, 139, 157, 160, 161, 162, 165, 166, 167, 170, 171, 174, 182, 191, 192, 193, 194, 195, 196, 197, 198, 199, 200, 201, 209, 227, 228, 229, 232, 233, 234, 237, 238, 241, 249, 277, 278, 281, 282, 283, 284, 285, 287, 288, 289, 293, 300, 301, 302, 303, 307, 314, 317, 323, 329, 330, 332, 333, 334, 338, 339, 341, 347, 349, 350, 354, 358, 361, 363, 365], "summary": {"covered_lines": 111, "num_statements": 113, "percent_covered": 96.93251533742331, "percent_covered_display": "97", "missing_lines": 2, "excluded_lines": 0, "percent_statements_covered": 98.23008849557522, "percent_statements_covered_display": "98", "num_branches": 50, "num_partial_branches": 3, "covered_branches": 47, "missing_branches": 3, "percent_branches_covered": 94.0, "percent_branches_covered_display": "94"}, "missing_lines": [335, 355], "excluded_lines": [], "start_line": 1, "executed_branches": [[82, 83], [82, 98], [83, 82], [83, 84], [85, 86], [85, 89], [86, 87], [89, 83], [89, 90], [160, 161], [160, 165], [161, 162], [161, 165], [165, 166], [165, 170], [166, 167], [166, 170], [170, 171], [170, 174], [194, 195], [194, 198], [195, 194], [195, 196], [196, 195], [196, 197], [227, 228], [227, 232], [228, 229], [228, 232], [232, 233], [232, 237], [233, 234], [233, 237], [237, 238], [237, 241], [287, 288], [287, 300], [300, 301], [300, 314], [332, 333], [332, 334], [334, 338], [349, 350], [349, 354], [354, 358], [358, 361], [358, 363]], "missing_branches": [[86, 85], [334, 335], [354, 355]]}}}, "daylily_ec/aws/heartbeat.py": {"executed_lines": [7, 9, 10, 11, 12, 13, 15, 23, 24, 27, 29, 30, 31, 33, 34, 36, 38, 39, 40, 42, 43, 46, 48, 56, 57, 60, 61, 62, 63, 64, 67, 68, 71, 72, 73, 74, 75, 76, 84, 98, 99, 100, 101, 102, 103, 105, 106, 107, 108, 109, 114, 120, 121, 122, 123, 124, 125, 126, 127, 128, 135, 143, 154, 159, 167, 168, 170, 171, 172, 173, 174, 175, 178, 180, 181, 182, 183, 184, 185, 189, 191, 192, 193, 194, 195, 196, 200, 202, 204, 205, 206, 207, 208, 209, 213, 226, 227, 228, 229, 231, 232, 233, 235, 241, 256, 273, 274, 275, 283, 288, 297, 302, 309, 310, 311, 319, 321, 322, 323, 324], "summary": {"covered_lines": 120, "num_statements": 125, "percent_covered": 93.10344827586206, "percent_covered_display": "93", "missing_lines": 5, "excluded_lines": 0, "percent_statements_covered": 96.0, "percent_statements_covered_display": "96", "num_branches": 20, "num_partial_branches": 5, "covered_branches": 15, "missing_branches": 5, "percent_branches_covered": 75.0, "percent_branches_covered_display": "75"}, "missing_lines": [133, 186, 197, 203, 210], "excluded_lines": [], "executed_branches": [[102, 103], [102, 105], [122, 123], [122, 135], [127, 128], [167, 168], [167, 170], [173, 174], [173, 175], [184, 185], [195, 196], [202, 204], [208, 209], [322, 323], [322, 324]], "missing_branches": [[127, 133], [184, 186], [195, 197], [202, 203], [208, 210]], "functions": {"HeartbeatNames.topic_name": {"executed_lines": [31], "summary": {"covered_lines": 1, "num_statements": 1, "percent_covered": 100.0, "percent_covered_display": "100", "missing_lines": 0, "excluded_lines": 0, "percent_statements_covered": 100.0, "percent_statements_covered_display": "100", "num_branches": 0, "num_partial_branches": 0, "covered_branches": 0, "missing_branches": 0, "percent_branches_covered": 100.0, "percent_branches_covered_display": "100"}, "missing_lines": [], "excluded_lines": [], "start_line": 30, "executed_branches": [], "missing_branches": []}, "HeartbeatNames.schedule_name": {"executed_lines": [36], "summary": {"covered_lines": 1, "num_statements": 1, "percent_covered": 100.0, "percent_covered_display": "100", "missing_lines": 0, "excluded_lines": 0, "percent_statements_covered": 100.0, "percent_statements_covered_display": "100", "num_branches": 0, "num_partial_branches": 0, "covered_branches": 0, "missing_branches": 0, "percent_branches_covered": 100.0, "percent_branches_covered_display": "100"}, "missing_lines": [], "excluded_lines": [], "start_line": 34, "executed_branches": [], "missing_branches": []}, "HeartbeatNames.function_name": {"executed_lines": [40], "summary": {"covered_lines": 1, "num_statements": 1, "percent_covered": 100.0, "percent_covered_display": "100", "missing_lines": 0, "excluded_lines": 0, "percent_statements_covered": 100.0, "percent_statements_covered_display": "100", "num_branches": 0, "num_partial_branches": 0, "covered_branches": 0, "missing_branches": 0, "percent_branches_covered": 100.0, "percent_branches_covered_display": "100"}, "missing_lines": [], "excluded_lines": [], "start_line": 39, "executed_branches": [], "missing_branches": []}, "HeartbeatNames.topic_arn": {"executed_lines": [43], "summary": {"covered_lines": 1, "num_statements": 1, "percent_covered": 100.0, "percent_covered_display": "100", "missing_lines": 0, "excluded_lines": 0, "percent_statements_covered": 100.0, "percent_statements_covered_display": "100", "num_branches": 0, "num_partial_branches": 0, "covered_branches": 0, "missing_branches": 0, "percent_branches_covered": 100.0, "percent_branches_covered_display": "100"}, "missing_lines": [], "excluded_lines": [], "start_line": 42, "executed_branches": [], "missing_branches": []}, "derive_names": {"executed_lines": [48], "summary": {"covered_lines": 1, "num_statements": 1, "percent_covered": 100.0, "percent_covered_display": "100", "missing_lines": 0, "excluded_lines": 0, "percent_statements_covered": 100.0, "percent_statements_covered_display": "100", "num_branches": 0, "num_partial_branches": 0, "covered_branches": 0, "missing_branches": 0, "percent_branches_covered": 100.0, "percent_branches_covered_display": "100"}, "missing_lines": [], "excluded_lines": [], "start_line": 46, "executed_branches": [], "missing_branches": []}, "ensure_topic_and_subscription": {"executed_lines": [98, 99, 100, 101, 102, 103, 105, 106, 107, 108, 109, 114, 120, 121, 122, 123, 124, 125, 126, 127, 128, 135], "summary": {"covered_lines": 22, "num_statements": 23, "percent_covered": 93.10344827586206, "percent_covered_display": "93", "missing_lines": 1, "excluded_lines": 0, "percent_statements_covered": 95.65217391304348, "percent_statements_covered_display": "96", "num_branches": 6, "num_partial_branches": 1, "covered_branches": 5, "missing_branches": 1, "percent_branches_covered": 83.33333333333333, "percent_branches_covered_display": "83"}, "missing_lines": [133], "excluded_lines": [], "start_line": 84, "executed_branches": [[102, 103], [102, 105], [122, 123], [122, 135], [127, 128]], "missing_branches": [[127, 133]]}, "create_or_update_schedule": {"executed_lines": [154, 159, 167, 168, 170, 171, 172, 173, 174, 175], "summary": {"covered_lines": 10, "num_statements": 10, "percent_covered": 100.0, "percent_covered_display": "100", "missing_lines": 0, "excluded_lines": 0, "percent_statements_covered": 100.0, "percent_statements_covered_display": "100", "num_branches": 4, "num_partial_branches": 0, "covered_branches": 4, "missing_branches": 0, "percent_branches_covered": 100.0, "percent_branches_covered_display": "100"}, "missing_lines": [], "excluded_lines": [], "start_line": 143, "executed_branches": [[167, 168], [167, 170], [173, 174], [173, 175]], "missing_branches": []}, "delete_schedule": {"executed_lines": [180, 181, 182, 183, 184, 185], "summary": {"covered_lines": 6, "num_statements": 7, "percent_covered": 77.77777777777777, "percent_covered_display": "78", "missing_lines": 1, "excluded_lines": 0, "percent_statements_covered": 85.71428571428571, "percent_statements_covered_display": "86", "num_branches": 2, "num_partial_branches": 1, "covered_branches": 1, "missing_branches": 1, "percent_branches_covered": 50.0, "percent_branches_covered_display": "50"}, "missing_lines": [186], "excluded_lines": [], "start_line": 178, "executed_branches": [[184, 185]], "missing_branches": [[184, 186]]}, "delete_lambda": {"executed_lines": [191, 192, 193, 194, 195, 196], "summary": {"covered_lines": 6, "num_statements": 7, "percent_covered": 77.77777777777777, "percent_covered_display": "78", "missing_lines": 1, "excluded_lines": 0, "percent_statements_covered": 85.71428571428571, "percent_statements_covered_display": "86", "num_branches": 2, "num_partial_branches": 1, "covered_branches": 1, "missing_branches": 1, "percent_branches_covered": 50.0, "percent_branches_covered_display": "50"}, "missing_lines": [197], "excluded_lines": [], "start_line": 189, "executed_branches": [[195, 196]], "missing_branches": [[195, 197]]}, "delete_topic": {"executed_lines": [202, 204, 205, 206, 207, 208, 209], "summary": {"covered_lines": 7, "num_statements": 9, "percent_covered": 69.23076923076923, "percent_covered_display": "69", "missing_lines": 2, "excluded_lines": 0, "percent_statements_covered": 77.77777777777777, "percent_statements_covered_display": "78", "num_branches": 4, "num_partial_branches": 2, "covered_branches": 2, "missing_branches": 2, "percent_branches_covered": 50.0, "percent_branches_covered_display": "50"}, "missing_lines": [203, 210], "excluded_lines": [], "start_line": 200, "executed_branches": [[202, 204], [208, 209]], "missing_branches": [[202, 203], [208, 210]]}, "delete_heartbeat_resources": {"executed_lines": [226, 227, 228, 229, 231, 232, 233, 235, 241], "summary": {"covered_lines": 9, "num_statements": 9, "percent_covered": 100.0, "percent_covered_display": "100", "missing_lines": 0, "excluded_lines": 0, "percent_statements_covered": 100.0, "percent_statements_covered_display": "100", "num_branches": 0, "num_partial_branches": 0, "covered_branches": 0, "missing_branches": 0, "percent_branches_covered": 100.0, "percent_branches_covered_display": "100"}, "missing_lines": [], "excluded_lines": [], "start_line": 213, "executed_branches": [], "missing_branches": []}, "ensure_heartbeat": {"executed_lines": [273, 274, 275, 283, 288, 297, 302, 309, 310, 311], "summary": {"covered_lines": 10, "num_statements": 10, "percent_covered": 100.0, "percent_covered_display": "100", "missing_lines": 0, "excluded_lines": 0, "percent_statements_covered": 100.0, "percent_statements_covered_display": "100", "num_branches": 0, "num_partial_branches": 0, "covered_branches": 0, "missing_branches": 0, "percent_branches_covered": 100.0, "percent_branches_covered_display": "100"}, "missing_lines": [], "excluded_lines": [], "start_line": 256, "executed_branches": [], "missing_branches": []}, "_error_code": {"executed_lines": [321, 322, 323, 324], "summary": {"covered_lines": 4, "num_statements": 4, "percent_covered": 100.0, "percent_covered_display": "100", "missing_lines": 0, "excluded_lines": 0, "percent_statements_covered": 100.0, "percent_statements_covered_display": "100", "num_branches": 2, "num_partial_branches": 0, "covered_branches": 2, "missing_branches": 0, "percent_branches_covered": 100.0, "percent_branches_covered_display": "100"}, "missing_lines": [], "excluded_lines": [], "start_line": 319, "executed_branches": [[322, 323], [322, 324]], "missing_branches": []}, "": {"executed_lines": [7, 9, 10, 11, 12, 13, 15, 23, 24, 27, 29, 30, 33, 34, 38, 39, 42, 46, 56, 57, 60, 61, 62, 63, 64, 67, 68, 71, 72, 73, 74, 75, 76, 84, 143, 178, 189, 200, 213, 256, 319], "summary": {"covered_lines": 41, "num_statements": 41, "percent_covered": 100.0, "percent_covered_display": "100", "missing_lines": 0, "excluded_lines": 0, "percent_statements_covered": 100.0, "percent_statements_covered_display": "100", "num_branches": 0, "num_partial_branches": 0, "covered_branches": 0, "missing_branches": 0, "percent_branches_covered": 100.0, "percent_branches_covered_display": "100"}, "missing_lines": [], "excluded_lines": [], "start_line": 1, "executed_branches": [], "missing_branches": []}}, "classes": {"HeartbeatNames": {"executed_lines": [31, 36, 40, 43], "summary": {"covered_lines": 4, "num_statements": 4, "percent_covered": 100.0, "percent_covered_display": "100", "missing_lines": 0, "excluded_lines": 0, "percent_statements_covered": 100.0, "percent_statements_covered_display": "100", "num_branches": 0, "num_partial_branches": 0, "covered_branches": 0, "missing_branches": 0, "percent_branches_covered": 100.0, "percent_branches_covered_display": "100"}, "missing_lines": [], "excluded_lines": [], "start_line": 24, "executed_branches": [], "missing_branches": []}, "HeartbeatResult": {"executed_lines": [], "summary": {"covered_lines": 0, "num_statements": 0, "percent_covered": 100.0, "percent_covered_display": "100", "missing_lines": 0, "excluded_lines": 0, "percent_statements_covered": 100.0, "percent_statements_covered_display": "100", "num_branches": 0, "num_partial_branches": 0, "covered_branches": 0, "missing_branches": 0, "percent_branches_covered": 100.0, "percent_branches_covered_display": "100"}, "missing_lines": [], "excluded_lines": [], "start_line": 57, "executed_branches": [], "missing_branches": []}, "HeartbeatDeleteResult": {"executed_lines": [], "summary": {"covered_lines": 0, "num_statements": 0, "percent_covered": 100.0, "percent_covered_display": "100", "missing_lines": 0, "excluded_lines": 0, "percent_statements_covered": 100.0, "percent_statements_covered_display": "100", "num_branches": 0, "num_partial_branches": 0, "covered_branches": 0, "missing_branches": 0, "percent_branches_covered": 100.0, "percent_branches_covered_display": "100"}, "missing_lines": [], "excluded_lines": [], "start_line": 68, "executed_branches": [], "missing_branches": []}, "": {"executed_lines": [7, 9, 10, 11, 12, 13, 15, 23, 24, 27, 29, 30, 33, 34, 38, 39, 42, 46, 48, 56, 57, 60, 61, 62, 63, 64, 67, 68, 71, 72, 73, 74, 75, 76, 84, 98, 99, 100, 101, 102, 103, 105, 106, 107, 108, 109, 114, 120, 121, 122, 123, 124, 125, 126, 127, 128, 135, 143, 154, 159, 167, 168, 170, 171, 172, 173, 174, 175, 178, 180, 181, 182, 183, 184, 185, 189, 191, 192, 193, 194, 195, 196, 200, 202, 204, 205, 206, 207, 208, 209, 213, 226, 227, 228, 229, 231, 232, 233, 235, 241, 256, 273, 274, 275, 283, 288, 297, 302, 309, 310, 311, 319, 321, 322, 323, 324], "summary": {"covered_lines": 116, "num_statements": 121, "percent_covered": 92.90780141843972, "percent_covered_display": "93", "missing_lines": 5, "excluded_lines": 0, "percent_statements_covered": 95.86776859504133, "percent_statements_covered_display": "96", "num_branches": 20, "num_partial_branches": 5, "covered_branches": 15, "missing_branches": 5, "percent_branches_covered": 75.0, "percent_branches_covered_display": "75"}, "missing_lines": [133, 186, 197, 203, 210], "excluded_lines": [], "start_line": 1, "executed_branches": [[102, 103], [102, 105], [122, 123], [122, 135], [127, 128], [167, 168], [167, 170], [173, 174], [173, 175], [184, 185], [195, 196], [202, 204], [208, 209], [322, 323], [322, 324]], "missing_branches": [[127, 133], [184, 186], [195, 197], [202, 203], [208, 210]]}}}, "daylily_ec/aws/iam.py": {"executed_lines": [11, 13, 14, 15, 16, 17, 18, 20, 21, 23, 29, 30, 32, 33, 49, 56, 61, 69, 81, 82, 83, 84, 85, 86, 87, 90, 91, 92, 93, 94, 96, 97, 100, 101, 102, 108, 109, 111, 119, 121, 124, 139, 140, 161, 162, 164, 168, 169, 170, 178, 179, 182, 183, 189, 195, 204, 212, 221, 222, 223, 224, 225, 226, 239, 240, 244, 245, 246, 255, 256, 272, 295, 296, 299, 300, 301, 302, 305, 306, 307, 308, 309, 310, 311, 312, 315, 316, 317, 318, 320, 321, 325, 326, 327, 328, 330, 331, 332, 334, 335, 336, 337, 338, 339, 340, 344, 352, 365, 366, 369, 375, 378, 379, 381, 383], "summary": {"covered_lines": 115, "num_statements": 124, "percent_covered": 90.4494382022472, "percent_covered_display": "90", "missing_lines": 9, "excluded_lines": 0, "percent_statements_covered": 92.74193548387096, "percent_statements_covered_display": "93", "num_branches": 54, "num_partial_branches": 8, "covered_branches": 46, "missing_branches": 8, "percent_branches_covered": 85.18518518518519, "percent_branches_covered_display": "85"}, "missing_lines": [95, 103, 104, 235, 236, 322, 323, 341, 342], "excluded_lines": [], "executed_branches": [[83, 84], [83, 90], [84, 83], [84, 85], [92, 93], [92, 111], [94, 96], [100, 92], [100, 101], [101, 100], [101, 102], [139, 140], [139, 161], [164, 168], [164, 204], [169, 170], [169, 178], [182, 183], [182, 189], [223, 224], [223, 239], [224, 223], [224, 225], [225, 226], [295, 296], [295, 299], [299, 300], [299, 305], [301, 299], [301, 302], [305, 306], [305, 315], [309, 310], [316, 317], [316, 318], [318, 320], [325, 326], [327, 328], [327, 330], [332, 334], [332, 344], [334, 335], [335, 334], [335, 336], [337, 338], [339, 340]], "missing_branches": [[94, 95], [225, 224], [309, 305], [318, 325], [325, 344], [334, 344], [337, 334], [339, 334]], "functions": {"check_policy_attached": {"executed_lines": [81, 82, 83, 84, 85, 86, 87, 90, 91, 92, 93, 94, 96, 97, 100, 101, 102, 108, 109, 111], "summary": {"covered_lines": 20, "num_statements": 23, "percent_covered": 88.57142857142857, "percent_covered_display": "89", "missing_lines": 3, "excluded_lines": 0, "percent_statements_covered": 86.95652173913044, "percent_statements_covered_display": "87", "num_branches": 12, "num_partial_branches": 1, "covered_branches": 11, "missing_branches": 1, "percent_branches_covered": 91.66666666666667, "percent_branches_covered_display": "92"}, "missing_lines": [95, 103, 104], "excluded_lines": [], "start_line": 69, "executed_branches": [[83, 84], [83, 90], [84, 83], [84, 85], [92, 93], [92, 111], [94, 96], [100, 92], [100, 101], [101, 100], [101, 102]], "missing_branches": [[94, 95]]}, "_is_root_account": {"executed_lines": [121], "summary": {"covered_lines": 1, "num_statements": 1, "percent_covered": 100.0, "percent_covered_display": "100", "missing_lines": 0, "excluded_lines": 0, "percent_statements_covered": 100.0, "percent_statements_covered_display": "100", "num_branches": 0, "num_partial_branches": 0, "covered_branches": 0, "missing_branches": 0, "percent_branches_covered": 100.0, "percent_branches_covered_display": "100"}, "missing_lines": [], "excluded_lines": [], "start_line": 119, "executed_branches": [], "missing_branches": []}, "check_daylily_policies": {"executed_lines": [139, 140, 161, 162, 164, 168, 169, 170, 178, 179, 182, 183, 189, 195, 204], "summary": {"covered_lines": 15, "num_statements": 15, "percent_covered": 100.0, "percent_covered_display": "100", "missing_lines": 0, "excluded_lines": 0, "percent_statements_covered": 100.0, "percent_statements_covered_display": "100", "num_branches": 8, "num_partial_branches": 0, "covered_branches": 8, "missing_branches": 0, "percent_branches_covered": 100.0, "percent_branches_covered_display": "100"}, "missing_lines": [], "excluded_lines": [], "start_line": 124, "executed_branches": [[139, 140], [139, 161], [164, 168], [164, 204], [169, 170], [169, 178], [182, 183], [182, 189]], "missing_branches": []}, "ensure_pcluster_omics_policy": {"executed_lines": [221, 222, 223, 224, 225, 226, 239, 240, 244, 245, 246, 255, 256], "summary": {"covered_lines": 13, "num_statements": 15, "percent_covered": 85.71428571428571, "percent_covered_display": "86", "missing_lines": 2, "excluded_lines": 0, "percent_statements_covered": 86.66666666666667, "percent_statements_covered_display": "87", "num_branches": 6, "num_partial_branches": 1, "covered_branches": 5, "missing_branches": 1, "percent_branches_covered": 83.33333333333333, "percent_branches_covered_display": "83"}, "missing_lines": [235, 236], "excluded_lines": [], "start_line": 212, "executed_branches": [[223, 224], [223, 239], [224, 223], [224, 225], [225, 226]], "missing_branches": [[225, 224]]}, "resolve_scheduler_role": {"executed_lines": [295, 296, 299, 300, 301, 302, 305, 306, 307, 308, 309, 310, 311, 312, 315, 316, 317, 318, 320, 321, 325, 326, 327, 328, 330, 331, 332, 334, 335, 336, 337, 338, 339, 340, 344], "summary": {"covered_lines": 35, "num_statements": 39, "percent_covered": 85.07462686567165, "percent_covered_display": "85", "missing_lines": 4, "excluded_lines": 0, "percent_statements_covered": 89.74358974358974, "percent_statements_covered_display": "90", "num_branches": 28, "num_partial_branches": 6, "covered_branches": 22, "missing_branches": 6, "percent_branches_covered": 78.57142857142857, "percent_branches_covered_display": "79"}, "missing_lines": [322, 323, 341, 342], "excluded_lines": [], "start_line": 272, "executed_branches": [[295, 296], [295, 299], [299, 300], [299, 305], [301, 299], [301, 302], [305, 306], [305, 315], [309, 310], [316, 317], [316, 318], [318, 320], [325, 326], [327, 328], [327, 330], [332, 334], [332, 344], [334, 335], [335, 334], [335, 336], [337, 338], [339, 340]], "missing_branches": [[309, 305], [318, 325], [325, 344], [334, 344], [337, 334], [339, 334]]}, "make_iam_preflight_step": {"executed_lines": [365, 383], "summary": {"covered_lines": 2, "num_statements": 2, "percent_covered": 100.0, "percent_covered_display": "100", "missing_lines": 0, "excluded_lines": 0, "percent_statements_covered": 100.0, "percent_statements_covered_display": "100", "num_branches": 0, "num_partial_branches": 0, "covered_branches": 0, "missing_branches": 0, "percent_branches_covered": 100.0, "percent_branches_covered_display": "100"}, "missing_lines": [], "excluded_lines": [], "start_line": 352, "executed_branches": [], "missing_branches": []}, "make_iam_preflight_step.step": {"executed_lines": [366, 369, 375, 378, 379, 381], "summary": {"covered_lines": 6, "num_statements": 6, "percent_covered": 100.0, "percent_covered_display": "100", "missing_lines": 0, "excluded_lines": 0, "percent_statements_covered": 100.0, "percent_statements_covered_display": "100", "num_branches": 0, "num_partial_branches": 0, "covered_branches": 0, "missing_branches": 0, "percent_branches_covered": 100.0, "percent_branches_covered_display": "100"}, "missing_lines": [], "excluded_lines": [], "start_line": 365, "executed_branches": [], "missing_branches": []}, "": {"executed_lines": [11, 13, 14, 15, 16, 17, 18, 20, 21, 23, 29, 30, 32, 33, 49, 56, 61, 69, 119, 124, 212, 272, 352], "summary": {"covered_lines": 23, "num_statements": 23, "percent_covered": 100.0, "percent_covered_display": "100", "missing_lines": 0, "excluded_lines": 0, "percent_statements_covered": 100.0, "percent_statements_covered_display": "100", "num_branches": 0, "num_partial_branches": 0, "covered_branches": 0, "missing_branches": 0, "percent_branches_covered": 100.0, "percent_branches_covered_display": "100"}, "missing_lines": [], "excluded_lines": [], "start_line": 1, "executed_branches": [], "missing_branches": []}}, "classes": {"": {"executed_lines": [11, 13, 14, 15, 16, 17, 18, 20, 21, 23, 29, 30, 32, 33, 49, 56, 61, 69, 81, 82, 83, 84, 85, 86, 87, 90, 91, 92, 93, 94, 96, 97, 100, 101, 102, 108, 109, 111, 119, 121, 124, 139, 140, 161, 162, 164, 168, 169, 170, 178, 179, 182, 183, 189, 195, 204, 212, 221, 222, 223, 224, 225, 226, 239, 240, 244, 245, 246, 255, 256, 272, 295, 296, 299, 300, 301, 302, 305, 306, 307, 308, 309, 310, 311, 312, 315, 316, 317, 318, 320, 321, 325, 326, 327, 328, 330, 331, 332, 334, 335, 336, 337, 338, 339, 340, 344, 352, 365, 366, 369, 375, 378, 379, 381, 383], "summary": {"covered_lines": 115, "num_statements": 124, "percent_covered": 90.4494382022472, "percent_covered_display": "90", "missing_lines": 9, "excluded_lines": 0, "percent_statements_covered": 92.74193548387096, "percent_statements_covered_display": "93", "num_branches": 54, "num_partial_branches": 8, "covered_branches": 46, "missing_branches": 8, "percent_branches_covered": 85.18518518518519, "percent_branches_covered_display": "85"}, "missing_lines": [95, 103, 104, 235, 236, 322, 323, 341, 342], "excluded_lines": [], "start_line": 1, "executed_branches": [[83, 84], [83, 90], [84, 83], [84, 85], [92, 93], [92, 111], [94, 96], [100, 92], [100, 101], [101, 100], [101, 102], [139, 140], [139, 161], [164, 168], [164, 204], [169, 170], [169, 178], [182, 183], [182, 189], [223, 224], [223, 239], [224, 223], [224, 225], [225, 226], [295, 296], [295, 299], [299, 300], [299, 305], [301, 299], [301, 302], [305, 306], [305, 315], [309, 310], [316, 317], [316, 318], [318, 320], [325, 326], [327, 328], [327, 330], [332, 334], [332, 344], [334, 335], [335, 334], [335, 336], [337, 338], [339, 340]], "missing_branches": [[94, 95], [225, 224], [309, 305], [318, 325], [325, 344], [334, 344], [337, 334], [339, 334]]}}}, "daylily_ec/aws/pricing_snapshots.py": {"executed_lines": [3, 5, 6, 7, 8, 10, 12, 14, 15, 23, 26, 27, 30, 31, 34, 36, 37, 39, 40, 41, 45, 46, 47, 48, 50, 53, 54, 55, 57, 60, 66, 71, 72, 73, 75, 76, 78, 79, 80, 82, 83, 84, 86, 87, 89, 90, 91, 93, 95, 96, 98, 101, 102, 103, 106, 107, 110, 115, 118, 119, 120, 121, 122, 123, 124, 125, 126, 127, 130, 136, 142, 143, 144, 146, 147, 148, 153, 161, 162, 163, 164, 165, 166, 167, 168, 169, 170, 172, 176, 177, 178, 179, 180, 181, 182, 184, 194, 204, 205, 210, 211, 215, 216, 219, 220, 221, 222, 224, 225, 226, 227, 229, 230, 231, 232, 233, 235, 240, 241, 242, 255, 263], "summary": {"covered_lines": 122, "num_statements": 139, "percent_covered": 84.29319371727749, "percent_covered_display": "84", "missing_lines": 17, "excluded_lines": 0, "percent_statements_covered": 87.76978417266187, "percent_statements_covered_display": "88", "num_branches": 52, "num_partial_branches": 11, "covered_branches": 39, "missing_branches": 13, "percent_branches_covered": 75.0, "percent_branches_covered_display": "75"}, "missing_lines": [42, 49, 56, 77, 85, 88, 97, 149, 150, 154, 156, 157, 158, 173, 185, 217, 234], "excluded_lines": [], "executed_branches": [[36, 37], [36, 39], [40, 41], [48, 50], [55, 57], [75, 76], [75, 95], [76, 78], [79, 80], [79, 82], [83, 84], [83, 93], [84, 86], [86, 83], [86, 87], [87, 89], [90, 91], [96, 98], [102, -101], [102, 103], [120, 121], [120, 127], [122, 120], [122, 123], [125, 126], [143, 144], [143, 146], [216, 219], [224, 225], [224, 255], [229, 224], [229, 230], [230, 229], [230, 231], [231, 230], [231, 232], [233, 235], [240, 241], [240, 242]], "missing_branches": [[40, 42], [48, 49], [55, 56], [76, 77], [84, 85], [87, 88], [90, 86], [96, 97], [125, 122], [156, 157], [156, 158], [216, 217], [233, 234]], "functions": {"_now_iso": {"executed_lines": [27], "summary": {"covered_lines": 1, "num_statements": 1, "percent_covered": 100.0, "percent_covered_display": "100", "missing_lines": 0, "excluded_lines": 0, "percent_statements_covered": 100.0, "percent_statements_covered_display": "100", "num_branches": 0, "num_partial_branches": 0, "covered_branches": 0, "missing_branches": 0, "percent_branches_covered": 100.0, "percent_branches_covered_display": "100"}, "missing_lines": [], "excluded_lines": [], "start_line": 26, "executed_branches": [], "missing_branches": []}, "_default_cluster_config_path": {"executed_lines": [31], "summary": {"covered_lines": 1, "num_statements": 1, "percent_covered": 100.0, "percent_covered_display": "100", "missing_lines": 0, "excluded_lines": 0, "percent_statements_covered": 100.0, "percent_statements_covered_display": "100", "num_branches": 0, "num_partial_branches": 0, "covered_branches": 0, "missing_branches": 0, "percent_branches_covered": 100.0, "percent_branches_covered_display": "100"}, "missing_lines": [], "excluded_lines": [], "start_line": 30, "executed_branches": [], "missing_branches": []}, "resolve_cluster_config_path": {"executed_lines": [36, 37, 39, 40, 41], "summary": {"covered_lines": 5, "num_statements": 6, "percent_covered": 80.0, "percent_covered_display": "80", "missing_lines": 1, "excluded_lines": 0, "percent_statements_covered": 83.33333333333333, "percent_statements_covered_display": "83", "num_branches": 4, "num_partial_branches": 1, "covered_branches": 3, "missing_branches": 1, "percent_branches_covered": 75.0, "percent_branches_covered_display": "75"}, "missing_lines": [42], "excluded_lines": [], "start_line": 34, "executed_branches": [[36, 37], [36, 39], [40, 41]], "missing_branche
[...]
1, 482, 484, 485, 486, 489, 490, 491, 492, 493, 495], "summary": {"covered_lines": 11, "num_statements": 15, "percent_covered": 68.42105263157895, "percent_covered_display": "68", "missing_lines": 4, "excluded_lines": 0, "percent_statements_covered": 73.33333333333333, "percent_statements_covered_display": "73", "num_branches": 4, "num_partial_branches": 2, "covered_branches": 2, "missing_branches": 2, "percent_branches_covered": 50.0, "percent_branches_covered_display": "50"}, "missing_lines": [483, 487, 488, 494], "excluded_lines": [], "start_line": 480, "executed_branches": [[482, 484], [493, 495]], "missing_branches": [[482, 483], [493, 494]]}, "_s3_parts": {"executed_lines": [499, 500, 502], "summary": {"covered_lines": 3, "num_statements": 4, "percent_covered": 66.66666666666667, "percent_covered_display": "67", "missing_lines": 1, "excluded_lines": 0, "percent_statements_covered": 75.0, "percent_statements_covered_display": "75", "num_branches": 2, "num_partial_branches": 1, "covered_branches": 1, "missing_branches": 1, "percent_branches_covered": 50.0, "percent_branches_covered_display": "50"}, "missing_lines": [501], "excluded_lines": [], "start_line": 498, "executed_branches": [[500, 502]], "missing_branches": [[500, 501]]}, "_iter_s3_objects": {"executed_lines": [506, 507, 508, 509, 510, 512, 513, 516, 517, 518, 522, 524], "summary": {"covered_lines": 12, "num_statements": 19, "percent_covered": 55.55555555555556, "percent_covered_display": "56", "missing_lines": 7, "excluded_lines": 0, "percent_statements_covered": 63.1578947368421, "percent_statements_covered_display": "63", "num_branches": 8, "num_partial_branches": 3, "covered_branches": 3, "missing_branches": 5, "percent_branches_covered": 37.5, "percent_branches_covered_display": "38"}, "missing_lines": [511, 514, 515, 519, 520, 521, 523], "excluded_lines": [], "start_line": 505, "executed_branches": [[510, 512], [517, 518], [522, 524]], "missing_branches": [[510, 511], [517, 519], [520, 508], [520, 521], [522, 523]]}, "_sha256_from_head_object": {"executed_lines": [528, 529, 530, 531, 533, 534, 541], "summary": {"covered_lines": 7, "num_statements": 14, "percent_covered": 50.0, "percent_covered_display": "50", "missing_lines": 7, "excluded_lines": 0, "percent_statements_covered": 50.0, "percent_statements_covered_display": "50", "num_branches": 8, "num_partial_branches": 2, "covered_branches": 4, "missing_branches": 4, "percent_branches_covered": 50.0, "percent_branches_covered_display": "50"}, "missing_lines": [532, 535, 536, 537, 538, 539, 540], "excluded_lines": [], "start_line": 527, "executed_branches": [[529, 530], [529, 533], [531, 529], [534, 541]], "missing_branches": [[531, 532], [534, 535], [539, 540], [539, 541]]}, "_classify_exported_artifact": {"executed_lines": [545, 546, 548, 550, 551, 552, 553, 554, 555], "summary": {"covered_lines": 9, "num_statements": 44, "percent_covered": 16.666666666666668, "percent_covered_display": "17", "missing_lines": 35, "excluded_lines": 0, "percent_statements_covered": 20.454545454545453, "percent_statements_covered_display": "20", "num_branches": 40, "num_partial_branches": 3, "covered_branches": 5, "missing_branches": 35, "percent_branches_covered": 12.5, "percent_branches_covered_display": "12"}, "missing_lines": [547, 549, 556, 557, 558, 559, 560, 561, 562, 563, 564, 565, 566, 567, 568, 569, 570, 571, 572, 573, 574, 575, 576, 577, 578, 579, 580, 581, 582, 583, 584, 585, 586, 587, 588], "excluded_lines": [], "start_line": 544, "executed_branches": [[546, 548], [548, 550], [550, 551], [550, 552], [554, 555]], "missing_branches": [[546, 547], [548, 549], [554, 556], [556, 557], [556, 566], [557, 558], [557, 559], [559, 560], [559, 561], [561, 562], [561, 563], [563, 564], [563, 565], [566, 567], [566, 568], [568, 569], [568, 570], [570, 571], [570, 572], [572, 573], [572, 574], [574, 575], [574, 576], [576, 577], [576, 578], [578, 579], [578, 580], [580, 581], [580, 582], [582, 583], [582, 584], [584, 585], [584, 586], [586, 587], [586, 588]]}, "_parser_relevant": {"executed_lines": [], "summary": {"covered_lines": 0, "num_statements": 5, "percent_covered": 0.0, "percent_covered_display": "0", "missing_lines": 5, "excluded_lines": 0, "percent_statements_covered": 0.0, "percent_statements_covered_display": "0", "num_branches": 4, "num_partial_branches": 0, "covered_branches": 0, "missing_branches": 4, "percent_branches_covered": 0.0, "percent_branches_covered_display": "0"}, "missing_lines": [592, 600, 601, 604, 605], "excluded_lines": [], "start_line": 591, "executed_branches": [], "missing_branches": [[592, 600], [592, 601], [601, 604], [601, 605]]}, "_selected_by_policy": {"executed_lines": [617, 619, 620, 621, 630], "summary": {"covered_lines": 5, "num_statements": 5, "percent_covered": 100.0, "percent_covered_display": "100", "missing_lines": 0, "excluded_lines": 0, "percent_statements_covered": 100.0, "percent_statements_covered_display": "100", "num_branches": 2, "num_partial_branches": 0, "covered_branches": 2, "missing_branches": 0, "percent_branches_covered": 100.0, "percent_branches_covered_display": "100"}, "missing_lines": [], "excluded_lines": [], "start_line": 608, "executed_branches": [[619, 620], [619, 621]], "missing_branches": []}, "_build_s3_inventory_manifest": {"executed_lines": [641, 643, 644, 645, 646, 647, 648, 649, 650, 652, 653, 655, 656, 664, 665, 667, 668, 669, 672], "summary": {"covered_lines": 19, "num_statements": 30, "percent_covered": 59.523809523809526, "percent_covered_display": "60", "missing_lines": 11, "excluded_lines": 0, "percent_statements_covered": 63.333333333333336, "percent_statements_covered_display": "63", "num_branches": 12, "num_partial_branches": 4, "covered_branches": 6, "missing_branches": 6, "percent_branches_covered": 50.0, "percent_branches_covered_display": "50"}, "missing_lines": [651, 654, 666, 670, 671, 673, 693, 716, 717, 718, 719], "excluded_lines": [], "start_line": 633, "executed_branches": [[648, 649], [650, 652], [653, 655], [656, 664], [656, 665], [665, 667]], "missing_branches": [[648, 693], [650, 651], [653, 654], [665, 666], [716, 717], [716, 718]]}, "_run_dewey_registration": {"executed_lines": [729, 737, 738, 740, 742, 744, 746, 747, 749, 750, 751, 752, 753, 759, 760, 761, 762, 763, 774, 779, 784, 785, 794, 795, 796, 797, 798, 799, 803], "summary": {"covered_lines": 29, "num_statements": 35, "percent_covered": 76.47058823529412, "percent_covered_display": "76", "missing_lines": 6, "excluded_lines": 0, "percent_statements_covered": 82.85714285714286, "percent_statements_covered_display": "83", "num_branches": 16, "num_partial_branches": 6, "covered_branches": 10, "missing_branches": 6, "percent_branches_covered": 62.5, "percent_branches_covered_display": "62"}, "missing_lines": [739, 741, 743, 745, 748, 771], "excluded_lines": [], "start_line": 722, "executed_branches": [[738, 740], [740, 742], [742, 744], [744, 746], [747, 749], [751, 752], [751, 761], [761, 762], [784, 785], [784, 794]], "missing_branches": [[738, 739], [740, 741], [742, 743], [744, 745], [747, 748], [761, 771]]}, "_base_receipt": {"executed_lines": [817, 818, 822, 823], "summary": {"covered_lines": 4, "num_statements": 4, "percent_covered": 100.0, "percent_covered_display": "100", "missing_lines": 0, "excluded_lines": 0, "percent_statements_covered": 100.0, "percent_statements_covered_display": "100", "num_branches": 0, "num_partial_branches": 0, "covered_branches": 0, "missing_branches": 0, "percent_branches_covered": 100.0, "percent_branches_covered_display": "100"}, "missing_lines": [], "excluded_lines": [], "start_line": 816, "executed_branches": [], "missing_branches": []}, "run_dewey_registration_for_existing_export": {"executed_lines": [848, 849, 850, 869, 870, 889, 898, 899, 903, 904, 921, 922, 923, 924, 925, 926, 927, 928], "summary": {"covered_lines": 18, "num_statements": 28, "percent_covered": 63.333333333333336, "percent_covered_display": "63", "missing_lines": 10, "excluded_lines": 0, "percent_statements_covered": 64.28571428571429, "percent_statements_covered_display": "64", "num_branches": 2, "num_partial_branches": 1, "covered_branches": 1, "missing_branches": 1, "percent_branches_covered": 50.0, "percent_branches_covered_display": "50"}, "missing_lines": [871, 872, 885, 886, 887, 900, 912, 913, 914, 920], "excluded_lines": [], "start_line": 845, "executed_branches": [[899, 903]], "missing_branches": [[899, 900]]}, "run_export_workflow": {"executed_lines": [933, 934, 936, 937, 956, 957, 958, 959, 960, 961, 962, 963, 965, 966, 967, 972, 977, 989, 990, 991, 993, 1001, 1002, 1003, 1007, 1008, 1009, 1010, 1011, 1012, 1013, 1014, 1015, 1016, 1018, 1019, 1020, 1021, 1030, 1031, 1032, 1033, 1034, 1035, 1036, 1037, 1038, 1039, 1040, 1041, 1042, 1043, 1050, 1051, 1052, 1053, 1054, 1055, 1056, 1057, 1058, 1060, 1061, 1069, 1071, 1072], "summary": {"covered_lines": 66, "num_statements": 71, "percent_covered": 92.94117647058823, "percent_covered_display": "93", "missing_lines": 5, "excluded_lines": 0, "percent_statements_covered": 92.95774647887323, "percent_statements_covered_display": "93", "num_branches": 14, "num_partial_branches": 1, "covered_branches": 13, "missing_branches": 1, "percent_branches_covered": 92.85714285714286, "percent_branches_covered_display": "93"}, "missing_lines": [938, 939, 953, 954, 955], "excluded_lines": [], "start_line": 931, "executed_branches": [[1002, 1003], [1002, 1007], [1013, 1014], [1013, 1015], [1018, 1019], [1038, 1039], [1038, 1058], [1040, 1041], [1040, 1056], [1056, 1057], [1056, 1058], [1060, 1061], [1060, 1071]], "missing_branches": [[1018, 1038]]}, "run_export_workflow._capture_created_dra": {"executed_lines": [974, 975], "summary": {"covered_lines": 2, "num_statements": 2, "percent_covered": 100.0, "percent_covered_display": "100", "missing_lines": 0, "excluded_lines": 0, "percent_statements_covered": 100.0, "percent_statements_covered_display": "100", "num_branches": 0, "num_partial_branches": 0, "covered_branches": 0, "missing_branches": 0, "percent_branches_covered": 100.0, "percent_branches_covered_display": "100"}, "missing_lines": [], "excluded_lines": [], "start_line": 972, "executed_branches": [], "missing_branches": []}, "shell_copy_hint": {"executed_lines": [], "summary": {"covered_lines": 0, "num_statements": 1, "percent_covered": 0.0, "percent_covered_display": "0", "missing_lines": 1, "excluded_lines": 0, "percent_statements_covered": 0.0, "percent_statements_covered_display": "0", "num_branches": 0, "num_partial_branches": 0, "covered_branches": 0, "missing_branches": 0, "percent_branches_covered": 100.0, "percent_branches_covered_display": "100"}, "missing_lines": [1077], "excluded_lines": [], "start_line": 1075, "executed_branches": [], "missing_branches": []}, "": {"executed_lines": [3, 5, 6, 7, 8, 9, 10, 11, 12, 13, 14, 15, 17, 18, 19, 21, 22, 23, 24, 37, 39, 40, 41, 42, 43, 44, 47, 51, 52, 53, 54, 55, 56, 57, 58, 59, 60, 61, 62, 63, 64, 65, 66, 67, 68, 69, 72, 73, 74, 75, 76, 77, 78, 79, 80, 81, 82, 83, 84, 85, 86, 87, 90, 91, 92, 93, 94, 95, 96, 97, 98, 99, 100, 102, 106, 112, 119, 128, 133, 139, 188, 202, 225, 238, 264, 346, 398, 426, 468, 473, 480, 498, 505, 527, 544, 591, 608, 633, 722, 816, 845, 931, 1075], "summary": {"covered_lines": 103, "num_statements": 103, "percent_covered": 100.0, "percent_covered_display": "100", "missing_lines": 0, "excluded_lines": 0, "percent_statements_covered": 100.0, "percent_statements_covered_display": "100", "num_branches": 0, "num_partial_branches": 0, "covered_branches": 0, "missing_branches": 0, "percent_branches_covered": 100.0, "percent_branches_covered_display": "100"}, "missing_lines": [], "excluded_lines": [], "start_line": 1, "executed_branches": [], "missing_branches": []}}, "classes": {"ExportError": {"executed_lines": [], "summary": {"covered_lines": 0, "num_statements": 0, "percent_covered": 100.0, "percent_covered_display": "100", "missing_lines": 0, "excluded_lines": 0, "percent_statements_covered": 100.0, "percent_statements_covered_display": "100", "num_branches": 0, "num_partial_branches": 0, "covered_branches": 0, "missing_branches": 0, "percent_branches_covered": 100.0, "percent_branches_covered_display": "100"}, "missing_lines": [], "excluded_lines": [], "start_line": 47, "executed_branches": [], "missing_branches": []}, "ExportOptions": {"executed_lines": [], "summary": {"covered_lines": 0, "num_statements": 0, "percent_covered": 100.0, "percent_covered_display": "100", "missing_lines": 0, "excluded_lines": 0, "percent_statements_covered": 100.0, "percent_statements_covered_display": "100", "num_branches": 0, "num_partial_branches": 0, "covered_branches": 0, "missing_branches": 0, "percent_branches_covered": 100.0, "percent_branches_covered_display": "100"}, "missing_lines": [], "excluded_lines": [], "start_line": 52, "executed_branches": [], "missing_branches": []}, "RegisterExistingExportOptions": {"executed_lines": [], "summary": {"covered_lines": 0, "num_statements": 0, "percent_covered": 100.0, "percent_covered_display": "100", "missing_lines": 0, "excluded_lines": 0, "percent_statements_covered": 100.0, "percent_statements_covered_display": "100", "num_branches": 0, "num_partial_branches": 0, "covered_branches": 0, "missing_branches": 0, "percent_branches_covered": 100.0, "percent_branches_covered_display": "100"}, "missing_lines": [], "excluded_lines": [], "start_line": 73, "executed_branches": [], "missing_branches": []}, "ExportDraRecord": {"executed_lines": [103], "summary": {"covered_lines": 1, "num_statements": 1, "percent_covered": 100.0, "percent_covered_display": "100", "missing_lines": 0, "excluded_lines": 0, "percent_statements_covered": 100.0, "percent_statements_covered_display": "100", "num_branches": 0, "num_partial_branches": 0, "covered_branches": 0, "missing_branches": 0, "percent_branches_covered": 100.0, "percent_branches_covered_display": "100"}, "missing_lines": [], "excluded_lines": [], "start_line": 91, "executed_branches": [], "missing_branches": []}, "": {"executed_lines": [3, 5, 6, 7, 8, 9, 10, 11, 12, 13, 14, 15, 17, 18, 19, 21, 22, 23, 24, 37, 39, 40, 41, 42, 43, 44, 47, 51, 52, 53, 54, 55, 56, 57, 58, 59, 60, 61, 62, 63, 64, 65, 66, 67, 68, 69, 72, 73, 74, 75, 76, 77, 78, 79, 80, 81, 82, 83, 84, 85, 86, 87, 90, 91, 92, 93, 94, 95, 96, 97, 98, 99, 100, 102, 106, 108, 109, 112, 119, 120, 121, 122, 123, 124, 125, 128, 129, 130, 133, 134, 135, 136, 139, 140, 141, 143, 144, 145, 147, 152, 153, 154, 155, 156, 157, 158, 162, 164, 166, 167, 169, 171, 173, 174, 175, 176, 177, 178, 179, 183, 184, 185, 188, 189, 190, 191, 192, 193, 194, 195, 199, 202, 209, 213, 214, 215, 216, 217, 220, 221, 222, 225, 231, 232, 238, 244, 245, 251, 252, 253, 255, 256, 257, 258, 264, 278, 279, 280, 285, 286, 287, 291, 296, 297, 309, 310, 311, 313, 324, 325, 326, 327, 333, 346, 355, 356, 360, 361, 365, 366, 379, 380, 381, 383, 384, 389, 398, 404, 405, 406, 407, 410, 411, 413, 414, 415, 416, 417, 426, 436, 437, 438, 442, 443, 444, 450, 451, 453, 454, 455, 461, 468, 469, 470, 473, 474, 475, 476, 477, 480, 481, 482, 484, 485, 486, 489, 490, 491, 492, 493, 495, 498, 499, 500, 502, 505, 506, 507, 508, 509, 510, 512, 513, 516, 517, 518, 522, 524, 527, 528, 529, 530, 531, 533, 534, 541, 544, 545, 546, 548, 550, 551, 552, 553, 554, 555, 591, 608, 617, 619, 620, 621, 630, 633, 641, 643, 644, 645, 646, 647, 648, 649, 650, 652, 653, 655, 656, 664, 665, 667, 668, 669, 672, 722, 729, 737, 738, 740, 742, 744, 746, 747, 749, 750, 751, 752, 753, 759, 760, 761, 762, 763, 774, 779, 784, 785, 794, 795, 796, 797, 798, 799, 803, 816, 817, 818, 822, 823, 845, 848, 849, 850, 869, 870, 889, 898, 899, 903, 904, 921, 922, 923, 924, 925, 926, 927, 928, 931, 933, 934, 936, 937, 956, 957, 958, 959, 960, 961, 962, 963, 965, 966, 967, 972, 974, 975, 977, 989, 990, 991, 993, 1001, 1002, 1003, 1007, 1008, 1009, 1010, 1011, 1012, 1013, 1014, 1015, 1016, 1018, 1019, 1020, 1021, 1030, 1031, 1032, 1033, 1034, 1035, 1036, 1037, 1038, 1039, 1040, 1041, 1042, 1043, 1050, 1051, 1052, 1053, 1054, 1055, 1056, 1057, 1058, 1060, 1061, 1069, 1071, 1072, 1075], "summary": {"covered_lines": 417, "num_statements": 543, "percent_covered": 70.2888583218707, "percent_covered_display": "70", "missing_lines": 126, "excluded_lines": 0, "percent_statements_covered": 76.79558011049724, "percent_statements_covered_display": "77", "num_branches": 184, "num_partial_branches": 42, "covered_branches": 94, "missing_branches": 90, "percent_branches_covered": 51.08695652173913, "percent_branches_covered_display": "51"}, "missing_lines": [113, 114, 115, 116, 142, 146, 159, 163, 165, 168, 170, 172, 180, 218, 219, 233, 234, 235, 249, 250, 254, 307, 308, 312, 377, 378, 382, 408, 409, 412, 418, 419, 423, 452, 483, 487, 488, 494, 501, 511, 514, 515, 519, 520, 521, 523, 532, 535, 536, 537, 538, 539, 540, 547, 549, 556, 557, 558, 559, 560, 561, 562, 563, 564, 565, 566, 567, 568, 569, 570, 571, 572, 573, 574, 575, 576, 577, 578, 579, 580, 581, 582, 583, 584, 585, 586, 587, 588, 592, 600, 601, 604, 605, 651, 654, 666, 670, 671, 673, 693, 716, 717, 718, 719, 739, 741, 743, 745, 748, 771, 871, 872, 885, 886, 887, 900, 912, 913, 914, 920, 938, 939, 953, 954, 955, 1077], "excluded_lines": [], "start_line": 1, "executed_branches": [[121, 122], [121, 123], [141, 143], [143, 144], [143, 145], [145, 147], [147, 152], [147, 154], [152, 147], [152, 153], [154, 155], [154, 156], [156, 157], [156, 158], [158, 162], [162, 164], [164, 166], [166, 167], [166, 169], [167, 166], [169, 171], [171, 173], [173, 174], [173, 175], [176, 177], [176, 178], [179, 183], [194, 195], [194, 199], [220, 221], [220, 222], [231, 232], [252, -238], [252, 253], [253, 255], [256, 257], [311, 313], [324, 325], [324, 326], [326, 327], [381, 383], [383, 384], [411, 413], [416, 417], [443, 444], [443, 450], [454, 455], [482, 484], [493, 495], [500, 502], [510, 512], [517, 518], [522, 524], [529, 530], [529, 533], [531, 529], [534, 541], [546, 548], [548, 550], [550, 551], [550, 552], [554, 555], [619, 620], [619, 621], [648, 649], [650, 652], [653, 655], [656, 664], [656, 665], [665, 667], [738, 740], [740, 742], [742, 744], [744, 746], [747, 749], [751, 752], [751, 761], [761, 762], [784, 785], [784, 794], [899, 903], [1002, 1003], [1002, 1007], [1013, 1014], [1013, 1015], [1018, 1019], [1038, 1039], [1038, 1058], [1040, 1041], [1040, 1056], [1056, 1057], [1056, 1058], [1060, 1061], [1060, 1071]], "missing_branches": [[114, 115], [114, 116], [141, 142], [145, 146], [158, 159], [162, 163], [164, 165], [167, 168], [169, 170], [171, 172], [179, 180], [231, 233], [233, 234], [233, 235], [253, 254], [256, 252], [311, 312], [326, 333], [381, 382], [383, 389], [411, 412], [416, 418], [418, 419], [418, 423], [454, 461], [482, 483], [493, 494], [500, 501], [510, 511], [517, 519], [520, 508], [520, 521], [522, 523], [531, 532], [534, 535], [539, 540], [539, 541], [546, 547], [548, 549], [554, 556], [556, 557], [556, 566], [557, 558], [557, 559], [559, 560], [559, 561], [561, 562], [561, 563], [563, 564], [563, 565], [566, 567], [566, 568], [568, 569], [568, 570], [570, 571], [570, 572], [572, 573], [572, 574], [574, 575], [574, 576], [576, 577], [576, 578], [578, 579], [578, 580], [580, 581], [580, 582], [582, 583], [582, 584], [584, 585], [584, 586], [586, 587], [586, 588], [592, 600], [592, 601], [601, 604], [601, 605], [648, 693], [650, 651], [653, 654], [665, 666], [716, 717], [716, 718], [738, 739], [740, 741], [742, 743], [744, 745], [747, 748], [761, 771], [899, 900], [1018, 1038]]}}}}, "totals": {"covered_lines": 8221, "num_statements": 10243, "percent_covered": 76.61002115090074, "percent_covered_display": "77", "missing_lines": 2022, "excluded_lines": 60, "percent_statements_covered": 80.25968954407888, "percent_statements_covered_display": "80", "num_branches": 3468, "num_partial_branches": 791, "covered_branches": 2283, "missing_branches": 1185, "percent_branches_covered": 65.83044982698962, "percent_branches_covered_display": "66"}}